
============================================================
timestamp: 20260223_153109
stdout:
b'Keysight Technologies,N9000B,MY60251535,A.32.01\n'
Successfully sent setpoint 768.708843 THz to laser 390!
Successfully sent setpoint 709.079620 THz to laser 422!
[MCP] Applying MCP Voltage: 400.000, 2400.000, 2600.000

****************************************************************************************************
* Starting new scan
****************************************************************************************************

Scanning parameter tickle_frequency: 20.0 (1/61)
Scanning parameter tickle_frequency: 22.0 (2/61)
Scanning parameter tickle_frequency: 24.0 (3/61)
Scanning parameter tickle_frequency: 26.0 (4/61)
Scanning parameter tickle_frequency: 28.0 (5/61)
Scanning parameter tickle_frequency: 30.0 (6/61)
Scanning parameter tickle_frequency: 32.0 (7/61)
Scanning parameter tickle_frequency: 34.0 (8/61)
Scanning parameter tickle_frequency: 36.0 (9/61)
Scanning parameter tickle_frequency: 38.0 (10/61)
Laser error (Laser frequency of 422 is off, please fix it manually!)
Scanning parameter tickle_frequency: 40.0 (11/61)
Scanning parameter tickle_frequency: 42.0 (12/61)
Scanning parameter tickle_frequency: 44.0 (13/61)
Scanning parameter tickle_frequency: 46.0 (14/61)
Scanning parameter tickle_frequency: 48.0 (15/61)
Scanning parameter tickle_frequency: 50.0 (16/61)
Scanning parameter tickle_frequency: 52.0 (17/61)
Scanning parameter tickle_frequency: 54.0 (18/61)
Scanning parameter tickle_frequency: 56.0 (19/61)
Scanning parameter tickle_frequency: 58.0 (20/61)
Scanning parameter tickle_frequency: 60.0 (21/61)
Scanning parameter tickle_frequency: 62.0 (22/61)
Scanning parameter tickle_frequency: 64.0 (23/61)
Scanning parameter tickle_frequency: 66.0 (24/61)
Scanning parameter tickle_frequency: 68.0 (25/61)
Scanning parameter tickle_frequency: 70.0 (26/61)
Scanning parameter tickle_frequency: 72.0 (27/61)
Scanning parameter tickle_frequency: 74.0 (28/61)
Scanning parameter tickle_frequency: 76.0 (29/61)
Scanning parameter tickle_frequency: 78.0 (30/61)
Scanning parameter tickle_frequency: 80.0 (31/61)
Scanning parameter tickle_frequency: 82.0 (32/61)
Scanning parameter tickle_frequency: 84.0 (33/61)
Scanning parameter tickle_frequency: 86.0 (34/61)
Scanning parameter tickle_frequency: 88.0 (35/61)
Scanning parameter tickle_frequency: 90.0 (36/61)
Scanning parameter tickle_frequency: 92.0 (37/61)
Scanning parameter tickle_frequency: 94.0 (38/61)
Scanning parameter tickle_frequency: 96.0 (39/61)
Scanning parameter tickle_frequency: 98.0 (40/61)
Scanning parameter tickle_frequency: 100.0 (41/61)
Scanning parameter tickle_frequency: 102.0 (42/61)
Scanning parameter tickle_frequency: 104.0 (43/61)
Scanning parameter tickle_frequency: 106.0 (44/61)
Scanning parameter tickle_frequency: 108.0 (45/61)
Scanning parameter tickle_frequency: 110.0 (46/61)
Scanning parameter tickle_frequency: 112.0 (47/61)
Scanning parameter tickle_frequency: 114.0 (48/61)
Scanning parameter tickle_frequency: 116.0 (49/61)
Scanning parameter tickle_frequency: 118.0 (50/61)
Scanning parameter tickle_frequency: 120.0 (51/61)
Scanning parameter tickle_frequency: 122.0 (52/61)
Scanning parameter tickle_frequency: 124.0 (53/61)
Scanning parameter tickle_frequency: 126.0 (54/61)
Scanning parameter tickle_frequency: 128.0 (55/61)
Scanning parameter tickle_frequency: 130.0 (56/61)
Scanning parameter tickle_frequency: 132.0 (57/61)
Scanning parameter tickle_frequency: 134.0 (58/61)
Scanning parameter tickle_frequency: 136.0 (59/61)
Scanning parameter tickle_frequency: 138.0 (60/61)
Scanning parameter tickle_frequency: 140.0 (61/61)
[Error] Failed to close the extraction pulse and AOM controller
Saving data...
Config file written.
Experiment /home/electrons/software/data/20260223/20260223_153109 finished.
Experiment finished.
  48.  50.  52.  54.  56.  58.  60.  62.  64.  66.  68.  70.  72.  74.
  76.  78.  80.  82.  84.  86.  88.  90.  92.  94.  96.  98. 100. 102.
 104. 106. 108. 110. 112. 114. 116. 118. 120. 122. 124. 126. 128. 130.
 132. 134. 136. 138. 140.]


stderr:
Traceback (most recent call last):
  File "/home/electrons/software/Electrons_Artiq_Sequences/artiq-master/repository/helper_functions/analyze_functions.py", line 119, in close_instruments
    self.ext_pulser.close()
  File "/home/electrons/software/Electrons_Artiq_Sequences/drivers/bk_4053.py", line 56, in close
    self.socket.shutdown(socket.SHUT_RDWR)
OSError: [Errno 107] Transport endpoint is not connected
/home/electrons/software/Electrons_Artiq_Sequences/artiq-master/repository/helper_functions/analyze_functions.py:226: VisibleDeprecationWarning: Creating an ndarray from ragged nested sequences (which is a list-or-tuple of lists-or-tuples-or ndarrays with different lengths or shapes) is deprecated. If you meant to do this, you must specify 'dtype=object' when creating the ndarray.
  arr = np.array(self.get_dataset(hlp['var']))

============================================================

============================================================
timestamp: 20260223_153621
stdout:
b'Keysight Technologies,N9000B,MY60251535,A.32.01\n'
Successfully sent setpoint 768.708843 THz to laser 390!
Successfully sent setpoint 709.079620 THz to laser 422!
[MCP] Applying MCP Voltage: 400.000, 2400.000, 2600.000

****************************************************************************************************
* Starting new scan
****************************************************************************************************

Scanning parameter tickle_frequency: 20.0 (1/61)
Scanning parameter tickle_frequency: 22.0 (2/61)
Scanning parameter tickle_frequency: 24.0 (3/61)
Laser error (Laser frequency of 422 is off, please fix it manually!)
Scanning parameter tickle_frequency: 26.0 (4/61)
Scanning parameter tickle_frequency: 28.0 (5/61)
Scanning parameter tickle_frequency: 30.0 (6/61)
Scanning parameter tickle_frequency: 32.0 (7/61)
Scanning parameter tickle_frequency: 34.0 (8/61)
Scanning parameter tickle_frequency: 36.0 (9/61)
Scanning parameter tickle_frequency: 38.0 (10/61)
Scanning parameter tickle_frequency: 40.0 (11/61)
Scanning parameter tickle_frequency: 42.0 (12/61)
Scanning parameter tickle_frequency: 44.0 (13/61)
Scanning parameter tickle_frequency: 46.0 (14/61)
Scanning parameter tickle_frequency: 48.0 (15/61)
Scanning parameter tickle_frequency: 50.0 (16/61)
Scanning parameter tickle_frequency: 52.0 (17/61)
Scanning parameter tickle_frequency: 54.0 (18/61)
Scanning parameter tickle_frequency: 56.0 (19/61)
Scanning parameter tickle_frequency: 58.0 (20/61)
Scanning parameter tickle_frequency: 60.0 (21/61)
Scanning parameter tickle_frequency: 62.0 (22/61)
Scanning parameter tickle_frequency: 64.0 (23/61)
Scanning parameter tickle_frequency: 66.0 (24/61)
Scanning parameter tickle_frequency: 68.0 (25/61)
Scanning parameter tickle_frequency: 70.0 (26/61)
Scanning parameter tickle_frequency: 72.0 (27/61)
Scanning parameter tickle_frequency: 74.0 (28/61)
Scanning parameter tickle_frequency: 76.0 (29/61)
Scanning parameter tickle_frequency: 78.0 (30/61)
Scanning parameter tickle_frequency: 80.0 (31/61)
Scanning parameter tickle_frequency: 82.0 (32/61)
Scanning parameter tickle_frequency: 84.0 (33/61)
Scanning parameter tickle_frequency: 86.0 (34/61)
Scanning parameter tickle_frequency: 88.0 (35/61)
Scanning parameter tickle_frequency: 90.0 (36/61)
Scanning parameter tickle_frequency: 92.0 (37/61)
Scanning parameter tickle_frequency: 94.0 (38/61)
Scanning parameter tickle_frequency: 96.0 (39/61)
Laser error (Laser frequency of 422 is off, please fix it manually!)
Scanning parameter tickle_frequency: 98.0 (40/61)
Scanning parameter tickle_frequency: 100.0 (41/61)
Scanning parameter tickle_frequency: 102.0 (42/61)
Scanning parameter tickle_frequency: 104.0 (43/61)
Scanning parameter tickle_frequency: 106.0 (44/61)
Scanning parameter tickle_frequency: 108.0 (45/61)
Scanning parameter tickle_frequency: 110.0 (46/61)
Scanning parameter tickle_frequency: 112.0 (47/61)
Scanning parameter tickle_frequency: 114.0 (48/61)
Scanning parameter tickle_frequency: 116.0 (49/61)
Scanning parameter tickle_frequency: 118.0 (50/61)
Scanning parameter tickle_frequency: 120.0 (51/61)
Scanning parameter tickle_frequency: 122.0 (52/61)
Scanning parameter tickle_frequency: 124.0 (53/61)
Scanning parameter tickle_frequency: 126.0 (54/61)
Scanning parameter tickle_frequency: 128.0 (55/61)
Scanning parameter tickle_frequency: 130.0 (56/61)
Scanning parameter tickle_frequency: 132.0 (57/61)
Scanning parameter tickle_frequency: 134.0 (58/61)
Scanning parameter tickle_frequency: 136.0 (59/61)
Scanning parameter tickle_frequency: 138.0 (60/61)
Scanning parameter tickle_frequency: 140.0 (61/61)
[Error] Failed to close the extraction pulse and AOM controller
Saving data...
Config file written.
Experiment /home/electrons/software/data/20260223/20260223_153621 finished.
Experiment finished.
  48.  50.  52.  54.  56.  58.  60.  62.  64.  66.  68.  70.  72.  74.
  76.  78.  80.  82.  84.  86.  88.  90.  92.  94.  96.  98. 100. 102.
 104. 106. 108. 110. 112. 114. 116. 118. 120. 122. 124. 126. 128. 130.
 132. 134. 136. 138. 140.]


stderr:
Traceback (most recent call last):
  File "/home/electrons/software/Electrons_Artiq_Sequences/artiq-master/repository/helper_functions/analyze_functions.py", line 119, in close_instruments
    self.ext_pulser.close()
  File "/home/electrons/software/Electrons_Artiq_Sequences/drivers/bk_4053.py", line 56, in close
    self.socket.shutdown(socket.SHUT_RDWR)
OSError: [Errno 107] Transport endpoint is not connected
/home/electrons/software/Electrons_Artiq_Sequences/artiq-master/repository/helper_functions/analyze_functions.py:226: VisibleDeprecationWarning: Creating an ndarray from ragged nested sequences (which is a list-or-tuple of lists-or-tuples-or ndarrays with different lengths or shapes) is deprecated. If you meant to do this, you must specify 'dtype=object' when creating the ndarray.
  arr = np.array(self.get_dataset(hlp['var']))

============================================================

============================================================
timestamp: 20260223_154132
stdout:
b'Keysight Technologies,N9000B,MY60251535,A.32.01\n'
Successfully sent setpoint 768.708843 THz to laser 390!
Successfully sent setpoint 709.079620 THz to laser 422!
[MCP] Applying MCP Voltage: 400.000, 2400.000, 2600.000

****************************************************************************************************
* Starting new scan
****************************************************************************************************

Scanning parameter tickle_frequency: 20.0 (1/61)
Scanning parameter tickle_frequency: 22.0 (2/61)
Scanning parameter tickle_frequency: 24.0 (3/61)
Scanning parameter tickle_frequency: 26.0 (4/61)
Scanning parameter tickle_frequency: 28.0 (5/61)
Scanning parameter tickle_frequency: 30.0 (6/61)
Scanning parameter tickle_frequency: 32.0 (7/61)
Scanning parameter tickle_frequency: 34.0 (8/61)
Scanning parameter tickle_frequency: 36.0 (9/61)
Scanning parameter tickle_frequency: 38.0 (10/61)
Scanning parameter tickle_frequency: 40.0 (11/61)
Scanning parameter tickle_frequency: 42.0 (12/61)
Scanning parameter tickle_frequency: 44.0 (13/61)
Scanning parameter tickle_frequency: 46.0 (14/61)
Scanning parameter tickle_frequency: 48.0 (15/61)
Scanning parameter tickle_frequency: 50.0 (16/61)
Scanning parameter tickle_frequency: 52.0 (17/61)
Scanning parameter tickle_frequency: 54.0 (18/61)
Scanning parameter tickle_frequency: 56.0 (19/61)
Scanning parameter tickle_frequency: 58.0 (20/61)
Scanning parameter tickle_frequency: 60.0 (21/61)
Scanning parameter tickle_frequency: 62.0 (22/61)
Scanning parameter tickle_frequency: 64.0 (23/61)
Scanning parameter tickle_frequency: 66.0 (24/61)
Scanning parameter tickle_frequency: 68.0 (25/61)
Scanning parameter tickle_frequency: 70.0 (26/61)
Scanning parameter tickle_frequency: 72.0 (27/61)
Scanning parameter tickle_frequency: 74.0 (28/61)
Scanning parameter tickle_frequency: 76.0 (29/61)
Scanning parameter tickle_frequency: 78.0 (30/61)
Scanning parameter tickle_frequency: 80.0 (31/61)
Scanning parameter tickle_frequency: 82.0 (32/61)
Scanning parameter tickle_frequency: 84.0 (33/61)
Scanning parameter tickle_frequency: 86.0 (34/61)
Scanning parameter tickle_frequency: 88.0 (35/61)
Scanning parameter tickle_frequency: 90.0 (36/61)
Scanning parameter tickle_frequency: 92.0 (37/61)
Scanning parameter tickle_frequency: 94.0 (38/61)
Scanning parameter tickle_frequency: 96.0 (39/61)
Scanning parameter tickle_frequency: 98.0 (40/61)
Scanning parameter tickle_frequency: 100.0 (41/61)
Scanning parameter tickle_frequency: 102.0 (42/61)
Scanning parameter tickle_frequency: 104.0 (43/61)
Scanning parameter tickle_frequency: 106.0 (44/61)
Scanning parameter tickle_frequency: 108.0 (45/61)
Scanning parameter tickle_frequency: 110.0 (46/61)
Scanning parameter tickle_frequency: 112.0 (47/61)
Scanning parameter tickle_frequency: 114.0 (48/61)
Scanning parameter tickle_frequency: 116.0 (49/61)
Scanning parameter tickle_frequency: 118.0 (50/61)
Scanning parameter tickle_frequency: 120.0 (51/61)
Scanning parameter tickle_frequency: 122.0 (52/61)
Scanning parameter tickle_frequency: 124.0 (53/61)
Scanning parameter tickle_frequency: 126.0 (54/61)
Scanning parameter tickle_frequency: 128.0 (55/61)
Scanning parameter tickle_frequency: 130.0 (56/61)
Laser error (Laser frequency of 422 is off, please fix it manually!)
Scanning parameter tickle_frequency: 132.0 (57/61)
Scanning parameter tickle_frequency: 134.0 (58/61)
Scanning parameter tickle_frequency: 136.0 (59/61)
Scanning parameter tickle_frequency: 138.0 (60/61)
Scanning parameter tickle_frequency: 140.0 (61/61)
[Error] Failed to close the extraction pulse and AOM controller
Saving data...
Config file written.
Experiment /home/electrons/software/data/20260223/20260223_154132 finished.
Experiment finished.
  48.  50.  52.  54.  56.  58.  60.  62.  64.  66.  68.  70.  72.  74.
  76.  78.  80.  82.  84.  86.  88.  90.  92.  94.  96.  98. 100. 102.
 104. 106. 108. 110. 112. 114. 116. 118. 120. 122. 124. 126. 128. 130.
 132. 134. 136. 138. 140.]


stderr:
Traceback (most recent call last):
  File "/home/electrons/software/Electrons_Artiq_Sequences/artiq-master/repository/helper_functions/analyze_functions.py", line 119, in close_instruments
    self.ext_pulser.close()
  File "/home/electrons/software/Electrons_Artiq_Sequences/drivers/bk_4053.py", line 56, in close
    self.socket.shutdown(socket.SHUT_RDWR)
OSError: [Errno 107] Transport endpoint is not connected
/home/electrons/software/Electrons_Artiq_Sequences/artiq-master/repository/helper_functions/analyze_functions.py:226: VisibleDeprecationWarning: Creating an ndarray from ragged nested sequences (which is a list-or-tuple of lists-or-tuples-or ndarrays with different lengths or shapes) is deprecated. If you meant to do this, you must specify 'dtype=object' when creating the ndarray.
  arr = np.array(self.get_dataset(hlp['var']))

============================================================

============================================================
timestamp: 20260223_154644
stdout:
b'Keysight Technologies,N9000B,MY60251535,A.32.01\n'
Successfully sent setpoint 768.708843 THz to laser 390!
Successfully sent setpoint 709.079620 THz to laser 422!
[MCP] Applying MCP Voltage: 400.000, 2400.000, 2600.000

****************************************************************************************************
* Starting new scan
****************************************************************************************************

Scanning parameter tickle_frequency: 20.0 (1/61)
Scanning parameter tickle_frequency: 22.0 (2/61)
Scanning parameter tickle_frequency: 24.0 (3/61)
Scanning parameter tickle_frequency: 26.0 (4/61)
Scanning parameter tickle_frequency: 28.0 (5/61)
Scanning parameter tickle_frequency: 30.0 (6/61)
Scanning parameter tickle_frequency: 32.0 (7/61)
Scanning parameter tickle_frequency: 34.0 (8/61)
Scanning parameter tickle_frequency: 36.0 (9/61)
Scanning parameter tickle_frequency: 38.0 (10/61)
Scanning parameter tickle_frequency: 40.0 (11/61)
Scanning parameter tickle_frequency: 42.0 (12/61)
Scanning parameter tickle_frequency: 44.0 (13/61)
Scanning parameter tickle_frequency: 46.0 (14/61)
Scanning parameter tickle_frequency: 48.0 (15/61)
Scanning parameter tickle_frequency: 50.0 (16/61)
Scanning parameter tickle_frequency: 52.0 (17/61)
Scanning parameter tickle_frequency: 54.0 (18/61)
Scanning parameter tickle_frequency: 56.0 (19/61)
Scanning parameter tickle_frequency: 58.0 (20/61)
Scanning parameter tickle_frequency: 60.0 (21/61)
Scanning parameter tickle_frequency: 62.0 (22/61)
Scanning parameter tickle_frequency: 64.0 (23/61)
Scanning parameter tickle_frequency: 66.0 (24/61)
Scanning parameter tickle_frequency: 68.0 (25/61)
Scanning parameter tickle_frequency: 70.0 (26/61)
Scanning parameter tickle_frequency: 72.0 (27/61)
Scanning parameter tickle_frequency: 74.0 (28/61)
Scanning parameter tickle_frequency: 76.0 (29/61)
Scanning parameter tickle_frequency: 78.0 (30/61)
Scanning parameter tickle_frequency: 80.0 (31/61)
Scanning parameter tickle_frequency: 82.0 (32/61)
Scanning parameter tickle_frequency: 84.0 (33/61)
Scanning parameter tickle_frequency: 86.0 (34/61)
Scanning parameter tickle_frequency: 88.0 (35/61)
Scanning parameter tickle_frequency: 90.0 (36/61)
Scanning parameter tickle_frequency: 92.0 (37/61)
Scanning parameter tickle_frequency: 94.0 (38/61)
Scanning parameter tickle_frequency: 96.0 (39/61)
Scanning parameter tickle_frequency: 98.0 (40/61)
Scanning parameter tickle_frequency: 100.0 (41/61)
Scanning parameter tickle_frequency: 102.0 (42/61)
Scanning parameter tickle_frequency: 104.0 (43/61)
Scanning parameter tickle_frequency: 106.0 (44/61)
Scanning parameter tickle_frequency: 108.0 (45/61)
Scanning parameter tickle_frequency: 110.0 (46/61)
Scanning parameter tickle_frequency: 112.0 (47/61)
Scanning parameter tickle_frequency: 114.0 (48/61)
Scanning parameter tickle_frequency: 116.0 (49/61)
Scanning parameter tickle_frequency: 118.0 (50/61)
Scanning parameter tickle_frequency: 120.0 (51/61)
Scanning parameter tickle_frequency: 122.0 (52/61)
Scanning parameter tickle_frequency: 124.0 (53/61)
Scanning parameter tickle_frequency: 126.0 (54/61)
Scanning parameter tickle_frequency: 128.0 (55/61)
Scanning parameter tickle_frequency: 130.0 (56/61)
Scanning parameter tickle_frequency: 132.0 (57/61)
Scanning parameter tickle_frequency: 134.0 (58/61)
Scanning parameter tickle_frequency: 136.0 (59/61)
Scanning parameter tickle_frequency: 138.0 (60/61)
Scanning parameter tickle_frequency: 140.0 (61/61)
Laser error (Laser frequency of 422 is off, please fix it manually!)
[Error] Failed to close the extraction pulse and AOM controller
Saving data...
Config file written.
Experiment /home/electrons/software/data/20260223/20260223_154644 finished.
Experiment finished.
  48.  50.  52.  54.  56.  58.  60.  62.  64.  66.  68.  70.  72.  74.
  76.  78.  80.  82.  84.  86.  88.  90.  92.  94.  96.  98. 100. 102.
 104. 106. 108. 110. 112. 114. 116. 118. 120. 122. 124. 126. 128. 130.
 132. 134. 136. 138. 140.]


stderr:
Traceback (most recent call last):
  File "/home/electrons/software/Electrons_Artiq_Sequences/artiq-master/repository/helper_functions/analyze_functions.py", line 119, in close_instruments
    self.ext_pulser.close()
  File "/home/electrons/software/Electrons_Artiq_Sequences/drivers/bk_4053.py", line 56, in close
    self.socket.shutdown(socket.SHUT_RDWR)
OSError: [Errno 107] Transport endpoint is not connected
/home/electrons/software/Electrons_Artiq_Sequences/artiq-master/repository/helper_functions/analyze_functions.py:226: VisibleDeprecationWarning: Creating an ndarray from ragged nested sequences (which is a list-or-tuple of lists-or-tuples-or ndarrays with different lengths or shapes) is deprecated. If you meant to do this, you must specify 'dtype=object' when creating the ndarray.
  arr = np.array(self.get_dataset(hlp['var']))

============================================================

============================================================
timestamp: 20260223_155156
stdout:
b'Keysight Technologies,N9000B,MY60251535,A.32.01\n'
Successfully sent setpoint 768.708843 THz to laser 390!
Successfully sent setpoint 709.079620 THz to laser 422!
[MCP] Applying MCP Voltage: 400.000, 2400.000, 2600.000

****************************************************************************************************
* Starting new scan
****************************************************************************************************

Scanning parameter tickle_frequency: 20.0 (1/61)
Scanning parameter tickle_frequency: 22.0 (2/61)
Scanning parameter tickle_frequency: 24.0 (3/61)
Scanning parameter tickle_frequency: 26.0 (4/61)
Scanning parameter tickle_frequency: 28.0 (5/61)
Scanning parameter tickle_frequency: 30.0 (6/61)
Scanning parameter tickle_frequency: 32.0 (7/61)
Scanning parameter tickle_frequency: 34.0 (8/61)
Scanning parameter tickle_frequency: 36.0 (9/61)
Scanning parameter tickle_frequency: 38.0 (10/61)
Scanning parameter tickle_frequency: 40.0 (11/61)
Scanning parameter tickle_frequency: 42.0 (12/61)
Scanning parameter tickle_frequency: 44.0 (13/61)
Scanning parameter tickle_frequency: 46.0 (14/61)
Scanning parameter tickle_frequency: 48.0 (15/61)
Scanning parameter tickle_frequency: 50.0 (16/61)
Scanning parameter tickle_frequency: 52.0 (17/61)
Scanning parameter tickle_frequency: 54.0 (18/61)
Scanning parameter tickle_frequency: 56.0 (19/61)
Scanning parameter tickle_frequency: 58.0 (20/61)
Scanning parameter tickle_frequency: 60.0 (21/61)
Laser error (Laser frequency of 422 is off, please fix it manually!)
Scanning parameter tickle_frequency: 62.0 (22/61)
Scanning parameter tickle_frequency: 64.0 (23/61)
Scanning parameter tickle_frequency: 66.0 (24/61)
Scanning parameter tickle_frequency: 68.0 (25/61)
Scanning parameter tickle_frequency: 70.0 (26/61)
Scanning parameter tickle_frequency: 72.0 (27/61)
Scanning parameter tickle_frequency: 74.0 (28/61)
Scanning parameter tickle_frequency: 76.0 (29/61)
Scanning parameter tickle_frequency: 78.0 (30/61)
Scanning parameter tickle_frequency: 80.0 (31/61)
Scanning parameter tickle_frequency: 82.0 (32/61)
Scanning parameter tickle_frequency: 84.0 (33/61)
Scanning parameter tickle_frequency: 86.0 (34/61)
Scanning parameter tickle_frequency: 88.0 (35/61)
Scanning parameter tickle_frequency: 90.0 (36/61)
Scanning parameter tickle_frequency: 92.0 (37/61)
Scanning parameter tickle_frequency: 94.0 (38/61)
Scanning parameter tickle_frequency: 96.0 (39/61)
Scanning parameter tickle_frequency: 98.0 (40/61)
Scanning parameter tickle_frequency: 100.0 (41/61)
Scanning parameter tickle_frequency: 102.0 (42/61)
Scanning parameter tickle_frequency: 104.0 (43/61)
Scanning parameter tickle_frequency: 106.0 (44/61)
Scanning parameter tickle_frequency: 108.0 (45/61)
Scanning parameter tickle_frequency: 110.0 (46/61)
Scanning parameter tickle_frequency: 112.0 (47/61)
Scanning parameter tickle_frequency: 114.0 (48/61)
Scanning parameter tickle_frequency: 116.0 (49/61)
Scanning parameter tickle_frequency: 118.0 (50/61)
Scanning parameter tickle_frequency: 120.0 (51/61)
Scanning parameter tickle_frequency: 122.0 (52/61)
Scanning parameter tickle_frequency: 124.0 (53/61)
Scanning parameter tickle_frequency: 126.0 (54/61)
Scanning parameter tickle_frequency: 128.0 (55/61)
Scanning parameter tickle_frequency: 130.0 (56/61)
Scanning parameter tickle_frequency: 132.0 (57/61)
Scanning parameter tickle_frequency: 134.0 (58/61)
Scanning parameter tickle_frequency: 136.0 (59/61)
Scanning parameter tickle_frequency: 138.0 (60/61)
Scanning parameter tickle_frequency: 140.0 (61/61)
[Error] Failed to close the extraction pulse and AOM controller
Saving data...
Config file written.
Experiment /home/electrons/software/data/20260223/20260223_155156 finished.
Experiment finished.
  48.  50.  52.  54.  56.  58.  60.  62.  64.  66.  68.  70.  72.  74.
  76.  78.  80.  82.  84.  86.  88.  90.  92.  94.  96.  98. 100. 102.
 104. 106. 108. 110. 112. 114. 116. 118. 120. 122. 124. 126. 128. 130.
 132. 134. 136. 138. 140.]


stderr:
Traceback (most recent call last):
  File "/home/electrons/software/Electrons_Artiq_Sequences/artiq-master/repository/helper_functions/analyze_functions.py", line 119, in close_instruments
    self.ext_pulser.close()
  File "/home/electrons/software/Electrons_Artiq_Sequences/drivers/bk_4053.py", line 56, in close
    self.socket.shutdown(socket.SHUT_RDWR)
OSError: [Errno 107] Transport endpoint is not connected
/home/electrons/software/Electrons_Artiq_Sequences/artiq-master/repository/helper_functions/analyze_functions.py:226: VisibleDeprecationWarning: Creating an ndarray from ragged nested sequences (which is a list-or-tuple of lists-or-tuples-or ndarrays with different lengths or shapes) is deprecated. If you meant to do this, you must specify 'dtype=object' when creating the ndarray.
  arr = np.array(self.get_dataset(hlp['var']))

============================================================

============================================================
timestamp: 20260223_155707
stdout:
b'Keysight Technologies,N9000B,MY60251535,A.32.01\n'
Successfully sent setpoint 768.708843 THz to laser 390!
Successfully sent setpoint 709.079620 THz to laser 422!
[MCP] Applying MCP Voltage: 400.000, 2400.000, 2600.000

****************************************************************************************************
* Starting new scan
****************************************************************************************************

Scanning parameter tickle_frequency: 20.0 (1/61)
Scanning parameter tickle_frequency: 22.0 (2/61)
Scanning parameter tickle_frequency: 24.0 (3/61)
Scanning parameter tickle_frequency: 26.0 (4/61)
Scanning parameter tickle_frequency: 28.0 (5/61)
Scanning parameter tickle_frequency: 30.0 (6/61)
Scanning parameter tickle_frequency: 32.0 (7/61)
Scanning parameter tickle_frequency: 34.0 (8/61)
Scanning parameter tickle_frequency: 36.0 (9/61)
Scanning parameter tickle_frequency: 38.0 (10/61)
Scanning parameter tickle_frequency: 40.0 (11/61)
Scanning parameter tickle_frequency: 42.0 (12/61)
Scanning parameter tickle_frequency: 44.0 (13/61)
Scanning parameter tickle_frequency: 46.0 (14/61)
Scanning parameter tickle_frequency: 48.0 (15/61)
Scanning parameter tickle_frequency: 50.0 (16/61)
Scanning parameter tickle_frequency: 52.0 (17/61)
Scanning parameter tickle_frequency: 54.0 (18/61)
Scanning parameter tickle_frequency: 56.0 (19/61)
Scanning parameter tickle_frequency: 58.0 (20/61)
Scanning parameter tickle_frequency: 60.0 (21/61)
Scanning parameter tickle_frequency: 62.0 (22/61)
Scanning parameter tickle_frequency: 64.0 (23/61)
Scanning parameter tickle_frequency: 66.0 (24/61)
Scanning parameter tickle_frequency: 68.0 (25/61)
Scanning parameter tickle_frequency: 70.0 (26/61)
Laser error (Laser frequency of 422 is off, please fix it manually!)
Scanning parameter tickle_frequency: 72.0 (27/61)
Scanning parameter tickle_frequency: 74.0 (28/61)
Scanning parameter tickle_frequency: 76.0 (29/61)
Scanning parameter tickle_frequency: 78.0 (30/61)
Scanning parameter tickle_frequency: 80.0 (31/61)
Scanning parameter tickle_frequency: 82.0 (32/61)
Scanning parameter tickle_frequency: 84.0 (33/61)
Scanning parameter tickle_frequency: 86.0 (34/61)
Scanning parameter tickle_frequency: 88.0 (35/61)
Scanning parameter tickle_frequency: 90.0 (36/61)
Scanning parameter tickle_frequency: 92.0 (37/61)
Scanning parameter tickle_frequency: 94.0 (38/61)
Scanning parameter tickle_frequency: 96.0 (39/61)
Scanning parameter tickle_frequency: 98.0 (40/61)
Scanning parameter tickle_frequency: 100.0 (41/61)
Scanning parameter tickle_frequency: 102.0 (42/61)
Scanning parameter tickle_frequency: 104.0 (43/61)
Scanning parameter tickle_frequency: 106.0 (44/61)
Scanning parameter tickle_frequency: 108.0 (45/61)
Scanning parameter tickle_frequency: 110.0 (46/61)
Scanning parameter tickle_frequency: 112.0 (47/61)
Scanning parameter tickle_frequency: 114.0 (48/61)
Scanning parameter tickle_frequency: 116.0 (49/61)
Scanning parameter tickle_frequency: 118.0 (50/61)
Scanning parameter tickle_frequency: 120.0 (51/61)
Scanning parameter tickle_frequency: 122.0 (52/61)
Scanning parameter tickle_frequency: 124.0 (53/61)
Scanning parameter tickle_frequency: 126.0 (54/61)
Scanning parameter tickle_frequency: 128.0 (55/61)
Scanning parameter tickle_frequency: 130.0 (56/61)
Scanning parameter tickle_frequency: 132.0 (57/61)
Scanning parameter tickle_frequency: 134.0 (58/61)
Scanning parameter tickle_frequency: 136.0 (59/61)
Scanning parameter tickle_frequency: 138.0 (60/61)
Scanning parameter tickle_frequency: 140.0 (61/61)
[Error] Failed to close the extraction pulse and AOM controller
Saving data...
Config file written.
Experiment /home/electrons/software/data/20260223/20260223_155707 finished.
Experiment finished.
  48.  50.  52.  54.  56.  58.  60.  62.  64.  66.  68.  70.  72.  74.
  76.  78.  80.  82.  84.  86.  88.  90.  92.  94.  96.  98. 100. 102.
 104. 106. 108. 110. 112. 114. 116. 118. 120. 122. 124. 126. 128. 130.
 132. 134. 136. 138. 140.]


stderr:
Traceback (most recent call last):
  File "/home/electrons/software/Electrons_Artiq_Sequences/artiq-master/repository/helper_functions/analyze_functions.py", line 119, in close_instruments
    self.ext_pulser.close()
  File "/home/electrons/software/Electrons_Artiq_Sequences/drivers/bk_4053.py", line 56, in close
    self.socket.shutdown(socket.SHUT_RDWR)
OSError: [Errno 107] Transport endpoint is not connected
/home/electrons/software/Electrons_Artiq_Sequences/artiq-master/repository/helper_functions/analyze_functions.py:226: VisibleDeprecationWarning: Creating an ndarray from ragged nested sequences (which is a list-or-tuple of lists-or-tuples-or ndarrays with different lengths or shapes) is deprecated. If you meant to do this, you must specify 'dtype=object' when creating the ndarray.
  arr = np.array(self.get_dataset(hlp['var']))

============================================================

============================================================
timestamp: 20260223_160218
stdout:
b'Keysight Technologies,N9000B,MY60251535,A.32.01\n'
Successfully sent setpoint 768.708843 THz to laser 390!
Successfully sent setpoint 709.079620 THz to laser 422!
[MCP] Applying MCP Voltage: 400.000, 2400.000, 2600.000

****************************************************************************************************
* Starting new scan
****************************************************************************************************

Scanning parameter tickle_frequency: 20.0 (1/61)
Scanning parameter tickle_frequency: 22.0 (2/61)
Scanning parameter tickle_frequency: 24.0 (3/61)
Scanning parameter tickle_frequency: 26.0 (4/61)
Scanning parameter tickle_frequency: 28.0 (5/61)
Scanning parameter tickle_frequency: 30.0 (6/61)
Scanning parameter tickle_frequency: 32.0 (7/61)
Scanning parameter tickle_frequency: 34.0 (8/61)
Scanning parameter tickle_frequency: 36.0 (9/61)
Scanning parameter tickle_frequency: 38.0 (10/61)
Scanning parameter tickle_frequency: 40.0 (11/61)
Scanning parameter tickle_frequency: 42.0 (12/61)
Scanning parameter tickle_frequency: 44.0 (13/61)
Scanning parameter tickle_frequency: 46.0 (14/61)
Scanning parameter tickle_frequency: 48.0 (15/61)
Scanning parameter tickle_frequency: 50.0 (16/61)
Scanning parameter tickle_frequency: 52.0 (17/61)
Scanning parameter tickle_frequency: 54.0 (18/61)
Scanning parameter tickle_frequency: 56.0 (19/61)
Scanning parameter tickle_frequency: 58.0 (20/61)
Scanning parameter tickle_frequency: 60.0 (21/61)
Scanning parameter tickle_frequency: 62.0 (22/61)
Scanning parameter tickle_frequency: 64.0 (23/61)
Scanning parameter tickle_frequency: 66.0 (24/61)
Scanning parameter tickle_frequency: 68.0 (25/61)
Scanning parameter tickle_frequency: 70.0 (26/61)
Scanning parameter tickle_frequency: 72.0 (27/61)
Scanning parameter tickle_frequency: 74.0 (28/61)
Scanning parameter tickle_frequency: 76.0 (29/61)
Scanning parameter tickle_frequency: 78.0 (30/61)
Scanning parameter tickle_frequency: 80.0 (31/61)
Scanning parameter tickle_frequency: 82.0 (32/61)
Scanning parameter tickle_frequency: 84.0 (33/61)
Scanning parameter tickle_frequency: 86.0 (34/61)
Scanning parameter tickle_frequency: 88.0 (35/61)
Scanning parameter tickle_frequency: 90.0 (36/61)
Scanning parameter tickle_frequency: 92.0 (37/61)
Scanning parameter tickle_frequency: 94.0 (38/61)
Scanning parameter tickle_frequency: 96.0 (39/61)
Scanning parameter tickle_frequency: 98.0 (40/61)
Scanning parameter tickle_frequency: 100.0 (41/61)
Scanning parameter tickle_frequency: 102.0 (42/61)
Scanning parameter tickle_frequency: 104.0 (43/61)
Scanning parameter tickle_frequency: 106.0 (44/61)
Scanning parameter tickle_frequency: 108.0 (45/61)
Scanning parameter tickle_frequency: 110.0 (46/61)
Scanning parameter tickle_frequency: 112.0 (47/61)
Scanning parameter tickle_frequency: 114.0 (48/61)
Scanning parameter tickle_frequency: 116.0 (49/61)
Scanning parameter tickle_frequency: 118.0 (50/61)
Scanning parameter tickle_frequency: 120.0 (51/61)
Scanning parameter tickle_frequency: 122.0 (52/61)
Scanning parameter tickle_frequency: 124.0 (53/61)
Scanning parameter tickle_frequency: 126.0 (54/61)
Scanning parameter tickle_frequency: 128.0 (55/61)
Scanning parameter tickle_frequency: 130.0 (56/61)
Scanning parameter tickle_frequency: 132.0 (57/61)
Scanning parameter tickle_frequency: 134.0 (58/61)
Scanning parameter tickle_frequency: 136.0 (59/61)
Scanning parameter tickle_frequency: 138.0 (60/61)
Scanning parameter tickle_frequency: 140.0 (61/61)
[Error] Failed to close the extraction pulse and AOM controller
Saving data...
Config file written.
Experiment /home/electrons/software/data/20260223/20260223_160218 finished.
Experiment finished.
  48.  50.  52.  54.  56.  58.  60.  62.  64.  66.  68.  70.  72.  74.
  76.  78.  80.  82.  84.  86.  88.  90.  92.  94.  96.  98. 100. 102.
 104. 106. 108. 110. 112. 114. 116. 118. 120. 122. 124. 126. 128. 130.
 132. 134. 136. 138. 140.]


stderr:
Traceback (most recent call last):
  File "/home/electrons/software/Electrons_Artiq_Sequences/artiq-master/repository/helper_functions/analyze_functions.py", line 119, in close_instruments
    self.ext_pulser.close()
  File "/home/electrons/software/Electrons_Artiq_Sequences/drivers/bk_4053.py", line 56, in close
    self.socket.shutdown(socket.SHUT_RDWR)
OSError: [Errno 107] Transport endpoint is not connected

============================================================

============================================================
timestamp: 20260223_160727
stdout:
b'Keysight Technologies,N9000B,MY60251535,A.32.01\n'
Successfully sent setpoint 768.708843 THz to laser 390!
Successfully sent setpoint 709.079620 THz to laser 422!
[MCP] Applying MCP Voltage: 400.000, 2400.000, 2600.000

****************************************************************************************************
* Starting new scan
****************************************************************************************************

Scanning parameter tickle_frequency: 20.0 (1/61)
Scanning parameter tickle_frequency: 22.0 (2/61)
Scanning parameter tickle_frequency: 24.0 (3/61)
Scanning parameter tickle_frequency: 26.0 (4/61)
Scanning parameter tickle_frequency: 28.0 (5/61)
Scanning parameter tickle_frequency: 30.0 (6/61)
Scanning parameter tickle_frequency: 32.0 (7/61)
Scanning parameter tickle_frequency: 34.0 (8/61)
Scanning parameter tickle_frequency: 36.0 (9/61)
Scanning parameter tickle_frequency: 38.0 (10/61)
Scanning parameter tickle_frequency: 40.0 (11/61)
Scanning parameter tickle_frequency: 42.0 (12/61)
Scanning parameter tickle_frequency: 44.0 (13/61)
Scanning parameter tickle_frequency: 46.0 (14/61)
Scanning parameter tickle_frequency: 48.0 (15/61)
Scanning parameter tickle_frequency: 50.0 (16/61)
Scanning parameter tickle_frequency: 52.0 (17/61)
Scanning parameter tickle_frequency: 54.0 (18/61)
Scanning parameter tickle_frequency: 56.0 (19/61)
Scanning parameter tickle_frequency: 58.0 (20/61)
Scanning parameter tickle_frequency: 60.0 (21/61)
Scanning parameter tickle_frequency: 62.0 (22/61)
Scanning parameter tickle_frequency: 64.0 (23/61)
Scanning parameter tickle_frequency: 66.0 (24/61)
Scanning parameter tickle_frequency: 68.0 (25/61)
Scanning parameter tickle_frequency: 70.0 (26/61)
Scanning parameter tickle_frequency: 72.0 (27/61)
Scanning parameter tickle_frequency: 74.0 (28/61)
Scanning parameter tickle_frequency: 76.0 (29/61)
Scanning parameter tickle_frequency: 78.0 (30/61)
Scanning parameter tickle_frequency: 80.0 (31/61)
Scanning parameter tickle_frequency: 82.0 (32/61)
Scanning parameter tickle_frequency: 84.0 (33/61)
Scanning parameter tickle_frequency: 86.0 (34/61)
Scanning parameter tickle_frequency: 88.0 (35/61)
Scanning parameter tickle_frequency: 90.0 (36/61)
Scanning parameter tickle_frequency: 92.0 (37/61)
Scanning parameter tickle_frequency: 94.0 (38/61)
Scanning parameter tickle_frequency: 96.0 (39/61)
Scanning parameter tickle_frequency: 98.0 (40/61)
Scanning parameter tickle_frequency: 100.0 (41/61)
Scanning parameter tickle_frequency: 102.0 (42/61)
Scanning parameter tickle_frequency: 104.0 (43/61)
Scanning parameter tickle_frequency: 106.0 (44/61)
Scanning parameter tickle_frequency: 108.0 (45/61)
Scanning parameter tickle_frequency: 110.0 (46/61)
Scanning parameter tickle_frequency: 112.0 (47/61)
Scanning parameter tickle_frequency: 114.0 (48/61)
Scanning parameter tickle_frequency: 116.0 (49/61)
Scanning parameter tickle_frequency: 118.0 (50/61)
Scanning parameter tickle_frequency: 120.0 (51/61)
Scanning parameter tickle_frequency: 122.0 (52/61)
Scanning parameter tickle_frequency: 124.0 (53/61)
Scanning parameter tickle_frequency: 126.0 (54/61)
Scanning parameter tickle_frequency: 128.0 (55/61)
Scanning parameter tickle_frequency: 130.0 (56/61)
Scanning parameter tickle_frequency: 132.0 (57/61)
Scanning parameter tickle_frequency: 134.0 (58/61)
Scanning parameter tickle_frequency: 136.0 (59/61)
Scanning parameter tickle_frequency: 138.0 (60/61)
Scanning parameter tickle_frequency: 140.0 (61/61)
[Error] Failed to close the extraction pulse and AOM controller
Saving data...
Config file written.
Experiment /home/electrons/software/data/20260223/20260223_160727 finished.
Experiment finished.
  48.  50.  52.  54.  56.  58.  60.  62.  64.  66.  68.  70.  72.  74.
  76.  78.  80.  82.  84.  86.  88.  90.  92.  94.  96.  98. 100. 102.
 104. 106. 108. 110. 112. 114. 116. 118. 120. 122. 124. 126. 128. 130.
 132. 134. 136. 138. 140.]


stderr:
Traceback (most recent call last):
  File "/home/electrons/software/Electrons_Artiq_Sequences/artiq-master/repository/helper_functions/analyze_functions.py", line 119, in close_instruments
    self.ext_pulser.close()
  File "/home/electrons/software/Electrons_Artiq_Sequences/drivers/bk_4053.py", line 56, in close
    self.socket.shutdown(socket.SHUT_RDWR)
OSError: [Errno 107] Transport endpoint is not connected

============================================================

============================================================
timestamp: 20260223_161236
stdout:
b'Keysight Technologies,N9000B,MY60251535,A.32.01\n'
Successfully sent setpoint 768.708843 THz to laser 390!
Successfully sent setpoint 709.079620 THz to laser 422!
[MCP] Applying MCP Voltage: 400.000, 2400.000, 2600.000

****************************************************************************************************
* Starting new scan
****************************************************************************************************

Scanning parameter tickle_frequency: 20.0 (1/61)
Scanning parameter tickle_frequency: 22.0 (2/61)
Scanning parameter tickle_frequency: 24.0 (3/61)
Scanning parameter tickle_frequency: 26.0 (4/61)
Scanning parameter tickle_frequency: 28.0 (5/61)
Scanning parameter tickle_frequency: 30.0 (6/61)
Scanning parameter tickle_frequency: 32.0 (7/61)
Scanning parameter tickle_frequency: 34.0 (8/61)
Scanning parameter tickle_frequency: 36.0 (9/61)
Scanning parameter tickle_frequency: 38.0 (10/61)
Scanning parameter tickle_frequency: 40.0 (11/61)
Scanning parameter tickle_frequency: 42.0 (12/61)
Scanning parameter tickle_frequency: 44.0 (13/61)
Scanning parameter tickle_frequency: 46.0 (14/61)
Scanning parameter tickle_frequency: 48.0 (15/61)
Scanning parameter tickle_frequency: 50.0 (16/61)
Scanning parameter tickle_frequency: 52.0 (17/61)
Scanning parameter tickle_frequency: 54.0 (18/61)
Scanning parameter tickle_frequency: 56.0 (19/61)
Scanning parameter tickle_frequency: 58.0 (20/61)
Scanning parameter tickle_frequency: 60.0 (21/61)
Scanning parameter tickle_frequency: 62.0 (22/61)
Scanning parameter tickle_frequency: 64.0 (23/61)
Scanning parameter tickle_frequency: 66.0 (24/61)
Scanning parameter tickle_frequency: 68.0 (25/61)
Scanning parameter tickle_frequency: 70.0 (26/61)
Scanning parameter tickle_frequency: 72.0 (27/61)
Scanning parameter tickle_frequency: 74.0 (28/61)
Scanning parameter tickle_frequency: 76.0 (29/61)
Scanning parameter tickle_frequency: 78.0 (30/61)
Scanning parameter tickle_frequency: 80.0 (31/61)
Scanning parameter tickle_frequency: 82.0 (32/61)
Scanning parameter tickle_frequency: 84.0 (33/61)
Scanning parameter tickle_frequency: 86.0 (34/61)
Scanning parameter tickle_frequency: 88.0 (35/61)
Scanning parameter tickle_frequency: 90.0 (36/61)
Scanning parameter tickle_frequency: 92.0 (37/61)
Scanning parameter tickle_frequency: 94.0 (38/61)
Scanning parameter tickle_frequency: 96.0 (39/61)
Scanning parameter tickle_frequency: 98.0 (40/61)
Scanning parameter tickle_frequency: 100.0 (41/61)
Scanning parameter tickle_frequency: 102.0 (42/61)
Scanning parameter tickle_frequency: 104.0 (43/61)
Scanning parameter tickle_frequency: 106.0 (44/61)
Scanning parameter tickle_frequency: 108.0 (45/61)
Scanning parameter tickle_frequency: 110.0 (46/61)
Scanning parameter tickle_frequency: 112.0 (47/61)
Scanning parameter tickle_frequency: 114.0 (48/61)
Scanning parameter tickle_frequency: 116.0 (49/61)
Scanning parameter tickle_frequency: 118.0 (50/61)
Scanning parameter tickle_frequency: 120.0 (51/61)
Scanning parameter tickle_frequency: 122.0 (52/61)
Scanning parameter tickle_frequency: 124.0 (53/61)
Scanning parameter tickle_frequency: 126.0 (54/61)
Scanning parameter tickle_frequency: 128.0 (55/61)
Scanning parameter tickle_frequency: 130.0 (56/61)
Laser error (Laser frequency of 422 is off, please fix it manually!)
Scanning parameter tickle_frequency: 132.0 (57/61)
Scanning parameter tickle_frequency: 134.0 (58/61)
Scanning parameter tickle_frequency: 136.0 (59/61)
Scanning parameter tickle_frequency: 138.0 (60/61)
Scanning parameter tickle_frequency: 140.0 (61/61)
[Error] Failed to close the extraction pulse and AOM controller
Saving data...
Config file written.
Experiment /home/electrons/software/data/20260223/20260223_161236 finished.
Experiment finished.
  48.  50.  52.  54.  56.  58.  60.  62.  64.  66.  68.  70.  72.  74.
  76.  78.  80.  82.  84.  86.  88.  90.  92.  94.  96.  98. 100. 102.
 104. 106. 108. 110. 112. 114. 116. 118. 120. 122. 124. 126. 128. 130.
 132. 134. 136. 138. 140.]


stderr:
Traceback (most recent call last):
  File "/home/electrons/software/Electrons_Artiq_Sequences/artiq-master/repository/helper_functions/analyze_functions.py", line 119, in close_instruments
    self.ext_pulser.close()
  File "/home/electrons/software/Electrons_Artiq_Sequences/drivers/bk_4053.py", line 56, in close
    self.socket.shutdown(socket.SHUT_RDWR)
OSError: [Errno 107] Transport endpoint is not connected

============================================================

============================================================
timestamp: 20260223_161744
stdout:
b'Keysight Technologies,N9000B,MY60251535,A.32.01\n'
Successfully sent setpoint 768.708843 THz to laser 390!
Successfully sent setpoint 709.079620 THz to laser 422!
[MCP] Applying MCP Voltage: 400.000, 2400.000, 2600.000

****************************************************************************************************
* Starting new scan
****************************************************************************************************

Scanning parameter tickle_frequency: 20.0 (1/61)
Scanning parameter tickle_frequency: 22.0 (2/61)
Scanning parameter tickle_frequency: 24.0 (3/61)
Scanning parameter tickle_frequency: 26.0 (4/61)
Scanning parameter tickle_frequency: 28.0 (5/61)
Scanning parameter tickle_frequency: 30.0 (6/61)
Scanning parameter tickle_frequency: 32.0 (7/61)
Scanning parameter tickle_frequency: 34.0 (8/61)
Scanning parameter tickle_frequency: 36.0 (9/61)
Scanning parameter tickle_frequency: 38.0 (10/61)
Scanning parameter tickle_frequency: 40.0 (11/61)
Scanning parameter tickle_frequency: 42.0 (12/61)
Scanning parameter tickle_frequency: 44.0 (13/61)
Scanning parameter tickle_frequency: 46.0 (14/61)
Scanning parameter tickle_frequency: 48.0 (15/61)
Scanning parameter tickle_frequency: 50.0 (16/61)
Scanning parameter tickle_frequency: 52.0 (17/61)
Scanning parameter tickle_frequency: 54.0 (18/61)
Scanning parameter tickle_frequency: 56.0 (19/61)
Scanning parameter tickle_frequency: 58.0 (20/61)
Scanning parameter tickle_frequency: 60.0 (21/61)
Scanning parameter tickle_frequency: 62.0 (22/61)
Scanning parameter tickle_frequency: 64.0 (23/61)
Scanning parameter tickle_frequency: 66.0 (24/61)
Scanning parameter tickle_frequency: 68.0 (25/61)
Scanning parameter tickle_frequency: 70.0 (26/61)
Scanning parameter tickle_frequency: 72.0 (27/61)
Scanning parameter tickle_frequency: 74.0 (28/61)
Scanning parameter tickle_frequency: 76.0 (29/61)
Scanning parameter tickle_frequency: 78.0 (30/61)
Scanning parameter tickle_frequency: 80.0 (31/61)
Scanning parameter tickle_frequency: 82.0 (32/61)
Scanning parameter tickle_frequency: 84.0 (33/61)
Scanning parameter tickle_frequency: 86.0 (34/61)
Scanning parameter tickle_frequency: 88.0 (35/61)
Scanning parameter tickle_frequency: 90.0 (36/61)
Scanning parameter tickle_frequency: 92.0 (37/61)
Laser error (Laser frequency of 422 is off, please fix it manually!)
Scanning parameter tickle_frequency: 94.0 (38/61)
Scanning parameter tickle_frequency: 96.0 (39/61)
Scanning parameter tickle_frequency: 98.0 (40/61)
Scanning parameter tickle_frequency: 100.0 (41/61)
Scanning parameter tickle_frequency: 102.0 (42/61)
Scanning parameter tickle_frequency: 104.0 (43/61)
Scanning parameter tickle_frequency: 106.0 (44/61)
Scanning parameter tickle_frequency: 108.0 (45/61)
Scanning parameter tickle_frequency: 110.0 (46/61)
Scanning parameter tickle_frequency: 112.0 (47/61)
Scanning parameter tickle_frequency: 114.0 (48/61)
Scanning parameter tickle_frequency: 116.0 (49/61)
Scanning parameter tickle_frequency: 118.0 (50/61)
Scanning parameter tickle_frequency: 120.0 (51/61)
Laser error (Laser frequency of 422 is off, please fix it manually!)
Scanning parameter tickle_frequency: 122.0 (52/61)
Scanning parameter tickle_frequency: 124.0 (53/61)
Scanning parameter tickle_frequency: 126.0 (54/61)
Scanning parameter tickle_frequency: 128.0 (55/61)
Scanning parameter tickle_frequency: 130.0 (56/61)
Scanning parameter tickle_frequency: 132.0 (57/61)
Scanning parameter tickle_frequency: 134.0 (58/61)
Scanning parameter tickle_frequency: 136.0 (59/61)
Scanning parameter tickle_frequency: 138.0 (60/61)
Scanning parameter tickle_frequency: 140.0 (61/61)
[Error] Failed to close the extraction pulse and AOM controller
Saving data...
Config file written.
Experiment /home/electrons/software/data/20260223/20260223_161744 finished.
Experiment finished.
  48.  50.  52.  54.  56.  58.  60.  62.  64.  66.  68.  70.  72.  74.
  76.  78.  80.  82.  84.  86.  88.  90.  92.  94.  96.  98. 100. 102.
 104. 106. 108. 110. 112. 114. 116. 118. 120. 122. 124. 126. 128. 130.
 132. 134. 136. 138. 140.]


stderr:
Traceback (most recent call last):
  File "/home/electrons/software/Electrons_Artiq_Sequences/artiq-master/repository/helper_functions/analyze_functions.py", line 119, in close_instruments
    self.ext_pulser.close()
  File "/home/electrons/software/Electrons_Artiq_Sequences/drivers/bk_4053.py", line 56, in close
    self.socket.shutdown(socket.SHUT_RDWR)
OSError: [Errno 107] Transport endpoint is not connected

============================================================

============================================================
timestamp: 20260223_162716
stdout:
b'Keysight Technologies,N9000B,MY60251535,A.32.01\n'
Successfully sent setpoint 768.708843 THz to laser 390!
Successfully sent setpoint 709.079620 THz to laser 422!
[MCP] Applying MCP Voltage: 400.000, 2400.000, 2600.000

****************************************************************************************************
* Starting new scan
****************************************************************************************************

Scanning parameter tickle_frequency: 20.0 (1/61)
Scanning parameter tickle_frequency: 22.0 (2/61)
Scanning parameter tickle_frequency: 24.0 (3/61)
Scanning parameter tickle_frequency: 26.0 (4/61)
Scanning parameter tickle_frequency: 28.0 (5/61)
Scanning parameter tickle_frequency: 30.0 (6/61)
Scanning parameter tickle_frequency: 32.0 (7/61)
Scanning parameter tickle_frequency: 34.0 (8/61)
Scanning parameter tickle_frequency: 36.0 (9/61)
Scanning parameter tickle_frequency: 38.0 (10/61)
Scanning parameter tickle_frequency: 40.0 (11/61)
Scanning parameter tickle_frequency: 42.0 (12/61)
Scanning parameter tickle_frequency: 44.0 (13/61)
Scanning parameter tickle_frequency: 46.0 (14/61)
Scanning parameter tickle_frequency: 48.0 (15/61)
Scanning parameter tickle_frequency: 50.0 (16/61)
Scanning parameter tickle_frequency: 52.0 (17/61)
Scanning parameter tickle_frequency: 54.0 (18/61)
Scanning parameter tickle_frequency: 56.0 (19/61)
Scanning parameter tickle_frequency: 58.0 (20/61)
Scanning parameter tickle_frequency: 60.0 (21/61)
Scanning parameter tickle_frequency: 62.0 (22/61)
Scanning parameter tickle_frequency: 64.0 (23/61)
Scanning parameter tickle_frequency: 66.0 (24/61)
Scanning parameter tickle_frequency: 68.0 (25/61)
Scanning parameter tickle_frequency: 70.0 (26/61)
Scanning parameter tickle_frequency: 72.0 (27/61)
Scanning parameter tickle_frequency: 74.0 (28/61)
Scanning parameter tickle_frequency: 76.0 (29/61)
Scanning parameter tickle_frequency: 78.0 (30/61)
Scanning parameter tickle_frequency: 80.0 (31/61)
Scanning parameter tickle_frequency: 82.0 (32/61)
Scanning parameter tickle_frequency: 84.0 (33/61)
Scanning parameter tickle_frequency: 86.0 (34/61)
Scanning parameter tickle_frequency: 88.0 (35/61)
Scanning parameter tickle_frequency: 90.0 (36/61)
Scanning parameter tickle_frequency: 92.0 (37/61)
Scanning parameter tickle_frequency: 94.0 (38/61)
Scanning parameter tickle_frequency: 96.0 (39/61)
Scanning parameter tickle_frequency: 98.0 (40/61)
Scanning parameter tickle_frequency: 100.0 (41/61)
Scanning parameter tickle_frequency: 102.0 (42/61)
Scanning parameter tickle_frequency: 104.0 (43/61)
Scanning parameter tickle_frequency: 106.0 (44/61)
Scanning parameter tickle_frequency: 108.0 (45/61)
Scanning parameter tickle_frequency: 110.0 (46/61)
Scanning parameter tickle_frequency: 112.0 (47/61)
Scanning parameter tickle_frequency: 114.0 (48/61)
Scanning parameter tickle_frequency: 116.0 (49/61)
Scanning parameter tickle_frequency: 118.0 (50/61)
Scanning parameter tickle_frequency: 120.0 (51/61)
Scanning parameter tickle_frequency: 122.0 (52/61)
Scanning parameter tickle_frequency: 124.0 (53/61)
Scanning parameter tickle_frequency: 126.0 (54/61)
Scanning parameter tickle_frequency: 128.0 (55/61)
Scanning parameter tickle_frequency: 130.0 (56/61)
Scanning parameter tickle_frequency: 132.0 (57/61)
Scanning parameter tickle_frequency: 134.0 (58/61)
Scanning parameter tickle_frequency: 136.0 (59/61)
Scanning parameter tickle_frequency: 138.0 (60/61)
Scanning parameter tickle_frequency: 140.0 (61/61)
[Error] Failed to close the extraction pulse and AOM controller
Saving data...
Config file written.
Experiment /home/electrons/software/data/20260223/20260223_162716 finished.
Experiment finished.
  48.  50.  52.  54.  56.  58.  60.  62.  64.  66.  68.  70.  72.  74.
  76.  78.  80.  82.  84.  86.  88.  90.  92.  94.  96.  98. 100. 102.
 104. 106. 108. 110. 112. 114. 116. 118. 120. 122. 124. 126. 128. 130.
 132. 134. 136. 138. 140.]


stderr:
Traceback (most recent call last):
  File "/home/electrons/software/Electrons_Artiq_Sequences/artiq-master/repository/helper_functions/analyze_functions.py", line 119, in close_instruments
    self.ext_pulser.close()
  File "/home/electrons/software/Electrons_Artiq_Sequences/drivers/bk_4053.py", line 56, in close
    self.socket.shutdown(socket.SHUT_RDWR)
OSError: [Errno 107] Transport endpoint is not connected
/home/electrons/software/Electrons_Artiq_Sequences/artiq-master/repository/helper_functions/analyze_functions.py:226: VisibleDeprecationWarning: Creating an ndarray from ragged nested sequences (which is a list-or-tuple of lists-or-tuples-or ndarrays with different lengths or shapes) is deprecated. If you meant to do this, you must specify 'dtype=object' when creating the ndarray.
  arr = np.array(self.get_dataset(hlp['var']))

============================================================

============================================================
timestamp: 20260223_163228
stdout:
b'Keysight Technologies,N9000B,MY60251535,A.32.01\n'
Successfully sent setpoint 768.708843 THz to laser 390!
Successfully sent setpoint 709.079620 THz to laser 422!
[MCP] Applying MCP Voltage: 400.000, 2400.000, 2600.000

****************************************************************************************************
* Starting new scan
****************************************************************************************************

Scanning parameter tickle_frequency: 20.0 (1/61)
Scanning parameter tickle_frequency: 22.0 (2/61)
Scanning parameter tickle_frequency: 24.0 (3/61)
Scanning parameter tickle_frequency: 26.0 (4/61)
Scanning parameter tickle_frequency: 28.0 (5/61)
Scanning parameter tickle_frequency: 30.0 (6/61)
Scanning parameter tickle_frequency: 32.0 (7/61)
Scanning parameter tickle_frequency: 34.0 (8/61)
Scanning parameter tickle_frequency: 36.0 (9/61)
Scanning parameter tickle_frequency: 38.0 (10/61)
Scanning parameter tickle_frequency: 40.0 (11/61)
Scanning parameter tickle_frequency: 42.0 (12/61)
Scanning parameter tickle_frequency: 44.0 (13/61)
Scanning parameter tickle_frequency: 46.0 (14/61)
Scanning parameter tickle_frequency: 48.0 (15/61)
Scanning parameter tickle_frequency: 50.0 (16/61)
Scanning parameter tickle_frequency: 52.0 (17/61)
Scanning parameter tickle_frequency: 54.0 (18/61)
Scanning parameter tickle_frequency: 56.0 (19/61)
Scanning parameter tickle_frequency: 58.0 (20/61)
Scanning parameter tickle_frequency: 60.0 (21/61)
Scanning parameter tickle_frequency: 62.0 (22/61)
Scanning parameter tickle_frequency: 64.0 (23/61)
Scanning parameter tickle_frequency: 66.0 (24/61)
Scanning parameter tickle_frequency: 68.0 (25/61)
Scanning parameter tickle_frequency: 70.0 (26/61)
Scanning parameter tickle_frequency: 72.0 (27/61)
Scanning parameter tickle_frequency: 74.0 (28/61)
Scanning parameter tickle_frequency: 76.0 (29/61)
Scanning parameter tickle_frequency: 78.0 (30/61)
Scanning parameter tickle_frequency: 80.0 (31/61)
Laser error (Laser frequency of 422 is off, please fix it manually!)
Scanning parameter tickle_frequency: 82.0 (32/61)
Scanning parameter tickle_frequency: 84.0 (33/61)
Scanning parameter tickle_frequency: 86.0 (34/61)
Scanning parameter tickle_frequency: 88.0 (35/61)
Laser error (Laser frequency of 422 is off, please fix it manually!)
Scanning parameter tickle_frequency: 90.0 (36/61)
Scanning parameter tickle_frequency: 92.0 (37/61)
Scanning parameter tickle_frequency: 94.0 (38/61)
Scanning parameter tickle_frequency: 96.0 (39/61)
Scanning parameter tickle_frequency: 98.0 (40/61)
Scanning parameter tickle_frequency: 100.0 (41/61)
Scanning parameter tickle_frequency: 102.0 (42/61)
Scanning parameter tickle_frequency: 104.0 (43/61)
Scanning parameter tickle_frequency: 106.0 (44/61)
Scanning parameter tickle_frequency: 108.0 (45/61)
Scanning parameter tickle_frequency: 110.0 (46/61)
Scanning parameter tickle_frequency: 112.0 (47/61)
Scanning parameter tickle_frequency: 114.0 (48/61)
Scanning parameter tickle_frequency: 116.0 (49/61)
Scanning parameter tickle_frequency: 118.0 (50/61)
Scanning parameter tickle_frequency: 120.0 (51/61)
Scanning parameter tickle_frequency: 122.0 (52/61)
Scanning parameter tickle_frequency: 124.0 (53/61)
Scanning parameter tickle_frequency: 126.0 (54/61)
Scanning parameter tickle_frequency: 128.0 (55/61)
Scanning parameter tickle_frequency: 130.0 (56/61)
Scanning parameter tickle_frequency: 132.0 (57/61)
Scanning parameter tickle_frequency: 134.0 (58/61)
Scanning parameter tickle_frequency: 136.0 (59/61)
Scanning parameter tickle_frequency: 138.0 (60/61)
Scanning parameter tickle_frequency: 140.0 (61/61)
[Error] Failed to close the extraction pulse and AOM controller
Saving data...
Config file written.
Experiment /home/electrons/software/data/20260223/20260223_163228 finished.
Experiment finished.
  48.  50.  52.  54.  56.  58.  60.  62.  64.  66.  68.  70.  72.  74.
  76.  78.  80.  82.  84.  86.  88.  90.  92.  94.  96.  98. 100. 102.
 104. 106. 108. 110. 112. 114. 116. 118. 120. 122. 124. 126. 128. 130.
 132. 134. 136. 138. 140.]


stderr:
Traceback (most recent call last):
  File "/home/electrons/software/Electrons_Artiq_Sequences/artiq-master/repository/helper_functions/analyze_functions.py", line 119, in close_instruments
    self.ext_pulser.close()
  File "/home/electrons/software/Electrons_Artiq_Sequences/drivers/bk_4053.py", line 56, in close
    self.socket.shutdown(socket.SHUT_RDWR)
OSError: [Errno 107] Transport endpoint is not connected
/home/electrons/software/Electrons_Artiq_Sequences/artiq-master/repository/helper_functions/analyze_functions.py:226: VisibleDeprecationWarning: Creating an ndarray from ragged nested sequences (which is a list-or-tuple of lists-or-tuples-or ndarrays with different lengths or shapes) is deprecated. If you meant to do this, you must specify 'dtype=object' when creating the ndarray.
  arr = np.array(self.get_dataset(hlp['var']))

============================================================

============================================================
timestamp: 20260223_163739
stdout:
b'Keysight Technologies,N9000B,MY60251535,A.32.01\n'
Successfully sent setpoint 768.708843 THz to laser 390!
Successfully sent setpoint 709.079620 THz to laser 422!
[MCP] Applying MCP Voltage: 400.000, 2400.000, 2600.000

****************************************************************************************************
* Starting new scan
****************************************************************************************************

Scanning parameter tickle_frequency: 20.0 (1/61)
Scanning parameter tickle_frequency: 22.0 (2/61)
Scanning parameter tickle_frequency: 24.0 (3/61)
Scanning parameter tickle_frequency: 26.0 (4/61)
Scanning parameter tickle_frequency: 28.0 (5/61)
Scanning parameter tickle_frequency: 30.0 (6/61)
Scanning parameter tickle_frequency: 32.0 (7/61)
Scanning parameter tickle_frequency: 34.0 (8/61)
Scanning parameter tickle_frequency: 36.0 (9/61)
Scanning parameter tickle_frequency: 38.0 (10/61)
Scanning parameter tickle_frequency: 40.0 (11/61)
Scanning parameter tickle_frequency: 42.0 (12/61)
Scanning parameter tickle_frequency: 44.0 (13/61)
Scanning parameter tickle_frequency: 46.0 (14/61)
Scanning parameter tickle_frequency: 48.0 (15/61)
Scanning parameter tickle_frequency: 50.0 (16/61)
Scanning parameter tickle_frequency: 52.0 (17/61)
Scanning parameter tickle_frequency: 54.0 (18/61)
Scanning parameter tickle_frequency: 56.0 (19/61)
Scanning parameter tickle_frequency: 58.0 (20/61)
Scanning parameter tickle_frequency: 60.0 (21/61)
Scanning parameter tickle_frequency: 62.0 (22/61)
Scanning parameter tickle_frequency: 64.0 (23/61)
Scanning parameter tickle_frequency: 66.0 (24/61)
Scanning parameter tickle_frequency: 68.0 (25/61)
Scanning parameter tickle_frequency: 70.0 (26/61)
Scanning parameter tickle_frequency: 72.0 (27/61)
Scanning parameter tickle_frequency: 74.0 (28/61)
Scanning parameter tickle_frequency: 76.0 (29/61)
Scanning parameter tickle_frequency: 78.0 (30/61)
Scanning parameter tickle_frequency: 80.0 (31/61)
Scanning parameter tickle_frequency: 82.0 (32/61)
Scanning parameter tickle_frequency: 84.0 (33/61)
Scanning parameter tickle_frequency: 86.0 (34/61)
Scanning parameter tickle_frequency: 88.0 (35/61)
Scanning parameter tickle_frequency: 90.0 (36/61)
Scanning parameter tickle_frequency: 92.0 (37/61)
Scanning parameter tickle_frequency: 94.0 (38/61)
Scanning parameter tickle_frequency: 96.0 (39/61)
Scanning parameter tickle_frequency: 98.0 (40/61)
Scanning parameter tickle_frequency: 100.0 (41/61)
Scanning parameter tickle_frequency: 102.0 (42/61)
Scanning parameter tickle_frequency: 104.0 (43/61)
Scanning parameter tickle_frequency: 106.0 (44/61)
Scanning parameter tickle_frequency: 108.0 (45/61)
Scanning parameter tickle_frequency: 110.0 (46/61)
Scanning parameter tickle_frequency: 112.0 (47/61)
Scanning parameter tickle_frequency: 114.0 (48/61)
Scanning parameter tickle_frequency: 116.0 (49/61)
Scanning parameter tickle_frequency: 118.0 (50/61)
Scanning parameter tickle_frequency: 120.0 (51/61)
Scanning parameter tickle_frequency: 122.0 (52/61)
Scanning parameter tickle_frequency: 124.0 (53/61)
Scanning parameter tickle_frequency: 126.0 (54/61)
Scanning parameter tickle_frequency: 128.0 (55/61)
Scanning parameter tickle_frequency: 130.0 (56/61)
Scanning parameter tickle_frequency: 132.0 (57/61)
Scanning parameter tickle_frequency: 134.0 (58/61)
Scanning parameter tickle_frequency: 136.0 (59/61)
Scanning parameter tickle_frequency: 138.0 (60/61)
Scanning parameter tickle_frequency: 140.0 (61/61)
[Error] Failed to close the extraction pulse and AOM controller
Saving data...
Config file written.
Experiment /home/electrons/software/data/20260223/20260223_163739 finished.
Experiment finished.
  48.  50.  52.  54.  56.  58.  60.  62.  64.  66.  68.  70.  72.  74.
  76.  78.  80.  82.  84.  86.  88.  90.  92.  94.  96.  98. 100. 102.
 104. 106. 108. 110. 112. 114. 116. 118. 120. 122. 124. 126. 128. 130.
 132. 134. 136. 138. 140.]


stderr:
Traceback (most recent call last):
  File "/home/electrons/software/Electrons_Artiq_Sequences/artiq-master/repository/helper_functions/analyze_functions.py", line 119, in close_instruments
    self.ext_pulser.close()
  File "/home/electrons/software/Electrons_Artiq_Sequences/drivers/bk_4053.py", line 56, in close
    self.socket.shutdown(socket.SHUT_RDWR)
OSError: [Errno 107] Transport endpoint is not connected
/home/electrons/software/Electrons_Artiq_Sequences/artiq-master/repository/helper_functions/analyze_functions.py:226: VisibleDeprecationWarning: Creating an ndarray from ragged nested sequences (which is a list-or-tuple of lists-or-tuples-or ndarrays with different lengths or shapes) is deprecated. If you meant to do this, you must specify 'dtype=object' when creating the ndarray.
  arr = np.array(self.get_dataset(hlp['var']))

============================================================

============================================================
timestamp: 20260223_164251
stdout:
b'Keysight Technologies,N9000B,MY60251535,A.32.01\n'
Successfully sent setpoint 768.708843 THz to laser 390!
Successfully sent setpoint 709.079620 THz to laser 422!
[MCP] Applying MCP Voltage: 400.000, 2400.000, 2600.000

****************************************************************************************************
* Starting new scan
****************************************************************************************************

Scanning parameter tickle_frequency: 20.0 (1/61)
Scanning parameter tickle_frequency: 22.0 (2/61)
Scanning parameter tickle_frequency: 24.0 (3/61)
Scanning parameter tickle_frequency: 26.0 (4/61)
Scanning parameter tickle_frequency: 28.0 (5/61)
Scanning parameter tickle_frequency: 30.0 (6/61)
Scanning parameter tickle_frequency: 32.0 (7/61)
Scanning parameter tickle_frequency: 34.0 (8/61)
Scanning parameter tickle_frequency: 36.0 (9/61)
Scanning parameter tickle_frequency: 38.0 (10/61)
Scanning parameter tickle_frequency: 40.0 (11/61)
Scanning parameter tickle_frequency: 42.0 (12/61)
Scanning parameter tickle_frequency: 44.0 (13/61)
Scanning parameter tickle_frequency: 46.0 (14/61)
Scanning parameter tickle_frequency: 48.0 (15/61)
Scanning parameter tickle_frequency: 50.0 (16/61)
Scanning parameter tickle_frequency: 52.0 (17/61)
Scanning parameter tickle_frequency: 54.0 (18/61)
Scanning parameter tickle_frequency: 56.0 (19/61)
Scanning parameter tickle_frequency: 58.0 (20/61)
Scanning parameter tickle_frequency: 60.0 (21/61)
Scanning parameter tickle_frequency: 62.0 (22/61)
Scanning parameter tickle_frequency: 64.0 (23/61)
Scanning parameter tickle_frequency: 66.0 (24/61)
Scanning parameter tickle_frequency: 68.0 (25/61)
Scanning parameter tickle_frequency: 70.0 (26/61)
Scanning parameter tickle_frequency: 72.0 (27/61)
Scanning parameter tickle_frequency: 74.0 (28/61)
Scanning parameter tickle_frequency: 76.0 (29/61)
Scanning parameter tickle_frequency: 78.0 (30/61)
Scanning parameter tickle_frequency: 80.0 (31/61)
Scanning parameter tickle_frequency: 82.0 (32/61)
Scanning parameter tickle_frequency: 84.0 (33/61)
Scanning parameter tickle_frequency: 86.0 (34/61)
Scanning parameter tickle_frequency: 88.0 (35/61)
Scanning parameter tickle_frequency: 90.0 (36/61)
Scanning parameter tickle_frequency: 92.0 (37/61)
Scanning parameter tickle_frequency: 94.0 (38/61)
Scanning parameter tickle_frequency: 96.0 (39/61)
Scanning parameter tickle_frequency: 98.0 (40/61)
Scanning parameter tickle_frequency: 100.0 (41/61)
Scanning parameter tickle_frequency: 102.0 (42/61)
Scanning parameter tickle_frequency: 104.0 (43/61)
Scanning parameter tickle_frequency: 106.0 (44/61)
Scanning parameter tickle_frequency: 108.0 (45/61)
Scanning parameter tickle_frequency: 110.0 (46/61)
Scanning parameter tickle_frequency: 112.0 (47/61)
Scanning parameter tickle_frequency: 114.0 (48/61)
Scanning parameter tickle_frequency: 116.0 (49/61)
Scanning parameter tickle_frequency: 118.0 (50/61)
Scanning parameter tickle_frequency: 120.0 (51/61)
Scanning parameter tickle_frequency: 122.0 (52/61)
Scanning parameter tickle_frequency: 124.0 (53/61)
Scanning parameter tickle_frequency: 126.0 (54/61)
Scanning parameter tickle_frequency: 128.0 (55/61)
Scanning parameter tickle_frequency: 130.0 (56/61)
Scanning parameter tickle_frequency: 132.0 (57/61)
Scanning parameter tickle_frequency: 134.0 (58/61)
Scanning parameter tickle_frequency: 136.0 (59/61)
Scanning parameter tickle_frequency: 138.0 (60/61)
Scanning parameter tickle_frequency: 140.0 (61/61)
[Error] Failed to close the extraction pulse and AOM controller
Saving data...
Config file written.
Experiment /home/electrons/software/data/20260223/20260223_164251 finished.
Experiment finished.
  48.  50.  52.  54.  56.  58.  60.  62.  64.  66.  68.  70.  72.  74.
  76.  78.  80.  82.  84.  86.  88.  90.  92.  94.  96.  98. 100. 102.
 104. 106. 108. 110. 112. 114. 116. 118. 120. 122. 124. 126. 128. 130.
 132. 134. 136. 138. 140.]


stderr:
Traceback (most recent call last):
  File "/home/electrons/software/Electrons_Artiq_Sequences/artiq-master/repository/helper_functions/analyze_functions.py", line 119, in close_instruments
    self.ext_pulser.close()
  File "/home/electrons/software/Electrons_Artiq_Sequences/drivers/bk_4053.py", line 56, in close
    self.socket.shutdown(socket.SHUT_RDWR)
OSError: [Errno 107] Transport endpoint is not connected
/home/electrons/software/Electrons_Artiq_Sequences/artiq-master/repository/helper_functions/analyze_functions.py:226: VisibleDeprecationWarning: Creating an ndarray from ragged nested sequences (which is a list-or-tuple of lists-or-tuples-or ndarrays with different lengths or shapes) is deprecated. If you meant to do this, you must specify 'dtype=object' when creating the ndarray.
  arr = np.array(self.get_dataset(hlp['var']))

============================================================

============================================================
timestamp: 20260223_164802
stdout:
b'Keysight Technologies,N9000B,MY60251535,A.32.01\n'
Successfully sent setpoint 768.708843 THz to laser 390!
Successfully sent setpoint 709.079620 THz to laser 422!
[MCP] Applying MCP Voltage: 400.000, 2400.000, 2600.000

****************************************************************************************************
* Starting new scan
****************************************************************************************************

Scanning parameter tickle_frequency: 20.0 (1/61)
Scanning parameter tickle_frequency: 22.0 (2/61)
Scanning parameter tickle_frequency: 24.0 (3/61)
Scanning parameter tickle_frequency: 26.0 (4/61)
Scanning parameter tickle_frequency: 28.0 (5/61)
Scanning parameter tickle_frequency: 30.0 (6/61)
Scanning parameter tickle_frequency: 32.0 (7/61)
Scanning parameter tickle_frequency: 34.0 (8/61)
Scanning parameter tickle_frequency: 36.0 (9/61)
Scanning parameter tickle_frequency: 38.0 (10/61)
Laser error (Laser frequency of 422 is off, please fix it manually!)
Scanning parameter tickle_frequency: 40.0 (11/61)
Scanning parameter tickle_frequency: 42.0 (12/61)
Scanning parameter tickle_frequency: 44.0 (13/61)
Scanning parameter tickle_frequency: 46.0 (14/61)
Scanning parameter tickle_frequency: 48.0 (15/61)
Scanning parameter tickle_frequency: 50.0 (16/61)
Scanning parameter tickle_frequency: 52.0 (17/61)
Scanning parameter tickle_frequency: 54.0 (18/61)
Scanning parameter tickle_frequency: 56.0 (19/61)
Scanning parameter tickle_frequency: 58.0 (20/61)
Scanning parameter tickle_frequency: 60.0 (21/61)
Scanning parameter tickle_frequency: 62.0 (22/61)
Scanning parameter tickle_frequency: 64.0 (23/61)
Scanning parameter tickle_frequency: 66.0 (24/61)
Scanning parameter tickle_frequency: 68.0 (25/61)
Scanning parameter tickle_frequency: 70.0 (26/61)
Scanning parameter tickle_frequency: 72.0 (27/61)
Scanning parameter tickle_frequency: 74.0 (28/61)
Laser error (Laser frequency of 422 is off, please fix it manually!)
Scanning parameter tickle_frequency: 76.0 (29/61)
Scanning parameter tickle_frequency: 78.0 (30/61)
Scanning parameter tickle_frequency: 80.0 (31/61)
Scanning parameter tickle_frequency: 82.0 (32/61)
Scanning parameter tickle_frequency: 84.0 (33/61)
Scanning parameter tickle_frequency: 86.0 (34/61)
Scanning parameter tickle_frequency: 88.0 (35/61)
Scanning parameter tickle_frequency: 90.0 (36/61)
Scanning parameter tickle_frequency: 92.0 (37/61)
Laser error (Laser frequency of 422 is off, please fix it manually!)
Scanning parameter tickle_frequency: 94.0 (38/61)
Scanning parameter tickle_frequency: 96.0 (39/61)
Scanning parameter tickle_frequency: 98.0 (40/61)
Scanning parameter tickle_frequency: 100.0 (41/61)
Scanning parameter tickle_frequency: 102.0 (42/61)
Scanning parameter tickle_frequency: 104.0 (43/61)
Scanning parameter tickle_frequency: 106.0 (44/61)
Scanning parameter tickle_frequency: 108.0 (45/61)
Scanning parameter tickle_frequency: 110.0 (46/61)
Scanning parameter tickle_frequency: 112.0 (47/61)
Scanning parameter tickle_frequency: 114.0 (48/61)
Scanning parameter tickle_frequency: 116.0 (49/61)
Scanning parameter tickle_frequency: 118.0 (50/61)
Scanning parameter tickle_frequency: 120.0 (51/61)
Scanning parameter tickle_frequency: 122.0 (52/61)
Scanning parameter tickle_frequency: 124.0 (53/61)
Scanning parameter tickle_frequency: 126.0 (54/61)
Scanning parameter tickle_frequency: 128.0 (55/61)
Scanning parameter tickle_frequency: 130.0 (56/61)
Scanning parameter tickle_frequency: 132.0 (57/61)
Scanning parameter tickle_frequency: 134.0 (58/61)
Scanning parameter tickle_frequency: 136.0 (59/61)
Scanning parameter tickle_frequency: 138.0 (60/61)
Scanning parameter tickle_frequency: 140.0 (61/61)
[Error] Failed to close the extraction pulse and AOM controller
Saving data...
Config file written.
Experiment /home/electrons/software/data/20260223/20260223_164802 finished.
Experiment finished.
  48.  50.  52.  54.  56.  58.  60.  62.  64.  66.  68.  70.  72.  74.
  76.  78.  80.  82.  84.  86.  88.  90.  92.  94.  96.  98. 100. 102.
 104. 106. 108. 110. 112. 114. 116. 118. 120. 122. 124. 126. 128. 130.
 132. 134. 136. 138. 140.]


stderr:
Traceback (most recent call last):
  File "/home/electrons/software/Electrons_Artiq_Sequences/artiq-master/repository/helper_functions/analyze_functions.py", line 119, in close_instruments
    self.ext_pulser.close()
  File "/home/electrons/software/Electrons_Artiq_Sequences/drivers/bk_4053.py", line 56, in close
    self.socket.shutdown(socket.SHUT_RDWR)
OSError: [Errno 107] Transport endpoint is not connected
/home/electrons/software/Electrons_Artiq_Sequences/artiq-master/repository/helper_functions/analyze_functions.py:226: VisibleDeprecationWarning: Creating an ndarray from ragged nested sequences (which is a list-or-tuple of lists-or-tuples-or ndarrays with different lengths or shapes) is deprecated. If you meant to do this, you must specify 'dtype=object' when creating the ndarray.
  arr = np.array(self.get_dataset(hlp['var']))

============================================================

============================================================
timestamp: 20260223_173013
stdout:
b'Keysight Technologies,N9000B,MY60251535,A.32.01\n'
Successfully sent setpoint 768.708843 THz to laser 390!
Successfully sent setpoint 709.079620 THz to laser 422!
[MCP] Applying MCP Voltage: 400.000, 2400.000, 2600.000

****************************************************************************************************
* Starting new scan
****************************************************************************************************

Scanning parameter tickle_frequency: 20.0 (1/61)
Scanning parameter tickle_frequency: 22.0 (2/61)
Scanning parameter tickle_frequency: 24.0 (3/61)
Scanning parameter tickle_frequency: 26.0 (4/61)
Scanning parameter tickle_frequency: 28.0 (5/61)
Scanning parameter tickle_frequency: 30.0 (6/61)
Scanning parameter tickle_frequency: 32.0 (7/61)
Scanning parameter tickle_frequency: 34.0 (8/61)
Scanning parameter tickle_frequency: 36.0 (9/61)
Scanning parameter tickle_frequency: 38.0 (10/61)
Scanning parameter tickle_frequency: 40.0 (11/61)
Scanning parameter tickle_frequency: 42.0 (12/61)
Scanning parameter tickle_frequency: 44.0 (13/61)
Scanning parameter tickle_frequency: 46.0 (14/61)
Scanning parameter tickle_frequency: 48.0 (15/61)
Scanning parameter tickle_frequency: 50.0 (16/61)
Scanning parameter tickle_frequency: 52.0 (17/61)
Scanning parameter tickle_frequency: 54.0 (18/61)
Scanning parameter tickle_frequency: 56.0 (19/61)
Scanning parameter tickle_frequency: 58.0 (20/61)
Scanning parameter tickle_frequency: 60.0 (21/61)
Scanning parameter tickle_frequency: 62.0 (22/61)
Scanning parameter tickle_frequency: 64.0 (23/61)
Scanning parameter tickle_frequency: 66.0 (24/61)
Scanning parameter tickle_frequency: 68.0 (25/61)
Scanning parameter tickle_frequency: 70.0 (26/61)
Scanning parameter tickle_frequency: 72.0 (27/61)
Scanning parameter tickle_frequency: 74.0 (28/61)
Scanning parameter tickle_frequency: 76.0 (29/61)
Scanning parameter tickle_frequency: 78.0 (30/61)
Scanning parameter tickle_frequency: 80.0 (31/61)
Scanning parameter tickle_frequency: 82.0 (32/61)
Scanning parameter tickle_frequency: 84.0 (33/61)
Scanning parameter tickle_frequency: 86.0 (34/61)
Scanning parameter tickle_frequency: 88.0 (35/61)
Scanning parameter tickle_frequency: 90.0 (36/61)
Scanning parameter tickle_frequency: 92.0 (37/61)
Scanning parameter tickle_frequency: 94.0 (38/61)
Scanning parameter tickle_frequency: 96.0 (39/61)
Scanning parameter tickle_frequency: 98.0 (40/61)
Scanning parameter tickle_frequency: 100.0 (41/61)
Scanning parameter tickle_frequency: 102.0 (42/61)
Scanning parameter tickle_frequency: 104.0 (43/61)
Scanning parameter tickle_frequency: 106.0 (44/61)
Scanning parameter tickle_frequency: 108.0 (45/61)
Scanning parameter tickle_frequency: 110.0 (46/61)
Scanning parameter tickle_frequency: 112.0 (47/61)
Scanning parameter tickle_frequency: 114.0 (48/61)
Scanning parameter tickle_frequency: 116.0 (49/61)
Scanning parameter tickle_frequency: 118.0 (50/61)
Scanning parameter tickle_frequency: 120.0 (51/61)
Scanning parameter tickle_frequency: 122.0 (52/61)
Scanning parameter tickle_frequency: 124.0 (53/61)
Scanning parameter tickle_frequency: 126.0 (54/61)
Scanning parameter tickle_frequency: 128.0 (55/61)
Scanning parameter tickle_frequency: 130.0 (56/61)
Scanning parameter tickle_frequency: 132.0 (57/61)
Scanning parameter tickle_frequency: 134.0 (58/61)
Scanning parameter tickle_frequency: 136.0 (59/61)
Scanning parameter tickle_frequency: 138.0 (60/61)
Scanning parameter tickle_frequency: 140.0 (61/61)
Saving data...
Config file written.
Experiment /home/electrons/software/data/20260223/20260223_173013 finished.
Experiment finished.
  48.  50.  52.  54.  56.  58.  60.  62.  64.  66.  68.  70.  72.  74.
  76.  78.  80.  82.  84.  86.  88.  90.  92.  94.  96.  98. 100. 102.
 104. 106. 108. 110. 112. 114. 116. 118. 120. 122. 124. 126. 128. 130.
 132. 134. 136. 138. 140.]


stderr:
/home/electrons/software/Electrons_Artiq_Sequences/artiq-master/repository/helper_functions/analyze_functions.py:226: VisibleDeprecationWarning: Creating an ndarray from ragged nested sequences (which is a list-or-tuple of lists-or-tuples-or ndarrays with different lengths or shapes) is deprecated. If you meant to do this, you must specify 'dtype=object' when creating the ndarray.
  arr = np.array(self.get_dataset(hlp['var']))

============================================================

============================================================
timestamp: 20260223_173524
stdout:
b'Keysight Technologies,N9000B,MY60251535,A.32.01\n'
Successfully sent setpoint 768.708843 THz to laser 390!
Successfully sent setpoint 709.079620 THz to laser 422!
[MCP] Applying MCP Voltage: 400.000, 2400.000, 2600.000

****************************************************************************************************
* Starting new scan
****************************************************************************************************

Scanning parameter tickle_frequency: 20.0 (1/61)
Scanning parameter tickle_frequency: 22.0 (2/61)
Scanning parameter tickle_frequency: 24.0 (3/61)
Scanning parameter tickle_frequency: 26.0 (4/61)
Scanning parameter tickle_frequency: 28.0 (5/61)
Scanning parameter tickle_frequency: 30.0 (6/61)
Scanning parameter tickle_frequency: 32.0 (7/61)
Scanning parameter tickle_frequency: 34.0 (8/61)
Scanning parameter tickle_frequency: 36.0 (9/61)
Scanning parameter tickle_frequency: 38.0 (10/61)
Scanning parameter tickle_frequency: 40.0 (11/61)
Scanning parameter tickle_frequency: 42.0 (12/61)
Scanning parameter tickle_frequency: 44.0 (13/61)
Scanning parameter tickle_frequency: 46.0 (14/61)
Scanning parameter tickle_frequency: 48.0 (15/61)
Scanning parameter tickle_frequency: 50.0 (16/61)
Scanning parameter tickle_frequency: 52.0 (17/61)
Scanning parameter tickle_frequency: 54.0 (18/61)
Scanning parameter tickle_frequency: 56.0 (19/61)
Scanning parameter tickle_frequency: 58.0 (20/61)
Scanning parameter tickle_frequency: 60.0 (21/61)
Scanning parameter tickle_frequency: 62.0 (22/61)
Scanning parameter tickle_frequency: 64.0 (23/61)
Scanning parameter tickle_frequency: 66.0 (24/61)
Scanning parameter tickle_frequency: 68.0 (25/61)
Scanning parameter tickle_frequency: 70.0 (26/61)
Scanning parameter tickle_frequency: 72.0 (27/61)
Scanning parameter tickle_frequency: 74.0 (28/61)
Scanning parameter tickle_frequency: 76.0 (29/61)
Scanning parameter tickle_frequency: 78.0 (30/61)
Scanning parameter tickle_frequency: 80.0 (31/61)
Scanning parameter tickle_frequency: 82.0 (32/61)
Scanning parameter tickle_frequency: 84.0 (33/61)
Scanning parameter tickle_frequency: 86.0 (34/61)
Scanning parameter tickle_frequency: 88.0 (35/61)
Scanning parameter tickle_frequency: 90.0 (36/61)
Scanning parameter tickle_frequency: 92.0 (37/61)
Scanning parameter tickle_frequency: 94.0 (38/61)
Scanning parameter tickle_frequency: 96.0 (39/61)
Scanning parameter tickle_frequency: 98.0 (40/61)
Scanning parameter tickle_frequency: 100.0 (41/61)
Scanning parameter tickle_frequency: 102.0 (42/61)
Scanning parameter tickle_frequency: 104.0 (43/61)
Scanning parameter tickle_frequency: 106.0 (44/61)
Scanning parameter tickle_frequency: 108.0 (45/61)
Scanning parameter tickle_frequency: 110.0 (46/61)
Scanning parameter tickle_frequency: 112.0 (47/61)
Scanning parameter tickle_frequency: 114.0 (48/61)
Scanning parameter tickle_frequency: 116.0 (49/61)
Scanning parameter tickle_frequency: 118.0 (50/61)
Scanning parameter tickle_frequency: 120.0 (51/61)
Scanning parameter tickle_frequency: 122.0 (52/61)
Scanning parameter tickle_frequency: 124.0 (53/61)
Laser error (Laser frequency of 422 is off, please fix it manually!)
Scanning parameter tickle_frequency: 126.0 (54/61)
Scanning parameter tickle_frequency: 128.0 (55/61)
Scanning parameter tickle_frequency: 130.0 (56/61)
Scanning parameter tickle_frequency: 132.0 (57/61)
Scanning parameter tickle_frequency: 134.0 (58/61)
Scanning parameter tickle_frequency: 136.0 (59/61)
Scanning parameter tickle_frequency: 138.0 (60/61)
Scanning parameter tickle_frequency: 140.0 (61/61)
Saving data...
Config file written.
Experiment /home/electrons/software/data/20260223/20260223_173524 finished.
Experiment finished.
  48.  50.  52.  54.  56.  58.  60.  62.  64.  66.  68.  70.  72.  74.
  76.  78.  80.  82.  84.  86.  88.  90.  92.  94.  96.  98. 100. 102.
 104. 106. 108. 110. 112. 114. 116. 118. 120. 122. 124. 126. 128. 130.
 132. 134. 136. 138. 140.]


stderr:
/home/electrons/software/Electrons_Artiq_Sequences/artiq-master/repository/helper_functions/analyze_functions.py:226: VisibleDeprecationWarning: Creating an ndarray from ragged nested sequences (which is a list-or-tuple of lists-or-tuples-or ndarrays with different lengths or shapes) is deprecated. If you meant to do this, you must specify 'dtype=object' when creating the ndarray.
  arr = np.array(self.get_dataset(hlp['var']))

============================================================

============================================================
timestamp: 20260223_174036
stdout:
b'Keysight Technologies,N9000B,MY60251535,A.32.01\n'
Successfully sent setpoint 768.708843 THz to laser 390!
Successfully sent setpoint 709.079620 THz to laser 422!
[MCP] Applying MCP Voltage: 400.000, 2400.000, 2600.000

****************************************************************************************************
* Starting new scan
****************************************************************************************************

Scanning parameter tickle_frequency: 20.0 (1/61)
Scanning parameter tickle_frequency: 22.0 (2/61)
Scanning parameter tickle_frequency: 24.0 (3/61)
Scanning parameter tickle_frequency: 26.0 (4/61)
Scanning parameter tickle_frequency: 28.0 (5/61)
Scanning parameter tickle_frequency: 30.0 (6/61)
Scanning parameter tickle_frequency: 32.0 (7/61)
Scanning parameter tickle_frequency: 34.0 (8/61)
Scanning parameter tickle_frequency: 36.0 (9/61)
Scanning parameter tickle_frequency: 38.0 (10/61)
Scanning parameter tickle_frequency: 40.0 (11/61)
Scanning parameter tickle_frequency: 42.0 (12/61)
Scanning parameter tickle_frequency: 44.0 (13/61)
Scanning parameter tickle_frequency: 46.0 (14/61)
Scanning parameter tickle_frequency: 48.0 (15/61)
Scanning parameter tickle_frequency: 50.0 (16/61)
Scanning parameter tickle_frequency: 52.0 (17/61)
Scanning parameter tickle_frequency: 54.0 (18/61)
Scanning parameter tickle_frequency: 56.0 (19/61)
Scanning parameter tickle_frequency: 58.0 (20/61)
Scanning parameter tickle_frequency: 60.0 (21/61)
Scanning parameter tickle_frequency: 62.0 (22/61)
Scanning parameter tickle_frequency: 64.0 (23/61)
Scanning parameter tickle_frequency: 66.0 (24/61)
Scanning parameter tickle_frequency: 68.0 (25/61)
Scanning parameter tickle_frequency: 70.0 (26/61)
Scanning parameter tickle_frequency: 72.0 (27/61)
Scanning parameter tickle_frequency: 74.0 (28/61)
Scanning parameter tickle_frequency: 76.0 (29/61)
Scanning parameter tickle_frequency: 78.0 (30/61)
Scanning parameter tickle_frequency: 80.0 (31/61)
Scanning parameter tickle_frequency: 82.0 (32/61)
Scanning parameter tickle_frequency: 84.0 (33/61)
Scanning parameter tickle_frequency: 86.0 (34/61)
Scanning parameter tickle_frequency: 88.0 (35/61)
Scanning parameter tickle_frequency: 90.0 (36/61)
Scanning parameter tickle_frequency: 92.0 (37/61)
Scanning parameter tickle_frequency: 94.0 (38/61)
Scanning parameter tickle_frequency: 96.0 (39/61)
Scanning parameter tickle_frequency: 98.0 (40/61)
Scanning parameter tickle_frequency: 100.0 (41/61)
Scanning parameter tickle_frequency: 102.0 (42/61)
Scanning parameter tickle_frequency: 104.0 (43/61)
Scanning parameter tickle_frequency: 106.0 (44/61)
Scanning parameter tickle_frequency: 108.0 (45/61)
Scanning parameter tickle_frequency: 110.0 (46/61)
Scanning parameter tickle_frequency: 112.0 (47/61)
Scanning parameter tickle_frequency: 114.0 (48/61)
Scanning parameter tickle_frequency: 116.0 (49/61)
Scanning parameter tickle_frequency: 118.0 (50/61)
Scanning parameter tickle_frequency: 120.0 (51/61)
Scanning parameter tickle_frequency: 122.0 (52/61)
Scanning parameter tickle_frequency: 124.0 (53/61)
Scanning parameter tickle_frequency: 126.0 (54/61)
Scanning parameter tickle_frequency: 128.0 (55/61)
Scanning parameter tickle_frequency: 130.0 (56/61)
Scanning parameter tickle_frequency: 132.0 (57/61)
Scanning parameter tickle_frequency: 134.0 (58/61)
Scanning parameter tickle_frequency: 136.0 (59/61)
Scanning parameter tickle_frequency: 138.0 (60/61)
Scanning parameter tickle_frequency: 140.0 (61/61)
Saving data...
Config file written.
Experiment /home/electrons/software/data/20260223/20260223_174036 finished.
Experiment finished.
  48.  50.  52.  54.  56.  58.  60.  62.  64.  66.  68.  70.  72.  74.
  76.  78.  80.  82.  84.  86.  88.  90.  92.  94.  96.  98. 100. 102.
 104. 106. 108. 110. 112. 114. 116. 118. 120. 122. 124. 126. 128. 130.
 132. 134. 136. 138. 140.]


stderr:
/home/electrons/software/Electrons_Artiq_Sequences/artiq-master/repository/helper_functions/analyze_functions.py:226: VisibleDeprecationWarning: Creating an ndarray from ragged nested sequences (which is a list-or-tuple of lists-or-tuples-or ndarrays with different lengths or shapes) is deprecated. If you meant to do this, you must specify 'dtype=object' when creating the ndarray.
  arr = np.array(self.get_dataset(hlp['var']))

============================================================

============================================================
timestamp: 20260223_174547
stdout:
b'Keysight Technologies,N9000B,MY60251535,A.32.01\n'
Successfully sent setpoint 768.708843 THz to laser 390!
Successfully sent setpoint 709.079620 THz to laser 422!
[MCP] Applying MCP Voltage: 400.000, 2400.000, 2600.000

****************************************************************************************************
* Starting new scan
****************************************************************************************************

Scanning parameter tickle_frequency: 20.0 (1/61)
Scanning parameter tickle_frequency: 22.0 (2/61)
Scanning parameter tickle_frequency: 24.0 (3/61)
Scanning parameter tickle_frequency: 26.0 (4/61)
Scanning parameter tickle_frequency: 28.0 (5/61)
Scanning parameter tickle_frequency: 30.0 (6/61)
Scanning parameter tickle_frequency: 32.0 (7/61)
Scanning parameter tickle_frequency: 34.0 (8/61)
Scanning parameter tickle_frequency: 36.0 (9/61)
Scanning parameter tickle_frequency: 38.0 (10/61)
Scanning parameter tickle_frequency: 40.0 (11/61)
Scanning parameter tickle_frequency: 42.0 (12/61)
Scanning parameter tickle_frequency: 44.0 (13/61)
Scanning parameter tickle_frequency: 46.0 (14/61)
Scanning parameter tickle_frequency: 48.0 (15/61)
Scanning parameter tickle_frequency: 50.0 (16/61)
Scanning parameter tickle_frequency: 52.0 (17/61)
Scanning parameter tickle_frequency: 54.0 (18/61)
Scanning parameter tickle_frequency: 56.0 (19/61)
Scanning parameter tickle_frequency: 58.0 (20/61)
Scanning parameter tickle_frequency: 60.0 (21/61)
Scanning parameter tickle_frequency: 62.0 (22/61)
Scanning parameter tickle_frequency: 64.0 (23/61)
Scanning parameter tickle_frequency: 66.0 (24/61)
Scanning parameter tickle_frequency: 68.0 (25/61)
Scanning parameter tickle_frequency: 70.0 (26/61)
Scanning parameter tickle_frequency: 72.0 (27/61)
Scanning parameter tickle_frequency: 74.0 (28/61)
Scanning parameter tickle_frequency: 76.0 (29/61)
Scanning parameter tickle_frequency: 78.0 (30/61)
Scanning parameter tickle_frequency: 80.0 (31/61)
Scanning parameter tickle_frequency: 82.0 (32/61)
Scanning parameter tickle_frequency: 84.0 (33/61)
Scanning parameter tickle_frequency: 86.0 (34/61)
Scanning parameter tickle_frequency: 88.0 (35/61)
Scanning parameter tickle_frequency: 90.0 (36/61)
Scanning parameter tickle_frequency: 92.0 (37/61)
Scanning parameter tickle_frequency: 94.0 (38/61)
Scanning parameter tickle_frequency: 96.0 (39/61)
Scanning parameter tickle_frequency: 98.0 (40/61)
Scanning parameter tickle_frequency: 100.0 (41/61)
Scanning parameter tickle_frequency: 102.0 (42/61)
Scanning parameter tickle_frequency: 104.0 (43/61)
Scanning parameter tickle_frequency: 106.0 (44/61)
Scanning parameter tickle_frequency: 108.0 (45/61)
Scanning parameter tickle_frequency: 110.0 (46/61)
Laser error (Laser frequency of 422 is off, please fix it manually!)
Scanning parameter tickle_frequency: 112.0 (47/61)
Laser error (Laser frequency of 422 is off, please fix it manually!)
Scanning parameter tickle_frequency: 114.0 (48/61)
Scanning parameter tickle_frequency: 116.0 (49/61)
Scanning parameter tickle_frequency: 118.0 (50/61)
Scanning parameter tickle_frequency: 120.0 (51/61)
Scanning parameter tickle_frequency: 122.0 (52/61)
Scanning parameter tickle_frequency: 124.0 (53/61)
Scanning parameter tickle_frequency: 126.0 (54/61)
Scanning parameter tickle_frequency: 128.0 (55/61)
Scanning parameter tickle_frequency: 130.0 (56/61)
Scanning parameter tickle_frequency: 132.0 (57/61)
Scanning parameter tickle_frequency: 134.0 (58/61)
Scanning parameter tickle_frequency: 136.0 (59/61)
Scanning parameter tickle_frequency: 138.0 (60/61)
Scanning parameter tickle_frequency: 140.0 (61/61)
Saving data...
Config file written.
Experiment /home/electrons/software/data/20260223/20260223_174547 finished.
Experiment finished.
  48.  50.  52.  54.  56.  58.  60.  62.  64.  66.  68.  70.  72.  74.
  76.  78.  80.  82.  84.  86.  88.  90.  92.  94.  96.  98. 100. 102.
 104. 106. 108. 110. 112. 114. 116. 118. 120. 122. 124. 126. 128. 130.
 132. 134. 136. 138. 140.]


stderr:
/home/electrons/software/Electrons_Artiq_Sequences/artiq-master/repository/helper_functions/analyze_functions.py:226: VisibleDeprecationWarning: Creating an ndarray from ragged nested sequences (which is a list-or-tuple of lists-or-tuples-or ndarrays with different lengths or shapes) is deprecated. If you meant to do this, you must specify 'dtype=object' when creating the ndarray.
  arr = np.array(self.get_dataset(hlp['var']))

============================================================

============================================================
timestamp: 20260223_175058
stdout:
b'Keysight Technologies,N9000B,MY60251535,A.32.01\n'
Successfully sent setpoint 768.708843 THz to laser 390!
Successfully sent setpoint 709.079620 THz to laser 422!
[MCP] Applying MCP Voltage: 400.000, 2400.000, 2600.000

****************************************************************************************************
* Starting new scan
****************************************************************************************************

Scanning parameter tickle_frequency: 20.0 (1/61)
Scanning parameter tickle_frequency: 22.0 (2/61)
Scanning parameter tickle_frequency: 24.0 (3/61)
Scanning parameter tickle_frequency: 26.0 (4/61)
Scanning parameter tickle_frequency: 28.0 (5/61)
Scanning parameter tickle_frequency: 30.0 (6/61)
Scanning parameter tickle_frequency: 32.0 (7/61)
Scanning parameter tickle_frequency: 34.0 (8/61)
Scanning parameter tickle_frequency: 36.0 (9/61)
Scanning parameter tickle_frequency: 38.0 (10/61)
Scanning parameter tickle_frequency: 40.0 (11/61)
Scanning parameter tickle_frequency: 42.0 (12/61)
Scanning parameter tickle_frequency: 44.0 (13/61)
Scanning parameter tickle_frequency: 46.0 (14/61)
Scanning parameter tickle_frequency: 48.0 (15/61)
Scanning parameter tickle_frequency: 50.0 (16/61)
Scanning parameter tickle_frequency: 52.0 (17/61)
Scanning parameter tickle_frequency: 54.0 (18/61)
Scanning parameter tickle_frequency: 56.0 (19/61)
Scanning parameter tickle_frequency: 58.0 (20/61)
Scanning parameter tickle_frequency: 60.0 (21/61)
Scanning parameter tickle_frequency: 62.0 (22/61)
Scanning parameter tickle_frequency: 64.0 (23/61)
Scanning parameter tickle_frequency: 66.0 (24/61)
Scanning parameter tickle_frequency: 68.0 (25/61)
Scanning parameter tickle_frequency: 70.0 (26/61)
Scanning parameter tickle_frequency: 72.0 (27/61)
Scanning parameter tickle_frequency: 74.0 (28/61)
Scanning parameter tickle_frequency: 76.0 (29/61)
Scanning parameter tickle_frequency: 78.0 (30/61)
Scanning parameter tickle_frequency: 80.0 (31/61)
Scanning parameter tickle_frequency: 82.0 (32/61)
Laser error (Laser frequency of 422 is off, please fix it manually!)
Scanning parameter tickle_frequency: 84.0 (33/61)
Scanning parameter tickle_frequency: 86.0 (34/61)
Scanning parameter tickle_frequency: 88.0 (35/61)
Scanning parameter tickle_frequency: 90.0 (36/61)
Scanning parameter tickle_frequency: 92.0 (37/61)
Scanning parameter tickle_frequency: 94.0 (38/61)
Scanning parameter tickle_frequency: 96.0 (39/61)
Scanning parameter tickle_frequency: 98.0 (40/61)
Scanning parameter tickle_frequency: 100.0 (41/61)
Scanning parameter tickle_frequency: 102.0 (42/61)
Laser error (Laser frequency of 422 is off, please fix it manually!)
Scanning parameter tickle_frequency: 104.0 (43/61)
Scanning parameter tickle_frequency: 106.0 (44/61)
Scanning parameter tickle_frequency: 108.0 (45/61)
Scanning parameter tickle_frequency: 110.0 (46/61)
Scanning parameter tickle_frequency: 112.0 (47/61)
Scanning parameter tickle_frequency: 114.0 (48/61)
Scanning parameter tickle_frequency: 116.0 (49/61)
Scanning parameter tickle_frequency: 118.0 (50/61)
Scanning parameter tickle_frequency: 120.0 (51/61)
Scanning parameter tickle_frequency: 122.0 (52/61)
Scanning parameter tickle_frequency: 124.0 (53/61)
Scanning parameter tickle_frequency: 126.0 (54/61)
Scanning parameter tickle_frequency: 128.0 (55/61)
Scanning parameter tickle_frequency: 130.0 (56/61)
Scanning parameter tickle_frequency: 132.0 (57/61)
Scanning parameter tickle_frequency: 134.0 (58/61)
Scanning parameter tickle_frequency: 136.0 (59/61)
Scanning parameter tickle_frequency: 138.0 (60/61)
Scanning parameter tickle_frequency: 140.0 (61/61)
Saving data...
Config file written.
Experiment /home/electrons/software/data/20260223/20260223_175058 finished.
Experiment finished.
  48.  50.  52.  54.  56.  58.  60.  62.  64.  66.  68.  70.  72.  74.
  76.  78.  80.  82.  84.  86.  88.  90.  92.  94.  96.  98. 100. 102.
 104. 106. 108. 110. 112. 114. 116. 118. 120. 122. 124. 126. 128. 130.
 132. 134. 136. 138. 140.]


stderr:
/home/electrons/software/Electrons_Artiq_Sequences/artiq-master/repository/helper_functions/analyze_functions.py:226: VisibleDeprecationWarning: Creating an ndarray from ragged nested sequences (which is a list-or-tuple of lists-or-tuples-or ndarrays with different lengths or shapes) is deprecated. If you meant to do this, you must specify 'dtype=object' when creating the ndarray.
  arr = np.array(self.get_dataset(hlp['var']))

============================================================

============================================================
timestamp: 20260223_175610
stdout:
b'Keysight Technologies,N9000B,MY60251535,A.32.01\n'
Successfully sent setpoint 768.708843 THz to laser 390!
Successfully sent setpoint 709.079620 THz to laser 422!
[MCP] Applying MCP Voltage: 400.000, 2400.000, 2600.000

****************************************************************************************************
* Starting new scan
****************************************************************************************************

Scanning parameter tickle_frequency: 20.0 (1/61)
Laser error (Laser frequency of 422 is off, please fix it manually!)
Scanning parameter tickle_frequency: 22.0 (2/61)
Scanning parameter tickle_frequency: 24.0 (3/61)
Laser error (Laser frequency of 422 is off, please fix it manually!)
Scanning parameter tickle_frequency: 26.0 (4/61)
Scanning parameter tickle_frequency: 28.0 (5/61)
Scanning parameter tickle_frequency: 30.0 (6/61)
Scanning parameter tickle_frequency: 32.0 (7/61)
Scanning parameter tickle_frequency: 34.0 (8/61)
Scanning parameter tickle_frequency: 36.0 (9/61)
Scanning parameter tickle_frequency: 38.0 (10/61)
Scanning parameter tickle_frequency: 40.0 (11/61)
Scanning parameter tickle_frequency: 42.0 (12/61)
Laser error (Laser frequency of 422 is off, please fix it manually!)
Scanning parameter tickle_frequency: 44.0 (13/61)
Scanning parameter tickle_frequency: 46.0 (14/61)
Scanning parameter tickle_frequency: 48.0 (15/61)
Scanning parameter tickle_frequency: 50.0 (16/61)
Scanning parameter tickle_frequency: 52.0 (17/61)
Scanning parameter tickle_frequency: 54.0 (18/61)
Scanning parameter tickle_frequency: 56.0 (19/61)
Scanning parameter tickle_frequency: 58.0 (20/61)
Scanning parameter tickle_frequency: 60.0 (21/61)
Scanning parameter tickle_frequency: 62.0 (22/61)
Scanning parameter tickle_frequency: 64.0 (23/61)
Scanning parameter tickle_frequency: 66.0 (24/61)
Scanning parameter tickle_frequency: 68.0 (25/61)
Scanning parameter tickle_frequency: 70.0 (26/61)
Scanning parameter tickle_frequency: 72.0 (27/61)
Scanning parameter tickle_frequency: 74.0 (28/61)
Scanning parameter tickle_frequency: 76.0 (29/61)
Laser error (Laser frequency of 422 is off, please fix it manually!)
Scanning parameter tickle_frequency: 78.0 (30/61)
Scanning parameter tickle_frequency: 80.0 (31/61)
Scanning parameter tickle_frequency: 82.0 (32/61)
Scanning parameter tickle_frequency: 84.0 (33/61)
Scanning parameter tickle_frequency: 86.0 (34/61)
Scanning parameter tickle_frequency: 88.0 (35/61)
Scanning parameter tickle_frequency: 90.0 (36/61)
Scanning parameter tickle_frequency: 92.0 (37/61)
Scanning parameter tickle_frequency: 94.0 (38/61)
Scanning parameter tickle_frequency: 96.0 (39/61)
Scanning parameter tickle_frequency: 98.0 (40/61)
Scanning parameter tickle_frequency: 100.0 (41/61)
Scanning parameter tickle_frequency: 102.0 (42/61)
Scanning parameter tickle_frequency: 104.0 (43/61)
Scanning parameter tickle_frequency: 106.0 (44/61)
Scanning parameter tickle_frequency: 108.0 (45/61)
Scanning parameter tickle_frequency: 110.0 (46/61)
Scanning parameter tickle_frequency: 112.0 (47/61)
Scanning parameter tickle_frequency: 114.0 (48/61)
Scanning parameter tickle_frequency: 116.0 (49/61)
Scanning parameter tickle_frequency: 118.0 (50/61)
Scanning parameter tickle_frequency: 120.0 (51/61)
Scanning parameter tickle_frequency: 122.0 (52/61)
Scanning parameter tickle_frequency: 124.0 (53/61)
Scanning parameter tickle_frequency: 126.0 (54/61)
Scanning parameter tickle_frequency: 128.0 (55/61)
Scanning parameter tickle_frequency: 130.0 (56/61)
Scanning parameter tickle_frequency: 132.0 (57/61)
Scanning parameter tickle_frequency: 134.0 (58/61)
Scanning parameter tickle_frequency: 136.0 (59/61)
Scanning parameter tickle_frequency: 138.0 (60/61)
Laser error (Laser frequency of 422 is off, please fix it manually!)
Scanning parameter tickle_frequency: 140.0 (61/61)
Saving data...
Config file written.
Experiment /home/electrons/software/data/20260223/20260223_175610 finished.
Experiment finished.
  48.  50.  52.  54.  56.  58.  60.  62.  64.  66.  68.  70.  72.  74.
  76.  78.  80.  82.  84.  86.  88.  90.  92.  94.  96.  98. 100. 102.
 104. 106. 108. 110. 112. 114. 116. 118. 120. 122. 124. 126. 128. 130.
 132. 134. 136. 138. 140.]


stderr:
/home/electrons/software/Electrons_Artiq_Sequences/artiq-master/repository/helper_functions/analyze_functions.py:226: VisibleDeprecationWarning: Creating an ndarray from ragged nested sequences (which is a list-or-tuple of lists-or-tuples-or ndarrays with different lengths or shapes) is deprecated. If you meant to do this, you must specify 'dtype=object' when creating the ndarray.
  arr = np.array(self.get_dataset(hlp['var']))

============================================================

============================================================
timestamp: 
stdout:


stderr:
Traceback (most recent call last):
  File "/nix/store/vpkbabjwkqf8g9l1k6w1d838amsq15z4-python3.8-artiq-6.7621.d9b01ed8/bin/.artiq_run-wrapped", line 9, in <module>
    sys.exit(main())
  File "/home/electrons/.nix-profile/lib/python3.8/site-packages/artiq/frontend/artiq_run.py", line 224, in main
    return run(with_file=True)
  File "/home/electrons/.nix-profile/lib/python3.8/site-packages/artiq/frontend/artiq_run.py", line 210, in run
    raise exn
  File "/home/electrons/.nix-profile/lib/python3.8/site-packages/artiq/frontend/artiq_run.py", line 201, in run
    exp_inst = _build_experiment(device_mgr, dataset_mgr, args)
  File "/home/electrons/.nix-profile/lib/python3.8/site-packages/artiq/frontend/artiq_run.py", line 176, in _build_experiment
    module = file_import(args.file, prefix="artiq_run_")
  File "/home/electrons/.nix-profile/lib/python3.8/site-packages/artiq/tools.py", line 83, in file_import
    spec.loader.exec_module(module)
  File "/home/electrons/.nix-profile/lib/python3.8/site-packages/artiq/compiler/import_cache.py", line 23, in hook_exec_module
    im_exec_module(self, module)
  File "<frozen importlib._bootstrap_external>", line 843, in exec_module
  File "<frozen importlib._bootstrap>", line 219, in _call_with_frames_removed
  File "/home/electrons/software/Electrons_Artiq_Sequences/artiq-master/repository/Modular/single_parameter_scan.py", line 9, in <module>
    from prepare_functions import ofat_prepare
  File "<frozen importlib._bootstrap>", line 991, in _find_and_load
  File "<frozen importlib._bootstrap>", line 975, in _find_and_load_unlocked
  File "<frozen importlib._bootstrap>", line 671, in _load_unlocked
  File "/home/electrons/.nix-profile/lib/python3.8/site-packages/artiq/compiler/import_cache.py", line 23, in hook_exec_module
    im_exec_module(self, module)
  File "/home/electrons/software/Electrons_Artiq_Sequences/artiq-master/repository/helper_functions/prepare_functions.py", line 10, in <module>
    from rigol   import DSG821, DG4162
  File "<frozen importlib._bootstrap>", line 991, in _find_and_load
  File "<frozen importlib._bootstrap>", line 975, in _find_and_load_unlocked
  File "<frozen importlib._bootstrap>", line 671, in _load_unlocked
  File "/home/electrons/.nix-profile/lib/python3.8/site-packages/artiq/compiler/import_cache.py", line 23, in hook_exec_module
    im_exec_module(self, module)
  File "/home/electrons/software/Electrons_Artiq_Sequences/drivers/rigol.py", line 111
    def send_force_reset(self)
                             ^
SyntaxError: invalid syntax

============================================================

============================================================
timestamp: 20260223_180858
stdout:
b'Keysight Technologies,N9000B,MY60251535,A.32.01\n'
Successfully sent setpoint 768.708843 THz to laser 390!
Successfully sent setpoint 709.079620 THz to laser 422!
[MCP] Applying MCP Voltage: 400.000, 2400.000, 2600.000

****************************************************************************************************
* Starting new scan
****************************************************************************************************

Scanning parameter tickle_frequency: 20.0 (1/61)
Scanning parameter tickle_frequency: 22.0 (2/61)
Scanning parameter tickle_frequency: 24.0 (3/61)
Scanning parameter tickle_frequency: 26.0 (4/61)
Scanning parameter tickle_frequency: 28.0 (5/61)
Scanning parameter tickle_frequency: 30.0 (6/61)
Scanning parameter tickle_frequency: 32.0 (7/61)
Scanning parameter tickle_frequency: 34.0 (8/61)
Scanning parameter tickle_frequency: 36.0 (9/61)
Scanning parameter tickle_frequency: 38.0 (10/61)
Scanning parameter tickle_frequency: 40.0 (11/61)
Scanning parameter tickle_frequency: 42.0 (12/61)
Scanning parameter tickle_frequency: 44.0 (13/61)
Scanning parameter tickle_frequency: 46.0 (14/61)
Scanning parameter tickle_frequency: 48.0 (15/61)
Scanning parameter tickle_frequency: 50.0 (16/61)
Scanning parameter tickle_frequency: 52.0 (17/61)
Scanning parameter tickle_frequency: 54.0 (18/61)
Scanning parameter tickle_frequency: 56.0 (19/61)
Scanning parameter tickle_frequency: 58.0 (20/61)
Scanning parameter tickle_frequency: 60.0 (21/61)
Scanning parameter tickle_frequency: 62.0 (22/61)
Scanning parameter tickle_frequency: 64.0 (23/61)
Scanning parameter tickle_frequency: 66.0 (24/61)
Scanning parameter tickle_frequency: 68.0 (25/61)
Scanning parameter tickle_frequency: 70.0 (26/61)
Scanning parameter tickle_frequency: 72.0 (27/61)
Scanning parameter tickle_frequency: 74.0 (28/61)
Scanning parameter tickle_frequency: 76.0 (29/61)
Scanning parameter tickle_frequency: 78.0 (30/61)
Laser error (Laser frequency of 422 is off, please fix it manually!)
Scanning parameter tickle_frequency: 80.0 (31/61)
Scanning parameter tickle_frequency: 82.0 (32/61)
Scanning parameter tickle_frequency: 84.0 (33/61)
Scanning parameter tickle_frequency: 86.0 (34/61)
Scanning parameter tickle_frequency: 88.0 (35/61)
Scanning parameter tickle_frequency: 90.0 (36/61)
Scanning parameter tickle_frequency: 92.0 (37/61)
Scanning parameter tickle_frequency: 94.0 (38/61)
Scanning parameter tickle_frequency: 96.0 (39/61)
Scanning parameter tickle_frequency: 98.0 (40/61)
Scanning parameter tickle_frequency: 100.0 (41/61)
Scanning parameter tickle_frequency: 102.0 (42/61)
Scanning parameter tickle_frequency: 104.0 (43/61)
Scanning parameter tickle_frequency: 106.0 (44/61)
Scanning parameter tickle_frequency: 108.0 (45/61)
Scanning parameter tickle_frequency: 110.0 (46/61)
Scanning parameter tickle_frequency: 112.0 (47/61)
Scanning parameter tickle_frequency: 114.0 (48/61)
Scanning parameter tickle_frequency: 116.0 (49/61)
Scanning parameter tickle_frequency: 118.0 (50/61)
Scanning parameter tickle_frequency: 120.0 (51/61)
Scanning parameter tickle_frequency: 122.0 (52/61)
Scanning parameter tickle_frequency: 124.0 (53/61)
Scanning parameter tickle_frequency: 126.0 (54/61)
Scanning parameter tickle_frequency: 128.0 (55/61)
Scanning parameter tickle_frequency: 130.0 (56/61)
Scanning parameter tickle_frequency: 132.0 (57/61)
Scanning parameter tickle_frequency: 134.0 (58/61)
Scanning parameter tickle_frequency: 136.0 (59/61)
Scanning parameter tickle_frequency: 138.0 (60/61)
Scanning parameter tickle_frequency: 140.0 (61/61)
Saving data...
Config file written.
Experiment /home/electrons/software/data/20260223/20260223_180858 finished.
Experiment finished.
  48.  50.  52.  54.  56.  58.  60.  62.  64.  66.  68.  70.  72.  74.
  76.  78.  80.  82.  84.  86.  88.  90.  92.  94.  96.  98. 100. 102.
 104. 106. 108. 110. 112. 114. 116. 118. 120. 122. 124. 126. 128. 130.
 132. 134. 136. 138. 140.]


stderr:
/home/electrons/software/Electrons_Artiq_Sequences/artiq-master/repository/helper_functions/analyze_functions.py:226: VisibleDeprecationWarning: Creating an ndarray from ragged nested sequences (which is a list-or-tuple of lists-or-tuples-or ndarrays with different lengths or shapes) is deprecated. If you meant to do this, you must specify 'dtype=object' when creating the ndarray.
  arr = np.array(self.get_dataset(hlp['var']))

============================================================

============================================================
timestamp: 20260223_181410
stdout:
b'Keysight Technologies,N9000B,MY60251535,A.32.01\n'
Successfully sent setpoint 768.708843 THz to laser 390!
Successfully sent setpoint 709.079620 THz to laser 422!
[MCP] Applying MCP Voltage: 400.000, 2400.000, 2600.000

****************************************************************************************************
* Starting new scan
****************************************************************************************************

Scanning parameter tickle_frequency: 20.0 (1/61)
Scanning parameter tickle_frequency: 22.0 (2/61)
Scanning parameter tickle_frequency: 24.0 (3/61)
Scanning parameter tickle_frequency: 26.0 (4/61)
Scanning parameter tickle_frequency: 28.0 (5/61)
Scanning parameter tickle_frequency: 30.0 (6/61)
Scanning parameter tickle_frequency: 32.0 (7/61)
Scanning parameter tickle_frequency: 34.0 (8/61)
Scanning parameter tickle_frequency: 36.0 (9/61)
Scanning parameter tickle_frequency: 38.0 (10/61)
Scanning parameter tickle_frequency: 40.0 (11/61)
Scanning parameter tickle_frequency: 42.0 (12/61)
Scanning parameter tickle_frequency: 44.0 (13/61)
Scanning parameter tickle_frequency: 46.0 (14/61)
Scanning parameter tickle_frequency: 48.0 (15/61)
Scanning parameter tickle_frequency: 50.0 (16/61)
Scanning parameter tickle_frequency: 52.0 (17/61)
Scanning parameter tickle_frequency: 54.0 (18/61)
Scanning parameter tickle_frequency: 56.0 (19/61)
Scanning parameter tickle_frequency: 58.0 (20/61)
Scanning parameter tickle_frequency: 60.0 (21/61)
Scanning parameter tickle_frequency: 62.0 (22/61)
Scanning parameter tickle_frequency: 64.0 (23/61)
Scanning parameter tickle_frequency: 66.0 (24/61)
Scanning parameter tickle_frequency: 68.0 (25/61)
Scanning parameter tickle_frequency: 70.0 (26/61)
Scanning parameter tickle_frequency: 72.0 (27/61)
Scanning parameter tickle_frequency: 74.0 (28/61)
Scanning parameter tickle_frequency: 76.0 (29/61)
Scanning parameter tickle_frequency: 78.0 (30/61)
Scanning parameter tickle_frequency: 80.0 (31/61)
Scanning parameter tickle_frequency: 82.0 (32/61)
Scanning parameter tickle_frequency: 84.0 (33/61)
Scanning parameter tickle_frequency: 86.0 (34/61)
Scanning parameter tickle_frequency: 88.0 (35/61)
Scanning parameter tickle_frequency: 90.0 (36/61)
Scanning parameter tickle_frequency: 92.0 (37/61)
Scanning parameter tickle_frequency: 94.0 (38/61)
Scanning parameter tickle_frequency: 96.0 (39/61)
Scanning parameter tickle_frequency: 98.0 (40/61)
Scanning parameter tickle_frequency: 100.0 (41/61)
Scanning parameter tickle_frequency: 102.0 (42/61)
Scanning parameter tickle_frequency: 104.0 (43/61)
Scanning parameter tickle_frequency: 106.0 (44/61)
Scanning parameter tickle_frequency: 108.0 (45/61)
Scanning parameter tickle_frequency: 110.0 (46/61)
Scanning parameter tickle_frequency: 112.0 (47/61)
Scanning parameter tickle_frequency: 114.0 (48/61)
Scanning parameter tickle_frequency: 116.0 (49/61)
Scanning parameter tickle_frequency: 118.0 (50/61)
Scanning parameter tickle_frequency: 120.0 (51/61)
Scanning parameter tickle_frequency: 122.0 (52/61)
Scanning parameter tickle_frequency: 124.0 (53/61)
Scanning parameter tickle_frequency: 126.0 (54/61)
Scanning parameter tickle_frequency: 128.0 (55/61)
Scanning parameter tickle_frequency: 130.0 (56/61)
Scanning parameter tickle_frequency: 132.0 (57/61)
Scanning parameter tickle_frequency: 134.0 (58/61)
Scanning parameter tickle_frequency: 136.0 (59/61)
Scanning parameter tickle_frequency: 138.0 (60/61)
Scanning parameter tickle_frequency: 140.0 (61/61)
Saving data...
Config file written.
Experiment /home/electrons/software/data/20260223/20260223_181410 finished.
Experiment finished.
  48.  50.  52.  54.  56.  58.  60.  62.  64.  66.  68.  70.  72.  74.
  76.  78.  80.  82.  84.  86.  88.  90.  92.  94.  96.  98. 100. 102.
 104. 106. 108. 110. 112. 114. 116. 118. 120. 122. 124. 126. 128. 130.
 132. 134. 136. 138. 140.]


stderr:
/home/electrons/software/Electrons_Artiq_Sequences/artiq-master/repository/helper_functions/analyze_functions.py:226: VisibleDeprecationWarning: Creating an ndarray from ragged nested sequences (which is a list-or-tuple of lists-or-tuples-or ndarrays with different lengths or shapes) is deprecated. If you meant to do this, you must specify 'dtype=object' when creating the ndarray.
  arr = np.array(self.get_dataset(hlp['var']))

============================================================

============================================================
timestamp: 20260223_181922
stdout:
b'Keysight Technologies,N9000B,MY60251535,A.32.01\n'
Successfully sent setpoint 768.708843 THz to laser 390!
Successfully sent setpoint 709.079620 THz to laser 422!
[MCP] Applying MCP Voltage: 400.000, 2400.000, 2600.000

****************************************************************************************************
* Starting new scan
****************************************************************************************************

Scanning parameter tickle_frequency: 20.0 (1/61)
Scanning parameter tickle_frequency: 22.0 (2/61)
Scanning parameter tickle_frequency: 24.0 (3/61)
Scanning parameter tickle_frequency: 26.0 (4/61)
Scanning parameter tickle_frequency: 28.0 (5/61)
Scanning parameter tickle_frequency: 30.0 (6/61)
Scanning parameter tickle_frequency: 32.0 (7/61)
Scanning parameter tickle_frequency: 34.0 (8/61)
Scanning parameter tickle_frequency: 36.0 (9/61)
Scanning parameter tickle_frequency: 38.0 (10/61)
Scanning parameter tickle_frequency: 40.0 (11/61)
Scanning parameter tickle_frequency: 42.0 (12/61)
Scanning parameter tickle_frequency: 44.0 (13/61)
Scanning parameter tickle_frequency: 46.0 (14/61)
Scanning parameter tickle_frequency: 48.0 (15/61)
Scanning parameter tickle_frequency: 50.0 (16/61)
Scanning parameter tickle_frequency: 52.0 (17/61)
Scanning parameter tickle_frequency: 54.0 (18/61)
Scanning parameter tickle_frequency: 56.0 (19/61)
Scanning parameter tickle_frequency: 58.0 (20/61)
Scanning parameter tickle_frequency: 60.0 (21/61)
Scanning parameter tickle_frequency: 62.0 (22/61)
Scanning parameter tickle_frequency: 64.0 (23/61)
Scanning parameter tickle_frequency: 66.0 (24/61)
Scanning parameter tickle_frequency: 68.0 (25/61)
Scanning parameter tickle_frequency: 70.0 (26/61)
Scanning parameter tickle_frequency: 72.0 (27/61)
Scanning parameter tickle_frequency: 74.0 (28/61)
Scanning parameter tickle_frequency: 76.0 (29/61)
Scanning parameter tickle_frequency: 78.0 (30/61)
Scanning parameter tickle_frequency: 80.0 (31/61)
Scanning parameter tickle_frequency: 82.0 (32/61)
Scanning parameter tickle_frequency: 84.0 (33/61)
Scanning parameter tickle_frequency: 86.0 (34/61)
Scanning parameter tickle_frequency: 88.0 (35/61)
Scanning parameter tickle_frequency: 90.0 (36/61)
Scanning parameter tickle_frequency: 92.0 (37/61)
Scanning parameter tickle_frequency: 94.0 (38/61)
Scanning parameter tickle_frequency: 96.0 (39/61)
Scanning parameter tickle_frequency: 98.0 (40/61)
Scanning parameter tickle_frequency: 100.0 (41/61)
Scanning parameter tickle_frequency: 102.0 (42/61)
Scanning parameter tickle_frequency: 104.0 (43/61)
Scanning parameter tickle_frequency: 106.0 (44/61)
Scanning parameter tickle_frequency: 108.0 (45/61)
Scanning parameter tickle_frequency: 110.0 (46/61)
Scanning parameter tickle_frequency: 112.0 (47/61)
Scanning parameter tickle_frequency: 114.0 (48/61)
Scanning parameter tickle_frequency: 116.0 (49/61)
Scanning parameter tickle_frequency: 118.0 (50/61)
Scanning parameter tickle_frequency: 120.0 (51/61)
Scanning parameter tickle_frequency: 122.0 (52/61)
Scanning parameter tickle_frequency: 124.0 (53/61)
Scanning parameter tickle_frequency: 126.0 (54/61)
Scanning parameter tickle_frequency: 128.0 (55/61)
Scanning parameter tickle_frequency: 130.0 (56/61)
Scanning parameter tickle_frequency: 132.0 (57/61)
Scanning parameter tickle_frequency: 134.0 (58/61)
Scanning parameter tickle_frequency: 136.0 (59/61)
Scanning parameter tickle_frequency: 138.0 (60/61)
Scanning parameter tickle_frequency: 140.0 (61/61)
Saving data...
Config file written.
Experiment /home/electrons/software/data/20260223/20260223_181922 finished.
Experiment finished.
  48.  50.  52.  54.  56.  58.  60.  62.  64.  66.  68.  70.  72.  74.
  76.  78.  80.  82.  84.  86.  88.  90.  92.  94.  96.  98. 100. 102.
 104. 106. 108. 110. 112. 114. 116. 118. 120. 122. 124. 126. 128. 130.
 132. 134. 136. 138. 140.]


stderr:
/home/electrons/software/Electrons_Artiq_Sequences/artiq-master/repository/helper_functions/analyze_functions.py:226: VisibleDeprecationWarning: Creating an ndarray from ragged nested sequences (which is a list-or-tuple of lists-or-tuples-or ndarrays with different lengths or shapes) is deprecated. If you meant to do this, you must specify 'dtype=object' when creating the ndarray.
  arr = np.array(self.get_dataset(hlp['var']))

============================================================

============================================================
timestamp: 20260223_183258
stdout:
b'Keysight Technologies,N9000B,MY60251535,A.32.01\n'
Successfully sent setpoint 768.708843 THz to laser 390!
Successfully sent setpoint 709.079620 THz to laser 422!
[MCP] Applying MCP Voltage: 400.000, 2400.000, 2600.000

****************************************************************************************************
* Starting new scan
****************************************************************************************************

Scanning parameter tickle_frequency: 20.0 (1/61)
Scanning parameter tickle_frequency: 22.0 (2/61)
Scanning parameter tickle_frequency: 24.0 (3/61)
Scanning parameter tickle_frequency: 26.0 (4/61)
Scanning parameter tickle_frequency: 28.0 (5/61)
Scanning parameter tickle_frequency: 30.0 (6/61)
Scanning parameter tickle_frequency: 32.0 (7/61)
Scanning parameter tickle_frequency: 34.0 (8/61)
Scanning parameter tickle_frequency: 36.0 (9/61)
Scanning parameter tickle_frequency: 38.0 (10/61)
Scanning parameter tickle_frequency: 40.0 (11/61)
Scanning parameter tickle_frequency: 42.0 (12/61)
Scanning parameter tickle_frequency: 44.0 (13/61)
Scanning parameter tickle_frequency: 46.0 (14/61)
Scanning parameter tickle_frequency: 48.0 (15/61)
Scanning parameter tickle_frequency: 50.0 (16/61)
Scanning parameter tickle_frequency: 52.0 (17/61)
Scanning parameter tickle_frequency: 54.0 (18/61)
Scanning parameter tickle_frequency: 56.0 (19/61)
Scanning parameter tickle_frequency: 58.0 (20/61)
Scanning parameter tickle_frequency: 60.0 (21/61)
Scanning parameter tickle_frequency: 62.0 (22/61)
Scanning parameter tickle_frequency: 64.0 (23/61)
Scanning parameter tickle_frequency: 66.0 (24/61)
Scanning parameter tickle_frequency: 68.0 (25/61)
Scanning parameter tickle_frequency: 70.0 (26/61)
Scanning parameter tickle_frequency: 72.0 (27/61)
Scanning parameter tickle_frequency: 74.0 (28/61)
Scanning parameter tickle_frequency: 76.0 (29/61)
Scanning parameter tickle_frequency: 78.0 (30/61)
Scanning parameter tickle_frequency: 80.0 (31/61)
Scanning parameter tickle_frequency: 82.0 (32/61)
Scanning parameter tickle_frequency: 84.0 (33/61)
Scanning parameter tickle_frequency: 86.0 (34/61)
Scanning parameter tickle_frequency: 88.0 (35/61)
Scanning parameter tickle_frequency: 90.0 (36/61)
Scanning parameter tickle_frequency: 92.0 (37/61)
Scanning parameter tickle_frequency: 94.0 (38/61)
Scanning parameter tickle_frequency: 96.0 (39/61)
Scanning parameter tickle_frequency: 98.0 (40/61)
Scanning parameter tickle_frequency: 100.0 (41/61)
Scanning parameter tickle_frequency: 102.0 (42/61)
Scanning parameter tickle_frequency: 104.0 (43/61)
Scanning parameter tickle_frequency: 106.0 (44/61)
Scanning parameter tickle_frequency: 108.0 (45/61)
Scanning parameter tickle_frequency: 110.0 (46/61)
Scanning parameter tickle_frequency: 112.0 (47/61)
Scanning parameter tickle_frequency: 114.0 (48/61)
Scanning parameter tickle_frequency: 116.0 (49/61)
Scanning parameter tickle_frequency: 118.0 (50/61)
Scanning parameter tickle_frequency: 120.0 (51/61)
Scanning parameter tickle_frequency: 122.0 (52/61)
Laser error (Laser frequency of 422 is off, please fix it manually!)
Scanning parameter tickle_frequency: 124.0 (53/61)
Scanning parameter tickle_frequency: 126.0 (54/61)
Scanning parameter tickle_frequency: 128.0 (55/61)
Scanning parameter tickle_frequency: 130.0 (56/61)
Scanning parameter tickle_frequency: 132.0 (57/61)
Scanning parameter tickle_frequency: 134.0 (58/61)
Scanning parameter tickle_frequency: 136.0 (59/61)
Scanning parameter tickle_frequency: 138.0 (60/61)
Laser error (Laser frequency of 422 is off, please fix it manually!)
Scanning parameter tickle_frequency: 140.0 (61/61)
[Error] Failed to close the final signal and RST generator
Saving data...
Config file written.
Experiment /home/electrons/software/data/20260223/20260223_183258 finished.
Experiment finished.
  48.  50.  52.  54.  56.  58.  60.  62.  64.  66.  68.  70.  72.  74.
  76.  78.  80.  82.  84.  86.  88.  90.  92.  94.  96.  98. 100. 102.
 104. 106. 108. 110. 112. 114. 116. 118. 120. 122. 124. 126. 128. 130.
 132. 134. 136. 138. 140.]


stderr:
Traceback (most recent call last):
  File "/home/electrons/software/Electrons_Artiq_Sequences/artiq-master/repository/helper_functions/analyze_functions.py", line 126, in close_instruments
    self.signal.off(disable_output=False, kill_socket=True)
AttributeError: 'SingleParamScan' object has no attribute 'signal'
/home/electrons/software/Electrons_Artiq_Sequences/artiq-master/repository/helper_functions/analyze_functions.py:226: VisibleDeprecationWarning: Creating an ndarray from ragged nested sequences (which is a list-or-tuple of lists-or-tuples-or ndarrays with different lengths or shapes) is deprecated. If you meant to do this, you must specify 'dtype=object' when creating the ndarray.
  arr = np.array(self.get_dataset(hlp['var']))

============================================================

============================================================
timestamp: 20260223_183809
stdout:
b'Keysight Technologies,N9000B,MY60251535,A.32.01\n'
Successfully sent setpoint 768.708843 THz to laser 390!
Successfully sent setpoint 709.079620 THz to laser 422!
[MCP] Applying MCP Voltage: 400.000, 2400.000, 2600.000

****************************************************************************************************
* Starting new scan
****************************************************************************************************

Scanning parameter tickle_frequency: 20.0 (1/61)
Scanning parameter tickle_frequency: 22.0 (2/61)
Scanning parameter tickle_frequency: 24.0 (3/61)
Scanning parameter tickle_frequency: 26.0 (4/61)
Scanning parameter tickle_frequency: 28.0 (5/61)
Scanning parameter tickle_frequency: 30.0 (6/61)
Scanning parameter tickle_frequency: 32.0 (7/61)
Scanning parameter tickle_frequency: 34.0 (8/61)
Scanning parameter tickle_frequency: 36.0 (9/61)
Scanning parameter tickle_frequency: 38.0 (10/61)
Scanning parameter tickle_frequency: 40.0 (11/61)
Scanning parameter tickle_frequency: 42.0 (12/61)
Scanning parameter tickle_frequency: 44.0 (13/61)
Scanning parameter tickle_frequency: 46.0 (14/61)
Scanning parameter tickle_frequency: 48.0 (15/61)
Scanning parameter tickle_frequency: 50.0 (16/61)
Scanning parameter tickle_frequency: 52.0 (17/61)
Scanning parameter tickle_frequency: 54.0 (18/61)
Scanning parameter tickle_frequency: 56.0 (19/61)
Scanning parameter tickle_frequency: 58.0 (20/61)
Scanning parameter tickle_frequency: 60.0 (21/61)
Scanning parameter tickle_frequency: 62.0 (22/61)
Scanning parameter tickle_frequency: 64.0 (23/61)
Scanning parameter tickle_frequency: 66.0 (24/61)
Scanning parameter tickle_frequency: 68.0 (25/61)
Scanning parameter tickle_frequency: 70.0 (26/61)
Scanning parameter tickle_frequency: 72.0 (27/61)
Scanning parameter tickle_frequency: 74.0 (28/61)
Scanning parameter tickle_frequency: 76.0 (29/61)
Scanning parameter tickle_frequency: 78.0 (30/61)
Scanning parameter tickle_frequency: 80.0 (31/61)
Scanning parameter tickle_frequency: 82.0 (32/61)
Scanning parameter tickle_frequency: 84.0 (33/61)
Scanning parameter tickle_frequency: 86.0 (34/61)
Scanning parameter tickle_frequency: 88.0 (35/61)
Scanning parameter tickle_frequency: 90.0 (36/61)
Scanning parameter tickle_frequency: 92.0 (37/61)
Scanning parameter tickle_frequency: 94.0 (38/61)
Scanning parameter tickle_frequency: 96.0 (39/61)
Scanning parameter tickle_frequency: 98.0 (40/61)
Scanning parameter tickle_frequency: 100.0 (41/61)
Scanning parameter tickle_frequency: 102.0 (42/61)
Scanning parameter tickle_frequency: 104.0 (43/61)
Scanning parameter tickle_frequency: 106.0 (44/61)
Scanning parameter tickle_frequency: 108.0 (45/61)
Scanning parameter tickle_frequency: 110.0 (46/61)
Scanning parameter tickle_frequency: 112.0 (47/61)
Scanning parameter tickle_frequency: 114.0 (48/61)
Scanning parameter tickle_frequency: 116.0 (49/61)
Scanning parameter tickle_frequency: 118.0 (50/61)
Scanning parameter tickle_frequency: 120.0 (51/61)
Scanning parameter tickle_frequency: 122.0 (52/61)
Scanning parameter tickle_frequency: 124.0 (53/61)
Scanning parameter tickle_frequency: 126.0 (54/61)
Scanning parameter tickle_frequency: 128.0 (55/61)
Scanning parameter tickle_frequency: 130.0 (56/61)
Scanning parameter tickle_frequency: 132.0 (57/61)
Scanning parameter tickle_frequency: 134.0 (58/61)
Scanning parameter tickle_frequency: 136.0 (59/61)
Scanning parameter tickle_frequency: 138.0 (60/61)
Scanning parameter tickle_frequency: 140.0 (61/61)
[Error] Failed to close the final signal and RST generator
Saving data...
Config file written.
Experiment /home/electrons/software/data/20260223/20260223_183809 finished.
Experiment finished.
  48.  50.  52.  54.  56.  58.  60.  62.  64.  66.  68.  70.  72.  74.
  76.  78.  80.  82.  84.  86.  88.  90.  92.  94.  96.  98. 100. 102.
 104. 106. 108. 110. 112. 114. 116. 118. 120. 122. 124. 126. 128. 130.
 132. 134. 136. 138. 140.]


stderr:
Traceback (most recent call last):
  File "/home/electrons/software/Electrons_Artiq_Sequences/artiq-master/repository/helper_functions/analyze_functions.py", line 126, in close_instruments
    self.signal.off(disable_output=False, kill_socket=True)
AttributeError: 'SingleParamScan' object has no attribute 'signal'
/home/electrons/software/Electrons_Artiq_Sequences/artiq-master/repository/helper_functions/analyze_functions.py:226: VisibleDeprecationWarning: Creating an ndarray from ragged nested sequences (which is a list-or-tuple of lists-or-tuples-or ndarrays with different lengths or shapes) is deprecated. If you meant to do this, you must specify 'dtype=object' when creating the ndarray.
  arr = np.array(self.get_dataset(hlp['var']))

============================================================

============================================================
timestamp: 
stdout:


stderr:
Traceback (most recent call last):
  File "/nix/store/vpkbabjwkqf8g9l1k6w1d838amsq15z4-python3.8-artiq-6.7621.d9b01ed8/bin/.artiq_run-wrapped", line 9, in <module>
    sys.exit(main())
  File "/home/electrons/.nix-profile/lib/python3.8/site-packages/artiq/frontend/artiq_run.py", line 224, in main
    return run(with_file=True)
  File "/home/electrons/.nix-profile/lib/python3.8/site-packages/artiq/frontend/artiq_run.py", line 210, in run
    raise exn
  File "/home/electrons/.nix-profile/lib/python3.8/site-packages/artiq/frontend/artiq_run.py", line 201, in run
    exp_inst = _build_experiment(device_mgr, dataset_mgr, args)
  File "/home/electrons/.nix-profile/lib/python3.8/site-packages/artiq/frontend/artiq_run.py", line 176, in _build_experiment
    module = file_import(args.file, prefix="artiq_run_")
  File "/home/electrons/.nix-profile/lib/python3.8/site-packages/artiq/tools.py", line 83, in file_import
    spec.loader.exec_module(module)
  File "/home/electrons/.nix-profile/lib/python3.8/site-packages/artiq/compiler/import_cache.py", line 23, in hook_exec_module
    im_exec_module(self, module)
  File "<frozen importlib._bootstrap_external>", line 843, in exec_module
  File "<frozen importlib._bootstrap>", line 219, in _call_with_frames_removed
  File "/home/electrons/software/Electrons_Artiq_Sequences/artiq-master/repository/Modular/single_parameter_scan.py", line 9, in <module>
    from prepare_functions import ofat_prepare
  File "<frozen importlib._bootstrap>", line 991, in _find_and_load
  File "<frozen importlib._bootstrap>", line 975, in _find_and_load_unlocked
  File "<frozen importlib._bootstrap>", line 671, in _load_unlocked
  File "/home/electrons/.nix-profile/lib/python3.8/site-packages/artiq/compiler/import_cache.py", line 23, in hook_exec_module
    im_exec_module(self, module)
  File "/home/electrons/software/Electrons_Artiq_Sequences/artiq-master/repository/helper_functions/prepare_functions.py", line 16, in <module>
    from scan_functions import scan_parameter
  File "<frozen importlib._bootstrap>", line 991, in _find_and_load
  File "<frozen importlib._bootstrap>", line 975, in _find_and_load_unlocked
  File "<frozen importlib._bootstrap>", line 671, in _load_unlocked
  File "/home/electrons/.nix-profile/lib/python3.8/site-packages/artiq/compiler/import_cache.py", line 23, in hook_exec_module
    im_exec_module(self, module)
  File "/home/electrons/software/Electrons_Artiq_Sequences/artiq-master/repository/helper_functions/scan_functions.py", line 5, in <module>
    from base_sequences import set_mesh_voltage, set_threshold_voltage, set_multipoles, set_loading_pulse, set_extraction_pulse, set_MCP_voltages, update_detection_time
  File "<frozen importlib._bootstrap>", line 991, in _find_and_load
  File "<frozen importlib._bootstrap>", line 975, in _find_and_load_unlocked
  File "<frozen importlib._bootstrap>", line 671, in _load_unlocked
  File "/home/electrons/.nix-profile/lib/python3.8/site-packages/artiq/compiler/import_cache.py", line 23, in hook_exec_module
    im_exec_module(self, module)
  File "/home/electrons/software/Electrons_Artiq_Sequences/artiq-master/repository/helper_functions/base_sequences.py", line 78
    def recover_threshold_detector(self, max_tries:):
                                                   ^
SyntaxError: invalid syntax

============================================================

============================================================
timestamp: 
stdout:


stderr:
Traceback (most recent call last):
  File "/nix/store/vpkbabjwkqf8g9l1k6w1d838amsq15z4-python3.8-artiq-6.7621.d9b01ed8/bin/.artiq_run-wrapped", line 9, in <module>
    sys.exit(main())
  File "/home/electrons/.nix-profile/lib/python3.8/site-packages/artiq/frontend/artiq_run.py", line 224, in main
    return run(with_file=True)
  File "/home/electrons/.nix-profile/lib/python3.8/site-packages/artiq/frontend/artiq_run.py", line 210, in run
    raise exn
  File "/home/electrons/.nix-profile/lib/python3.8/site-packages/artiq/frontend/artiq_run.py", line 201, in run
    exp_inst = _build_experiment(device_mgr, dataset_mgr, args)
  File "/home/electrons/.nix-profile/lib/python3.8/site-packages/artiq/frontend/artiq_run.py", line 176, in _build_experiment
    module = file_import(args.file, prefix="artiq_run_")
  File "/home/electrons/.nix-profile/lib/python3.8/site-packages/artiq/tools.py", line 83, in file_import
    spec.loader.exec_module(module)
  File "/home/electrons/.nix-profile/lib/python3.8/site-packages/artiq/compiler/import_cache.py", line 23, in hook_exec_module
    im_exec_module(self, module)
  File "<frozen importlib._bootstrap_external>", line 843, in exec_module
  File "<frozen importlib._bootstrap>", line 219, in _call_with_frames_removed
  File "/home/electrons/software/Electrons_Artiq_Sequences/artiq-master/repository/Modular/single_parameter_scan.py", line 9, in <module>
    from prepare_functions import ofat_prepare
  File "<frozen importlib._bootstrap>", line 991, in _find_and_load
  File "<frozen importlib._bootstrap>", line 975, in _find_and_load_unlocked
  File "<frozen importlib._bootstrap>", line 671, in _load_unlocked
  File "/home/electrons/.nix-profile/lib/python3.8/site-packages/artiq/compiler/import_cache.py", line 23, in hook_exec_module
    im_exec_module(self, module)
  File "/home/electrons/software/Electrons_Artiq_Sequences/artiq-master/repository/helper_functions/prepare_functions.py", line 16, in <module>
    from scan_functions import scan_parameter
  File "<frozen importlib._bootstrap>", line 991, in _find_and_load
  File "<frozen importlib._bootstrap>", line 975, in _find_and_load_unlocked
  File "<frozen importlib._bootstrap>", line 671, in _load_unlocked
  File "/home/electrons/.nix-profile/lib/python3.8/site-packages/artiq/compiler/import_cache.py", line 23, in hook_exec_module
    im_exec_module(self, module)
  File "/home/electrons/software/Electrons_Artiq_Sequences/artiq-master/repository/helper_functions/scan_functions.py", line 5, in <module>
    from base_sequences import set_mesh_voltage, set_threshold_voltage, set_multipoles, set_loading_pulse, set_extraction_pulse, set_MCP_voltages, update_detection_time
  File "<frozen importlib._bootstrap>", line 991, in _find_and_load
  File "<frozen importlib._bootstrap>", line 975, in _find_and_load_unlocked
  File "<frozen importlib._bootstrap>", line 671, in _load_unlocked
  File "/home/electrons/.nix-profile/lib/python3.8/site-packages/artiq/compiler/import_cache.py", line 23, in hook_exec_module
    im_exec_module(self, module)
  File "/home/electrons/software/Electrons_Artiq_Sequences/artiq-master/repository/helper_functions/base_sequences.py", line 78
    def recover_threshold_detector(self, max_tries:):
                                                   ^
SyntaxError: invalid syntax

============================================================

============================================================
timestamp: 20260223_184446
stdout:
b'Keysight Technologies,N9000B,MY60251535,A.32.01\n'
Successfully sent setpoint 768.708843 THz to laser 390!
Successfully sent setpoint 709.079620 THz to laser 422!
[MCP] Applying MCP Voltage: 400.000, 2400.000, 2600.000

****************************************************************************************************
* Starting new scan
****************************************************************************************************

Scanning parameter tickle_frequency: 20.0 (1/61)
Scanning parameter tickle_frequency: 22.0 (2/61)
Scanning parameter tickle_frequency: 24.0 (3/61)
Scanning parameter tickle_frequency: 26.0 (4/61)
Scanning parameter tickle_frequency: 28.0 (5/61)
Scanning parameter tickle_frequency: 30.0 (6/61)
Scanning parameter tickle_frequency: 32.0 (7/61)
Scanning parameter tickle_frequency: 34.0 (8/61)
Scanning parameter tickle_frequency: 36.0 (9/61)
Scanning parameter tickle_frequency: 38.0 (10/61)
Scanning parameter tickle_frequency: 40.0 (11/61)
Scanning parameter tickle_frequency: 42.0 (12/61)
Scanning parameter tickle_frequency: 44.0 (13/61)
Scanning parameter tickle_frequency: 46.0 (14/61)
Scanning parameter tickle_frequency: 48.0 (15/61)
Scanning parameter tickle_frequency: 50.0 (16/61)
Scanning parameter tickle_frequency: 52.0 (17/61)
Scanning parameter tickle_frequency: 54.0 (18/61)
Scanning parameter tickle_frequency: 56.0 (19/61)
Scanning parameter tickle_frequency: 58.0 (20/61)
Scanning parameter tickle_frequency: 60.0 (21/61)
Scanning parameter tickle_frequency: 62.0 (22/61)
Scanning parameter tickle_frequency: 64.0 (23/61)
Scanning parameter tickle_frequency: 66.0 (24/61)
Scanning parameter tickle_frequency: 68.0 (25/61)
Scanning parameter tickle_frequency: 70.0 (26/61)
Scanning parameter tickle_frequency: 72.0 (27/61)
Scanning parameter tickle_frequency: 74.0 (28/61)
Scanning parameter tickle_frequency: 76.0 (29/61)
Scanning parameter tickle_frequency: 78.0 (30/61)
Scanning parameter tickle_frequency: 80.0 (31/61)
Scanning parameter tickle_frequency: 82.0 (32/61)
Scanning parameter tickle_frequency: 84.0 (33/61)
Scanning parameter tickle_frequency: 86.0 (34/61)
Scanning parameter tickle_frequency: 88.0 (35/61)
Scanning parameter tickle_frequency: 90.0 (36/61)
Scanning parameter tickle_frequency: 92.0 (37/61)
Scanning parameter tickle_frequency: 94.0 (38/61)
Scanning parameter tickle_frequency: 96.0 (39/61)
Scanning parameter tickle_frequency: 98.0 (40/61)
Scanning parameter tickle_frequency: 100.0 (41/61)
Scanning parameter tickle_frequency: 102.0 (42/61)
Scanning parameter tickle_frequency: 104.0 (43/61)
Scanning parameter tickle_frequency: 106.0 (44/61)
Scanning parameter tickle_frequency: 108.0 (45/61)
Scanning parameter tickle_frequency: 110.0 (46/61)
Scanning parameter tickle_frequency: 112.0 (47/61)
Scanning parameter tickle_frequency: 114.0 (48/61)
Scanning parameter tickle_frequency: 116.0 (49/61)
Scanning parameter tickle_frequency: 118.0 (50/61)
Scanning parameter tickle_frequency: 120.0 (51/61)
Scanning parameter tickle_frequency: 122.0 (52/61)
Scanning parameter tickle_frequency: 124.0 (53/61)
Scanning parameter tickle_frequency: 126.0 (54/61)
Scanning parameter tickle_frequency: 128.0 (55/61)
Scanning parameter tickle_frequency: 130.0 (56/61)
Scanning parameter tickle_frequency: 132.0 (57/61)
Scanning parameter tickle_frequency: 134.0 (58/61)
Scanning parameter tickle_frequency: 136.0 (59/61)
Scanning parameter tickle_frequency: 138.0 (60/61)
Scanning parameter tickle_frequency: 140.0 (61/61)
[Error] Failed to close the final signal and RST generator
Saving data...
Config file written.
Experiment /home/electrons/software/data/20260223/20260223_184446 finished.
Experiment finished.
  48.  50.  52.  54.  56.  58.  60.  62.  64.  66.  68.  70.  72.  74.
  76.  78.  80.  82.  84.  86.  88.  90.  92.  94.  96.  98. 100. 102.
 104. 106. 108. 110. 112. 114. 116. 118. 120. 122. 124. 126. 128. 130.
 132. 134. 136. 138. 140.]


stderr:
Traceback (most recent call last):
  File "/home/electrons/software/Electrons_Artiq_Sequences/artiq-master/repository/helper_functions/analyze_functions.py", line 126, in close_instruments
    self.signal.off(disable_output=False, kill_socket=True)
AttributeError: 'SingleParamScan' object has no attribute 'signal'
/home/electrons/software/Electrons_Artiq_Sequences/artiq-master/repository/helper_functions/analyze_functions.py:226: VisibleDeprecationWarning: Creating an ndarray from ragged nested sequences (which is a list-or-tuple of lists-or-tuples-or ndarrays with different lengths or shapes) is deprecated. If you meant to do this, you must specify 'dtype=object' when creating the ndarray.
  arr = np.array(self.get_dataset(hlp['var']))

============================================================

============================================================
timestamp: 20260223_184957
stdout:
b'Keysight Technologies,N9000B,MY60251535,A.32.01\n'
Successfully sent setpoint 768.708843 THz to laser 390!
Successfully sent setpoint 709.079620 THz to laser 422!
[MCP] Applying MCP Voltage: 400.000, 2400.000, 2600.000

****************************************************************************************************
* Starting new scan
****************************************************************************************************

Scanning parameter tickle_frequency: 20.0 (1/61)
Scanning parameter tickle_frequency: 22.0 (2/61)
Scanning parameter tickle_frequency: 24.0 (3/61)
Scanning parameter tickle_frequency: 26.0 (4/61)
Scanning parameter tickle_frequency: 28.0 (5/61)
Scanning parameter tickle_frequency: 30.0 (6/61)
Scanning parameter tickle_frequency: 32.0 (7/61)
Scanning parameter tickle_frequency: 34.0 (8/61)
Scanning parameter tickle_frequency: 36.0 (9/61)
Scanning parameter tickle_frequency: 38.0 (10/61)
Scanning parameter tickle_frequency: 40.0 (11/61)
Scanning parameter tickle_frequency: 42.0 (12/61)
Scanning parameter tickle_frequency: 44.0 (13/61)
Scanning parameter tickle_frequency: 46.0 (14/61)
Scanning parameter tickle_frequency: 48.0 (15/61)
Scanning parameter tickle_frequency: 50.0 (16/61)
Scanning parameter tickle_frequency: 52.0 (17/61)
Scanning parameter tickle_frequency: 54.0 (18/61)
Scanning parameter tickle_frequency: 56.0 (19/61)
Scanning parameter tickle_frequency: 58.0 (20/61)
Scanning parameter tickle_frequency: 60.0 (21/61)
Scanning parameter tickle_frequency: 62.0 (22/61)
Scanning parameter tickle_frequency: 64.0 (23/61)
Scanning parameter tickle_frequency: 66.0 (24/61)
Scanning parameter tickle_frequency: 68.0 (25/61)
Scanning parameter tickle_frequency: 70.0 (26/61)
Scanning parameter tickle_frequency: 72.0 (27/61)
Scanning parameter tickle_frequency: 74.0 (28/61)
Scanning parameter tickle_frequency: 76.0 (29/61)
Scanning parameter tickle_frequency: 78.0 (30/61)
Scanning parameter tickle_frequency: 80.0 (31/61)
Scanning parameter tickle_frequency: 82.0 (32/61)
Scanning parameter tickle_frequency: 84.0 (33/61)
Scanning parameter tickle_frequency: 86.0 (34/61)
Scanning parameter tickle_frequency: 88.0 (35/61)
Scanning parameter tickle_frequency: 90.0 (36/61)
Scanning parameter tickle_frequency: 92.0 (37/61)
Scanning parameter tickle_frequency: 94.0 (38/61)
Scanning parameter tickle_frequency: 96.0 (39/61)
Scanning parameter tickle_frequency: 98.0 (40/61)
Scanning parameter tickle_frequency: 100.0 (41/61)
Scanning parameter tickle_frequency: 102.0 (42/61)
Scanning parameter tickle_frequency: 104.0 (43/61)
Scanning parameter tickle_frequency: 106.0 (44/61)
Scanning parameter tickle_frequency: 108.0 (45/61)
Scanning parameter tickle_frequency: 110.0 (46/61)
Scanning parameter tickle_frequency: 112.0 (47/61)
Scanning parameter tickle_frequency: 114.0 (48/61)
Scanning parameter tickle_frequency: 116.0 (49/61)
Scanning parameter tickle_frequency: 118.0 (50/61)
Scanning parameter tickle_frequency: 120.0 (51/61)
Scanning parameter tickle_frequency: 122.0 (52/61)
Scanning parameter tickle_frequency: 124.0 (53/61)
Scanning parameter tickle_frequency: 126.0 (54/61)
Scanning parameter tickle_frequency: 128.0 (55/61)
Scanning parameter tickle_frequency: 130.0 (56/61)
Scanning parameter tickle_frequency: 132.0 (57/61)
Scanning parameter tickle_frequency: 134.0 (58/61)
Scanning parameter tickle_frequency: 136.0 (59/61)
Scanning parameter tickle_frequency: 138.0 (60/61)
Scanning parameter tickle_frequency: 140.0 (61/61)
[Error] Failed to close the final signal and RST generator
Saving data...
Config file written.
Experiment /home/electrons/software/data/20260223/20260223_184957 finished.
Experiment finished.
  48.  50.  52.  54.  56.  58.  60.  62.  64.  66.  68.  70.  72.  74.
  76.  78.  80.  82.  84.  86.  88.  90.  92.  94.  96.  98. 100. 102.
 104. 106. 108. 110. 112. 114. 116. 118. 120. 122. 124. 126. 128. 130.
 132. 134. 136. 138. 140.]


stderr:
Traceback (most recent call last):
  File "/home/electrons/software/Electrons_Artiq_Sequences/artiq-master/repository/helper_functions/analyze_functions.py", line 126, in close_instruments
    self.signal.off(disable_output=False, kill_socket=True)
AttributeError: 'SingleParamScan' object has no attribute 'signal'
/home/electrons/software/Electrons_Artiq_Sequences/artiq-master/repository/helper_functions/analyze_functions.py:226: VisibleDeprecationWarning: Creating an ndarray from ragged nested sequences (which is a list-or-tuple of lists-or-tuples-or ndarrays with different lengths or shapes) is deprecated. If you meant to do this, you must specify 'dtype=object' when creating the ndarray.
  arr = np.array(self.get_dataset(hlp['var']))

============================================================

============================================================
timestamp: 20260223_185508
stdout:
b'Keysight Technologies,N9000B,MY60251535,A.32.01\n'
Successfully sent setpoint 768.708843 THz to laser 390!
Successfully sent setpoint 709.079620 THz to laser 422!
[MCP] Applying MCP Voltage: 400.000, 2400.000, 2600.000

****************************************************************************************************
* Starting new scan
****************************************************************************************************

Scanning parameter tickle_frequency: 20.0 (1/61)
Scanning parameter tickle_frequency: 22.0 (2/61)
Scanning parameter tickle_frequency: 24.0 (3/61)
Scanning parameter tickle_frequency: 26.0 (4/61)
Scanning parameter tickle_frequency: 28.0 (5/61)
Scanning parameter tickle_frequency: 30.0 (6/61)
Scanning parameter tickle_frequency: 32.0 (7/61)
Scanning parameter tickle_frequency: 34.0 (8/61)
Scanning parameter tickle_frequency: 36.0 (9/61)
Scanning parameter tickle_frequency: 38.0 (10/61)
Scanning parameter tickle_frequency: 40.0 (11/61)
Scanning parameter tickle_frequency: 42.0 (12/61)
Scanning parameter tickle_frequency: 44.0 (13/61)
Scanning parameter tickle_frequency: 46.0 (14/61)
Scanning parameter tickle_frequency: 48.0 (15/61)
Scanning parameter tickle_frequency: 50.0 (16/61)
Scanning parameter tickle_frequency: 52.0 (17/61)
Scanning parameter tickle_frequency: 54.0 (18/61)
Scanning parameter tickle_frequency: 56.0 (19/61)
Scanning parameter tickle_frequency: 58.0 (20/61)
Scanning parameter tickle_frequency: 60.0 (21/61)
Scanning parameter tickle_frequency: 62.0 (22/61)
Scanning parameter tickle_frequency: 64.0 (23/61)
Scanning parameter tickle_frequency: 66.0 (24/61)
Scanning parameter tickle_frequency: 68.0 (25/61)
Scanning parameter tickle_frequency: 70.0 (26/61)
Scanning parameter tickle_frequency: 72.0 (27/61)
Scanning parameter tickle_frequency: 74.0 (28/61)
Scanning parameter tickle_frequency: 76.0 (29/61)
Scanning parameter tickle_frequency: 78.0 (30/61)
Scanning parameter tickle_frequency: 80.0 (31/61)
Scanning parameter tickle_frequency: 82.0 (32/61)
Scanning parameter tickle_frequency: 84.0 (33/61)
Scanning parameter tickle_frequency: 86.0 (34/61)
Scanning parameter tickle_frequency: 88.0 (35/61)
Scanning parameter tickle_frequency: 90.0 (36/61)
Scanning parameter tickle_frequency: 92.0 (37/61)
Scanning parameter tickle_frequency: 94.0 (38/61)
Scanning parameter tickle_frequency: 96.0 (39/61)
Scanning parameter tickle_frequency: 98.0 (40/61)
Scanning parameter tickle_frequency: 100.0 (41/61)
Scanning parameter tickle_frequency: 102.0 (42/61)
Scanning parameter tickle_frequency: 104.0 (43/61)
Scanning parameter tickle_frequency: 106.0 (44/61)
Scanning parameter tickle_frequency: 108.0 (45/61)
Scanning parameter tickle_frequency: 110.0 (46/61)
Scanning parameter tickle_frequency: 112.0 (47/61)
Scanning parameter tickle_frequency: 114.0 (48/61)
Scanning parameter tickle_frequency: 116.0 (49/61)
Laser error (Laser frequency of 422 is off, please fix it manually!)
Scanning parameter tickle_frequency: 118.0 (50/61)
Scanning parameter tickle_frequency: 120.0 (51/61)
Scanning parameter tickle_frequency: 122.0 (52/61)
Scanning parameter tickle_frequency: 124.0 (53/61)
Scanning parameter tickle_frequency: 126.0 (54/61)
Scanning parameter tickle_frequency: 128.0 (55/61)
Scanning parameter tickle_frequency: 130.0 (56/61)
Scanning parameter tickle_frequency: 132.0 (57/61)
Scanning parameter tickle_frequency: 134.0 (58/61)
Scanning parameter tickle_frequency: 136.0 (59/61)
Scanning parameter tickle_frequency: 138.0 (60/61)
Scanning parameter tickle_frequency: 140.0 (61/61)
[Error] Failed to close the final signal and RST generator
Saving data...
Config file written.
Experiment /home/electrons/software/data/20260223/20260223_185508 finished.
Experiment finished.
  48.  50.  52.  54.  56.  58.  60.  62.  64.  66.  68.  70.  72.  74.
  76.  78.  80.  82.  84.  86.  88.  90.  92.  94.  96.  98. 100. 102.
 104. 106. 108. 110. 112. 114. 116. 118. 120. 122. 124. 126. 128. 130.
 132. 134. 136. 138. 140.]


stderr:
Traceback (most recent call last):
  File "/home/electrons/software/Electrons_Artiq_Sequences/artiq-master/repository/helper_functions/analyze_functions.py", line 126, in close_instruments
    self.signal.off(disable_output=False, kill_socket=True)
AttributeError: 'SingleParamScan' object has no attribute 'signal'
/home/electrons/software/Electrons_Artiq_Sequences/artiq-master/repository/helper_functions/analyze_functions.py:226: VisibleDeprecationWarning: Creating an ndarray from ragged nested sequences (which is a list-or-tuple of lists-or-tuples-or ndarrays with different lengths or shapes) is deprecated. If you meant to do this, you must specify 'dtype=object' when creating the ndarray.
  arr = np.array(self.get_dataset(hlp['var']))

============================================================

============================================================
timestamp: 20260223_190019
stdout:
b'Keysight Technologies,N9000B,MY60251535,A.32.01\n'
Successfully sent setpoint 768.708843 THz to laser 390!
Successfully sent setpoint 709.079620 THz to laser 422!
[MCP] Applying MCP Voltage: 400.000, 2400.000, 2600.000

****************************************************************************************************
* Starting new scan
****************************************************************************************************

Scanning parameter tickle_frequency: 20.0 (1/61)
Scanning parameter tickle_frequency: 22.0 (2/61)
Scanning parameter tickle_frequency: 24.0 (3/61)
Laser error (Laser frequency of 422 is off, please fix it manually!)
Scanning parameter tickle_frequency: 26.0 (4/61)
Scanning parameter tickle_frequency: 28.0 (5/61)
Scanning parameter tickle_frequency: 30.0 (6/61)
Scanning parameter tickle_frequency: 32.0 (7/61)
Scanning parameter tickle_frequency: 34.0 (8/61)
Scanning parameter tickle_frequency: 36.0 (9/61)
Scanning parameter tickle_frequency: 38.0 (10/61)
Scanning parameter tickle_frequency: 40.0 (11/61)
Scanning parameter tickle_frequency: 42.0 (12/61)
Scanning parameter tickle_frequency: 44.0 (13/61)
Scanning parameter tickle_frequency: 46.0 (14/61)
Scanning parameter tickle_frequency: 48.0 (15/61)
Scanning parameter tickle_frequency: 50.0 (16/61)
Scanning parameter tickle_frequency: 52.0 (17/61)
Scanning parameter tickle_frequency: 54.0 (18/61)
Scanning parameter tickle_frequency: 56.0 (19/61)
Scanning parameter tickle_frequency: 58.0 (20/61)
Scanning parameter tickle_frequency: 60.0 (21/61)
Scanning parameter tickle_frequency: 62.0 (22/61)
Scanning parameter tickle_frequency: 64.0 (23/61)
Scanning parameter tickle_frequency: 66.0 (24/61)
Scanning parameter tickle_frequency: 68.0 (25/61)
Scanning parameter tickle_frequency: 70.0 (26/61)
Scanning parameter tickle_frequency: 72.0 (27/61)
Scanning parameter tickle_frequency: 74.0 (28/61)
Scanning parameter tickle_frequency: 76.0 (29/61)
Scanning parameter tickle_frequency: 78.0 (30/61)
Scanning parameter tickle_frequency: 80.0 (31/61)
Scanning parameter tickle_frequency: 82.0 (32/61)
Scanning parameter tickle_frequency: 84.0 (33/61)
Scanning parameter tickle_frequency: 86.0 (34/61)
Scanning parameter tickle_frequency: 88.0 (35/61)
Scanning parameter tickle_frequency: 90.0 (36/61)
Scanning parameter tickle_frequency: 92.0 (37/61)
Scanning parameter tickle_frequency: 94.0 (38/61)
Scanning parameter tickle_frequency: 96.0 (39/61)
Scanning parameter tickle_frequency: 98.0 (40/61)
Scanning parameter tickle_frequency: 100.0 (41/61)
Scanning parameter tickle_frequency: 102.0 (42/61)
Scanning parameter tickle_frequency: 104.0 (43/61)
Scanning parameter tickle_frequency: 106.0 (44/61)
Scanning parameter tickle_frequency: 108.0 (45/61)
Scanning parameter tickle_frequency: 110.0 (46/61)
Scanning parameter tickle_frequency: 112.0 (47/61)
Scanning parameter tickle_frequency: 114.0 (48/61)
Scanning parameter tickle_frequency: 116.0 (49/61)
Scanning parameter tickle_frequency: 118.0 (50/61)
Scanning parameter tickle_frequency: 120.0 (51/61)
Laser error (Laser frequency of 422 is off, please fix it manually!)
Scanning parameter tickle_frequency: 122.0 (52/61)
Scanning parameter tickle_frequency: 124.0 (53/61)
Scanning parameter tickle_frequency: 126.0 (54/61)
Scanning parameter tickle_frequency: 128.0 (55/61)
Scanning parameter tickle_frequency: 130.0 (56/61)
Scanning parameter tickle_frequency: 132.0 (57/61)
Scanning parameter tickle_frequency: 134.0 (58/61)
Scanning parameter tickle_frequency: 136.0 (59/61)
Scanning parameter tickle_frequency: 138.0 (60/61)
Scanning parameter tickle_frequency: 140.0 (61/61)
[Error] Failed to close the final signal and RST generator
Saving data...
Config file written.
Experiment /home/electrons/software/data/20260223/20260223_190019 finished.
Experiment finished.
  48.  50.  52.  54.  56.  58.  60.  62.  64.  66.  68.  70.  72.  74.
  76.  78.  80.  82.  84.  86.  88.  90.  92.  94.  96.  98. 100. 102.
 104. 106. 108. 110. 112. 114. 116. 118. 120. 122. 124. 126. 128. 130.
 132. 134. 136. 138. 140.]


stderr:
Traceback (most recent call last):
  File "/home/electrons/software/Electrons_Artiq_Sequences/artiq-master/repository/helper_functions/analyze_functions.py", line 126, in close_instruments
    self.signal.off(disable_output=False, kill_socket=True)
AttributeError: 'SingleParamScan' object has no attribute 'signal'
/home/electrons/software/Electrons_Artiq_Sequences/artiq-master/repository/helper_functions/analyze_functions.py:226: VisibleDeprecationWarning: Creating an ndarray from ragged nested sequences (which is a list-or-tuple of lists-or-tuples-or ndarrays with different lengths or shapes) is deprecated. If you meant to do this, you must specify 'dtype=object' when creating the ndarray.
  arr = np.array(self.get_dataset(hlp['var']))

============================================================

============================================================
timestamp: 
stdout:
b'Keysight Technologies,N9000B,MY60251535,A.32.01\n'
Successfully sent setpoint 768.708843 THz to laser 390!
Successfully sent setpoint 709.079620 THz to laser 422!


stderr:
[1;37m/home/electrons/software/Electrons_Artiq_Sequences/artiq-master/repository/helper_functions/base_sequences.py:244:12-244:20: [31merror:[37m cannot return an allocated value that does not live forever[0m
    return readings
[1;32m           ^^^^^^^^[0m
[1;37m/home/electrons/software/Electrons_Artiq_Sequences/artiq-master/repository/helper_functions/base_sequences.py:233:1: [30mnote:[37m the value of the expression is alive from this point...[0m
@kernel
[1;32m^      [0m
[1;37m/home/electrons/software/Electrons_Artiq_Sequences/artiq-master/repository/helper_functions/base_sequences.py:244:20: [30mnote:[37m ... to this point[0m
    return readings
[1;32m                   ^[0m
[1;37m/home/electrons/software/Electrons_Artiq_Sequences/artiq-master/repository/helper_functions/base_sequences.py:244:12-244:20: [30mnote:[37m this expression has type list(elt=float)[0m
    return readings
[1;32m           ^^^^^^^^[0m

============================================================

============================================================
timestamp: 20260223_191232
stdout:
b'Keysight Technologies,N9000B,MY60251535,A.32.01\n'
Successfully sent setpoint 768.708843 THz to laser 390!
Successfully sent setpoint 709.079620 THz to laser 422!
[MCP] Applying MCP Voltage: 400.000, 2400.000, 2600.000

****************************************************************************************************
* Starting new scan
****************************************************************************************************

Scanning parameter tickle_frequency: 20.0 (1/61)
Scanning parameter tickle_frequency: 22.0 (2/61)
Scanning parameter tickle_frequency: 24.0 (3/61)
Scanning parameter tickle_frequency: 26.0 (4/61)
Scanning parameter tickle_frequency: 28.0 (5/61)
Scanning parameter tickle_frequency: 30.0 (6/61)
Scanning parameter tickle_frequency: 32.0 (7/61)
Scanning parameter tickle_frequency: 34.0 (8/61)
Scanning parameter tickle_frequency: 36.0 (9/61)
Scanning parameter tickle_frequency: 38.0 (10/61)
Scanning parameter tickle_frequency: 40.0 (11/61)
Scanning parameter tickle_frequency: 42.0 (12/61)
Scanning parameter tickle_frequency: 44.0 (13/61)
Scanning parameter tickle_frequency: 46.0 (14/61)
Scanning parameter tickle_frequency: 48.0 (15/61)
Scanning parameter tickle_frequency: 50.0 (16/61)
Scanning parameter tickle_frequency: 52.0 (17/61)
Scanning parameter tickle_frequency: 54.0 (18/61)
Scanning parameter tickle_frequency: 56.0 (19/61)
Scanning parameter tickle_frequency: 58.0 (20/61)
Scanning parameter tickle_frequency: 60.0 (21/61)
Scanning parameter tickle_frequency: 62.0 (22/61)
Scanning parameter tickle_frequency: 64.0 (23/61)
Scanning parameter tickle_frequency: 66.0 (24/61)
Scanning parameter tickle_frequency: 68.0 (25/61)
Scanning parameter tickle_frequency: 70.0 (26/61)
Scanning parameter tickle_frequency: 72.0 (27/61)
Scanning parameter tickle_frequency: 74.0 (28/61)
Scanning parameter tickle_frequency: 76.0 (29/61)
Scanning parameter tickle_frequency: 78.0 (30/61)
Scanning parameter tickle_frequency: 80.0 (31/61)
Scanning parameter tickle_frequency: 82.0 (32/61)
Scanning parameter tickle_frequency: 84.0 (33/61)
Scanning parameter tickle_frequency: 86.0 (34/61)
Scanning parameter tickle_frequency: 88.0 (35/61)
Scanning parameter tickle_frequency: 90.0 (36/61)
Scanning parameter tickle_frequency: 92.0 (37/61)
Scanning parameter tickle_frequency: 94.0 (38/61)
Scanning parameter tickle_frequency: 96.0 (39/61)
Scanning parameter tickle_frequency: 98.0 (40/61)
Scanning parameter tickle_frequency: 100.0 (41/61)
Scanning parameter tickle_frequency: 102.0 (42/61)
Scanning parameter tickle_frequency: 104.0 (43/61)
Scanning parameter tickle_frequency: 106.0 (44/61)
Scanning parameter tickle_frequency: 108.0 (45/61)
Scanning parameter tickle_frequency: 110.0 (46/61)
Scanning parameter tickle_frequency: 112.0 (47/61)
Scanning parameter tickle_frequency: 114.0 (48/61)
Scanning parameter tickle_frequency: 116.0 (49/61)
Scanning parameter tickle_frequency: 118.0 (50/61)
Scanning parameter tickle_frequency: 120.0 (51/61)
Scanning parameter tickle_frequency: 122.0 (52/61)
Scanning parameter tickle_frequency: 124.0 (53/61)
Scanning parameter tickle_frequency: 126.0 (54/61)
Scanning parameter tickle_frequency: 128.0 (55/61)
Scanning parameter tickle_frequency: 130.0 (56/61)
Scanning parameter tickle_frequency: 132.0 (57/61)
Scanning parameter tickle_frequency: 134.0 (58/61)
Scanning parameter tickle_frequency: 136.0 (59/61)
Scanning parameter tickle_frequency: 138.0 (60/61)
Scanning parameter tickle_frequency: 140.0 (61/61)
[Error] Failed to close the final signal and RST generator
Saving data...
Config file written.
Experiment /home/electrons/software/data/20260223/20260223_191232 finished.
Experiment finished.
  48.  50.  52.  54.  56.  58.  60.  62.  64.  66.  68.  70.  72.  74.
  76.  78.  80.  82.  84.  86.  88.  90.  92.  94.  96.  98. 100. 102.
 104. 106. 108. 110. 112. 114. 116. 118. 120. 122. 124. 126. 128. 130.
 132. 134. 136. 138. 140.]


stderr:
Traceback (most recent call last):
  File "/home/electrons/software/Electrons_Artiq_Sequences/artiq-master/repository/helper_functions/analyze_functions.py", line 126, in close_instruments
    self.signal.off(disable_output=False, kill_socket=True)
AttributeError: 'SingleParamScan' object has no attribute 'signal'
/home/electrons/software/Electrons_Artiq_Sequences/artiq-master/repository/helper_functions/analyze_functions.py:226: VisibleDeprecationWarning: Creating an ndarray from ragged nested sequences (which is a list-or-tuple of lists-or-tuples-or ndarrays with different lengths or shapes) is deprecated. If you meant to do this, you must specify 'dtype=object' when creating the ndarray.
  arr = np.array(self.get_dataset(hlp['var']))

============================================================

============================================================
timestamp: 20260223_191743
stdout:
b'Keysight Technologies,N9000B,MY60251535,A.32.01\n'
Successfully sent setpoint 768.708843 THz to laser 390!
Successfully sent setpoint 709.079620 THz to laser 422!
[MCP] Applying MCP Voltage: 400.000, 2400.000, 2600.000

****************************************************************************************************
* Starting new scan
****************************************************************************************************

Scanning parameter tickle_frequency: 20.0 (1/61)
Scanning parameter tickle_frequency: 22.0 (2/61)
Scanning parameter tickle_frequency: 24.0 (3/61)
Scanning parameter tickle_frequency: 26.0 (4/61)
Scanning parameter tickle_frequency: 28.0 (5/61)
Scanning parameter tickle_frequency: 30.0 (6/61)
Scanning parameter tickle_frequency: 32.0 (7/61)
Scanning parameter tickle_frequency: 34.0 (8/61)
Scanning parameter tickle_frequency: 36.0 (9/61)
Scanning parameter tickle_frequency: 38.0 (10/61)
Scanning parameter tickle_frequency: 40.0 (11/61)
Scanning parameter tickle_frequency: 42.0 (12/61)
Scanning parameter tickle_frequency: 44.0 (13/61)
Scanning parameter tickle_frequency: 46.0 (14/61)
Scanning parameter tickle_frequency: 48.0 (15/61)
Scanning parameter tickle_frequency: 50.0 (16/61)
Scanning parameter tickle_frequency: 52.0 (17/61)
Scanning parameter tickle_frequency: 54.0 (18/61)
Scanning parameter tickle_frequency: 56.0 (19/61)
Scanning parameter tickle_frequency: 58.0 (20/61)
Scanning parameter tickle_frequency: 60.0 (21/61)
Scanning parameter tickle_frequency: 62.0 (22/61)
Scanning parameter tickle_frequency: 64.0 (23/61)
Scanning parameter tickle_frequency: 66.0 (24/61)
Scanning parameter tickle_frequency: 68.0 (25/61)
Scanning parameter tickle_frequency: 70.0 (26/61)
Scanning parameter tickle_frequency: 72.0 (27/61)
Scanning parameter tickle_frequency: 74.0 (28/61)
Scanning parameter tickle_frequency: 76.0 (29/61)
Scanning parameter tickle_frequency: 78.0 (30/61)
Scanning parameter tickle_frequency: 80.0 (31/61)
Scanning parameter tickle_frequency: 82.0 (32/61)
Scanning parameter tickle_frequency: 84.0 (33/61)
Scanning parameter tickle_frequency: 86.0 (34/61)
Scanning parameter tickle_frequency: 88.0 (35/61)
Scanning parameter tickle_frequency: 90.0 (36/61)
Scanning parameter tickle_frequency: 92.0 (37/61)
Scanning parameter tickle_frequency: 94.0 (38/61)
Scanning parameter tickle_frequency: 96.0 (39/61)
Scanning parameter tickle_frequency: 98.0 (40/61)
Scanning parameter tickle_frequency: 100.0 (41/61)
Scanning parameter tickle_frequency: 102.0 (42/61)
Laser error (Laser frequency of 422 is off, please fix it manually!)
Scanning parameter tickle_frequency: 104.0 (43/61)
Scanning parameter tickle_frequency: 106.0 (44/61)
Scanning parameter tickle_frequency: 108.0 (45/61)
Scanning parameter tickle_frequency: 110.0 (46/61)
Scanning parameter tickle_frequency: 112.0 (47/61)
Scanning parameter tickle_frequency: 114.0 (48/61)
Scanning parameter tickle_frequency: 116.0 (49/61)
Scanning parameter tickle_frequency: 118.0 (50/61)
Scanning parameter tickle_frequency: 120.0 (51/61)
Scanning parameter tickle_frequency: 122.0 (52/61)
Scanning parameter tickle_frequency: 124.0 (53/61)
Scanning parameter tickle_frequency: 126.0 (54/61)
Scanning parameter tickle_frequency: 128.0 (55/61)
Scanning parameter tickle_frequency: 130.0 (56/61)
Scanning parameter tickle_frequency: 132.0 (57/61)
Scanning parameter tickle_frequency: 134.0 (58/61)
Scanning parameter tickle_frequency: 136.0 (59/61)
Scanning parameter tickle_frequency: 138.0 (60/61)
Scanning parameter tickle_frequency: 140.0 (61/61)
[Error] Failed to close the final signal and RST generator
Saving data...
Config file written.
Experiment /home/electrons/software/data/20260223/20260223_191743 finished.
Experiment finished.
  48.  50.  52.  54.  56.  58.  60.  62.  64.  66.  68.  70.  72.  74.
  76.  78.  80.  82.  84.  86.  88.  90.  92.  94.  96.  98. 100. 102.
 104. 106. 108. 110. 112. 114. 116. 118. 120. 122. 124. 126. 128. 130.
 132. 134. 136. 138. 140.]


stderr:
Traceback (most recent call last):
  File "/home/electrons/software/Electrons_Artiq_Sequences/artiq-master/repository/helper_functions/analyze_functions.py", line 126, in close_instruments
    self.signal.off(disable_output=False, kill_socket=True)
AttributeError: 'SingleParamScan' object has no attribute 'signal'
/home/electrons/software/Electrons_Artiq_Sequences/artiq-master/repository/helper_functions/analyze_functions.py:226: VisibleDeprecationWarning: Creating an ndarray from ragged nested sequences (which is a list-or-tuple of lists-or-tuples-or ndarrays with different lengths or shapes) is deprecated. If you meant to do this, you must specify 'dtype=object' when creating the ndarray.
  arr = np.array(self.get_dataset(hlp['var']))

============================================================

============================================================
timestamp: 20260223_192254
stdout:
b'Keysight Technologies,N9000B,MY60251535,A.32.01\n'
Successfully sent setpoint 768.708843 THz to laser 390!
Successfully sent setpoint 709.079620 THz to laser 422!
[MCP] Applying MCP Voltage: 400.000, 2400.000, 2600.000

****************************************************************************************************
* Starting new scan
****************************************************************************************************

Scanning parameter tickle_frequency: 20.0 (1/61)
Scanning parameter tickle_frequency: 22.0 (2/61)
Scanning parameter tickle_frequency: 24.0 (3/61)
Scanning parameter tickle_frequency: 26.0 (4/61)
Scanning parameter tickle_frequency: 28.0 (5/61)
Scanning parameter tickle_frequency: 30.0 (6/61)
Scanning parameter tickle_frequency: 32.0 (7/61)
Scanning parameter tickle_frequency: 34.0 (8/61)
Scanning parameter tickle_frequency: 36.0 (9/61)
Scanning parameter tickle_frequency: 38.0 (10/61)
Scanning parameter tickle_frequency: 40.0 (11/61)
Scanning parameter tickle_frequency: 42.0 (12/61)
Scanning parameter tickle_frequency: 44.0 (13/61)
Scanning parameter tickle_frequency: 46.0 (14/61)
Scanning parameter tickle_frequency: 48.0 (15/61)
Scanning parameter tickle_frequency: 50.0 (16/61)
Laser error (Laser frequency of 422 is off, please fix it manually!)
Scanning parameter tickle_frequency: 52.0 (17/61)
Scanning parameter tickle_frequency: 54.0 (18/61)
Scanning parameter tickle_frequency: 56.0 (19/61)
Scanning parameter tickle_frequency: 58.0 (20/61)
Scanning parameter tickle_frequency: 60.0 (21/61)
Scanning parameter tickle_frequency: 62.0 (22/61)
Scanning parameter tickle_frequency: 64.0 (23/61)
Scanning parameter tickle_frequency: 66.0 (24/61)
Scanning parameter tickle_frequency: 68.0 (25/61)
Scanning parameter tickle_frequency: 70.0 (26/61)
Scanning parameter tickle_frequency: 72.0 (27/61)
Scanning parameter tickle_frequency: 74.0 (28/61)
Scanning parameter tickle_frequency: 76.0 (29/61)
Scanning parameter tickle_frequency: 78.0 (30/61)
Scanning parameter tickle_frequency: 80.0 (31/61)
Scanning parameter tickle_frequency: 82.0 (32/61)
Scanning parameter tickle_frequency: 84.0 (33/61)
Scanning parameter tickle_frequency: 86.0 (34/61)
Scanning parameter tickle_frequency: 88.0 (35/61)
Scanning parameter tickle_frequency: 90.0 (36/61)
Scanning parameter tickle_frequency: 92.0 (37/61)
Scanning parameter tickle_frequency: 94.0 (38/61)
Scanning parameter tickle_frequency: 96.0 (39/61)
Scanning parameter tickle_frequency: 98.0 (40/61)
Scanning parameter tickle_frequency: 100.0 (41/61)
Scanning parameter tickle_frequency: 102.0 (42/61)
Scanning parameter tickle_frequency: 104.0 (43/61)
Scanning parameter tickle_frequency: 106.0 (44/61)
Scanning parameter tickle_frequency: 108.0 (45/61)
Scanning parameter tickle_frequency: 110.0 (46/61)
Scanning parameter tickle_frequency: 112.0 (47/61)
Scanning parameter tickle_frequency: 114.0 (48/61)
Scanning parameter tickle_frequency: 116.0 (49/61)
Scanning parameter tickle_frequency: 118.0 (50/61)
Scanning parameter tickle_frequency: 120.0 (51/61)
Scanning parameter tickle_frequency: 122.0 (52/61)
Scanning parameter tickle_frequency: 124.0 (53/61)
Scanning parameter tickle_frequency: 126.0 (54/61)
Scanning parameter tickle_frequency: 128.0 (55/61)
Scanning parameter tickle_frequency: 130.0 (56/61)
Scanning parameter tickle_frequency: 132.0 (57/61)
Scanning parameter tickle_frequency: 134.0 (58/61)
Scanning parameter tickle_frequency: 136.0 (59/61)
Scanning parameter tickle_frequency: 138.0 (60/61)
Scanning parameter tickle_frequency: 140.0 (61/61)
[Error] Failed to close the final signal and RST generator
Saving data...
Config file written.
Experiment /home/electrons/software/data/20260223/20260223_192254 finished.
Experiment finished.
  48.  50.  52.  54.  56.  58.  60.  62.  64.  66.  68.  70.  72.  74.
  76.  78.  80.  82.  84.  86.  88.  90.  92.  94.  96.  98. 100. 102.
 104. 106. 108. 110. 112. 114. 116. 118. 120. 122. 124. 126. 128. 130.
 132. 134. 136. 138. 140.]


stderr:
Traceback (most recent call last):
  File "/home/electrons/software/Electrons_Artiq_Sequences/artiq-master/repository/helper_functions/analyze_functions.py", line 126, in close_instruments
    self.signal.off(disable_output=False, kill_socket=True)
AttributeError: 'SingleParamScan' object has no attribute 'signal'
/home/electrons/software/Electrons_Artiq_Sequences/artiq-master/repository/helper_functions/analyze_functions.py:226: VisibleDeprecationWarning: Creating an ndarray from ragged nested sequences (which is a list-or-tuple of lists-or-tuples-or ndarrays with different lengths or shapes) is deprecated. If you meant to do this, you must specify 'dtype=object' when creating the ndarray.
  arr = np.array(self.get_dataset(hlp['var']))

============================================================

============================================================
timestamp: 20260223_192805
stdout:
b'Keysight Technologies,N9000B,MY60251535,A.32.01\n'
Successfully sent setpoint 768.708843 THz to laser 390!
Successfully sent setpoint 709.079620 THz to laser 422!
[MCP] Applying MCP Voltage: 400.000, 2400.000, 2600.000

****************************************************************************************************
* Starting new scan
****************************************************************************************************

Scanning parameter tickle_frequency: 20.0 (1/61)
Scanning parameter tickle_frequency: 22.0 (2/61)
Scanning parameter tickle_frequency: 24.0 (3/61)
Scanning parameter tickle_frequency: 26.0 (4/61)
Scanning parameter tickle_frequency: 28.0 (5/61)
Scanning parameter tickle_frequency: 30.0 (6/61)
Scanning parameter tickle_frequency: 32.0 (7/61)
Scanning parameter tickle_frequency: 34.0 (8/61)
Scanning parameter tickle_frequency: 36.0 (9/61)
Scanning parameter tickle_frequency: 38.0 (10/61)
Scanning parameter tickle_frequency: 40.0 (11/61)
Scanning parameter tickle_frequency: 42.0 (12/61)
Scanning parameter tickle_frequency: 44.0 (13/61)
Scanning parameter tickle_frequency: 46.0 (14/61)
Scanning parameter tickle_frequency: 48.0 (15/61)
Scanning parameter tickle_frequency: 50.0 (16/61)
Scanning parameter tickle_frequency: 52.0 (17/61)
Scanning parameter tickle_frequency: 54.0 (18/61)
Scanning parameter tickle_frequency: 56.0 (19/61)
Scanning parameter tickle_frequency: 58.0 (20/61)
Scanning parameter tickle_frequency: 60.0 (21/61)
Scanning parameter tickle_frequency: 62.0 (22/61)
Scanning parameter tickle_frequency: 64.0 (23/61)
Scanning parameter tickle_frequency: 66.0 (24/61)
Scanning parameter tickle_frequency: 68.0 (25/61)
Scanning parameter tickle_frequency: 70.0 (26/61)
Scanning parameter tickle_frequency: 72.0 (27/61)
Scanning parameter tickle_frequency: 74.0 (28/61)
Scanning parameter tickle_frequency: 76.0 (29/61)
Scanning parameter tickle_frequency: 78.0 (30/61)
Scanning parameter tickle_frequency: 80.0 (31/61)
Scanning parameter tickle_frequency: 82.0 (32/61)
Scanning parameter tickle_frequency: 84.0 (33/61)
Scanning parameter tickle_frequency: 86.0 (34/61)
Laser error (Laser frequency of 422 is off, please fix it manually!)
Scanning parameter tickle_frequency: 88.0 (35/61)
Scanning parameter tickle_frequency: 90.0 (36/61)
Scanning parameter tickle_frequency: 92.0 (37/61)
Scanning parameter tickle_frequency: 94.0 (38/61)
Scanning parameter tickle_frequency: 96.0 (39/61)
Scanning parameter tickle_frequency: 98.0 (40/61)
Scanning parameter tickle_frequency: 100.0 (41/61)
Scanning parameter tickle_frequency: 102.0 (42/61)
Scanning parameter tickle_frequency: 104.0 (43/61)
Scanning parameter tickle_frequency: 106.0 (44/61)
Scanning parameter tickle_frequency: 108.0 (45/61)
Scanning parameter tickle_frequency: 110.0 (46/61)
Scanning parameter tickle_frequency: 112.0 (47/61)
Laser error (Laser frequency of 422 is off, please fix it manually!)
Scanning parameter tickle_frequency: 114.0 (48/61)
Scanning parameter tickle_frequency: 116.0 (49/61)
Scanning parameter tickle_frequency: 118.0 (50/61)
Scanning parameter tickle_frequency: 120.0 (51/61)
Scanning parameter tickle_frequency: 122.0 (52/61)
Scanning parameter tickle_frequency: 124.0 (53/61)
Scanning parameter tickle_frequency: 126.0 (54/61)
Scanning parameter tickle_frequency: 128.0 (55/61)
Scanning parameter tickle_frequency: 130.0 (56/61)
Scanning parameter tickle_frequency: 132.0 (57/61)
Scanning parameter tickle_frequency: 134.0 (58/61)
Scanning parameter tickle_frequency: 136.0 (59/61)
Scanning parameter tickle_frequency: 138.0 (60/61)
Scanning parameter tickle_frequency: 140.0 (61/61)
[Error] Failed to close the final signal and RST generator
Saving data...
Config file written.
Experiment /home/electrons/software/data/20260223/20260223_192805 finished.
Experiment finished.
  48.  50.  52.  54.  56.  58.  60.  62.  64.  66.  68.  70.  72.  74.
  76.  78.  80.  82.  84.  86.  88.  90.  92.  94.  96.  98. 100. 102.
 104. 106. 108. 110. 112. 114. 116. 118. 120. 122. 124. 126. 128. 130.
 132. 134. 136. 138. 140.]


stderr:
Traceback (most recent call last):
  File "/home/electrons/software/Electrons_Artiq_Sequences/artiq-master/repository/helper_functions/analyze_functions.py", line 126, in close_instruments
    self.signal.off(disable_output=False, kill_socket=True)
AttributeError: 'SingleParamScan' object has no attribute 'signal'
/home/electrons/software/Electrons_Artiq_Sequences/artiq-master/repository/helper_functions/analyze_functions.py:226: VisibleDeprecationWarning: Creating an ndarray from ragged nested sequences (which is a list-or-tuple of lists-or-tuples-or ndarrays with different lengths or shapes) is deprecated. If you meant to do this, you must specify 'dtype=object' when creating the ndarray.
  arr = np.array(self.get_dataset(hlp['var']))

============================================================

============================================================
timestamp: 20260223_193315
stdout:
b'Keysight Technologies,N9000B,MY60251535,A.32.01\n'
Successfully sent setpoint 768.708843 THz to laser 390!
Successfully sent setpoint 709.079620 THz to laser 422!
[MCP] Applying MCP Voltage: 400.000, 2400.000, 2600.000

****************************************************************************************************
* Starting new scan
****************************************************************************************************

Scanning parameter tickle_frequency: 20.0 (1/61)
Scanning parameter tickle_frequency: 22.0 (2/61)
Scanning parameter tickle_frequency: 24.0 (3/61)
Scanning parameter tickle_frequency: 26.0 (4/61)
Scanning parameter tickle_frequency: 28.0 (5/61)
Scanning parameter tickle_frequency: 30.0 (6/61)
Scanning parameter tickle_frequency: 32.0 (7/61)
Scanning parameter tickle_frequency: 34.0 (8/61)
Scanning parameter tickle_frequency: 36.0 (9/61)
Scanning parameter tickle_frequency: 38.0 (10/61)
Scanning parameter tickle_frequency: 40.0 (11/61)
Scanning parameter tickle_frequency: 42.0 (12/61)
Scanning parameter tickle_frequency: 44.0 (13/61)
Scanning parameter tickle_frequency: 46.0 (14/61)
Scanning parameter tickle_frequency: 48.0 (15/61)
Scanning parameter tickle_frequency: 50.0 (16/61)
Scanning parameter tickle_frequency: 52.0 (17/61)
Laser error (Laser frequency of 422 is off, please fix it manually!)
Scanning parameter tickle_frequency: 54.0 (18/61)
Scanning parameter tickle_frequency: 56.0 (19/61)
Scanning parameter tickle_frequency: 58.0 (20/61)
Scanning parameter tickle_frequency: 60.0 (21/61)
Scanning parameter tickle_frequency: 62.0 (22/61)
Scanning parameter tickle_frequency: 64.0 (23/61)
Scanning parameter tickle_frequency: 66.0 (24/61)
Scanning parameter tickle_frequency: 68.0 (25/61)
Scanning parameter tickle_frequency: 70.0 (26/61)
Scanning parameter tickle_frequency: 72.0 (27/61)
Scanning parameter tickle_frequency: 74.0 (28/61)
Scanning parameter tickle_frequency: 76.0 (29/61)
Laser error (Laser frequency of 422 is off, please fix it manually!)
Scanning parameter tickle_frequency: 78.0 (30/61)
Scanning parameter tickle_frequency: 80.0 (31/61)
Scanning parameter tickle_frequency: 82.0 (32/61)
Scanning parameter tickle_frequency: 84.0 (33/61)
Scanning parameter tickle_frequency: 86.0 (34/61)
Scanning parameter tickle_frequency: 88.0 (35/61)
Scanning parameter tickle_frequency: 90.0 (36/61)
Scanning parameter tickle_frequency: 92.0 (37/61)
Scanning parameter tickle_frequency: 94.0 (38/61)
Scanning parameter tickle_frequency: 96.0 (39/61)
Scanning parameter tickle_frequency: 98.0 (40/61)
Scanning parameter tickle_frequency: 100.0 (41/61)
Scanning parameter tickle_frequency: 102.0 (42/61)
Scanning parameter tickle_frequency: 104.0 (43/61)
Scanning parameter tickle_frequency: 106.0 (44/61)
Scanning parameter tickle_frequency: 108.0 (45/61)
Scanning parameter tickle_frequency: 110.0 (46/61)
Scanning parameter tickle_frequency: 112.0 (47/61)
Scanning parameter tickle_frequency: 114.0 (48/61)
Scanning parameter tickle_frequency: 116.0 (49/61)
Scanning parameter tickle_frequency: 118.0 (50/61)
Scanning parameter tickle_frequency: 120.0 (51/61)
Scanning parameter tickle_frequency: 122.0 (52/61)
Scanning parameter tickle_frequency: 124.0 (53/61)
Scanning parameter tickle_frequency: 126.0 (54/61)
Laser error (Laser frequency of 422 is off, please fix it manually!)
Scanning parameter tickle_frequency: 128.0 (55/61)
Scanning parameter tickle_frequency: 130.0 (56/61)
Scanning parameter tickle_frequency: 132.0 (57/61)
Scanning parameter tickle_frequency: 134.0 (58/61)
Scanning parameter tickle_frequency: 136.0 (59/61)
Scanning parameter tickle_frequency: 138.0 (60/61)
Scanning parameter tickle_frequency: 140.0 (61/61)
[Error] Failed to close the final signal and RST generator
Saving data...
Config file written.
Experiment /home/electrons/software/data/20260223/20260223_193315 finished.
Experiment finished.
  48.  50.  52.  54.  56.  58.  60.  62.  64.  66.  68.  70.  72.  74.
  76.  78.  80.  82.  84.  86.  88.  90.  92.  94.  96.  98. 100. 102.
 104. 106. 108. 110. 112. 114. 116. 118. 120. 122. 124. 126. 128. 130.
 132. 134. 136. 138. 140.]


stderr:
Traceback (most recent call last):
  File "/home/electrons/software/Electrons_Artiq_Sequences/artiq-master/repository/helper_functions/analyze_functions.py", line 126, in close_instruments
    self.signal.off(disable_output=False, kill_socket=True)
AttributeError: 'SingleParamScan' object has no attribute 'signal'
/home/electrons/software/Electrons_Artiq_Sequences/artiq-master/repository/helper_functions/analyze_functions.py:226: VisibleDeprecationWarning: Creating an ndarray from ragged nested sequences (which is a list-or-tuple of lists-or-tuples-or ndarrays with different lengths or shapes) is deprecated. If you meant to do this, you must specify 'dtype=object' when creating the ndarray.
  arr = np.array(self.get_dataset(hlp['var']))

============================================================

============================================================
timestamp: 20260223_193826
stdout:
b'Keysight Technologies,N9000B,MY60251535,A.32.01\n'
Successfully sent setpoint 768.708843 THz to laser 390!
Successfully sent setpoint 709.079620 THz to laser 422!
[MCP] Applying MCP Voltage: 400.000, 2400.000, 2600.000

****************************************************************************************************
* Starting new scan
****************************************************************************************************

Scanning parameter tickle_frequency: 20.0 (1/61)
Scanning parameter tickle_frequency: 22.0 (2/61)
Scanning parameter tickle_frequency: 24.0 (3/61)
Scanning parameter tickle_frequency: 26.0 (4/61)
Scanning parameter tickle_frequency: 28.0 (5/61)
Scanning parameter tickle_frequency: 30.0 (6/61)
Scanning parameter tickle_frequency: 32.0 (7/61)
Scanning parameter tickle_frequency: 34.0 (8/61)
Scanning parameter tickle_frequency: 36.0 (9/61)
Scanning parameter tickle_frequency: 38.0 (10/61)
Scanning parameter tickle_frequency: 40.0 (11/61)
Scanning parameter tickle_frequency: 42.0 (12/61)
Scanning parameter tickle_frequency: 44.0 (13/61)
Scanning parameter tickle_frequency: 46.0 (14/61)
Scanning parameter tickle_frequency: 48.0 (15/61)
Scanning parameter tickle_frequency: 50.0 (16/61)
Scanning parameter tickle_frequency: 52.0 (17/61)
Scanning parameter tickle_frequency: 54.0 (18/61)
Laser error (Laser frequency of 422 is off, please fix it manually!)
Scanning parameter tickle_frequency: 56.0 (19/61)
Scanning parameter tickle_frequency: 58.0 (20/61)
Scanning parameter tickle_frequency: 60.0 (21/61)
Scanning parameter tickle_frequency: 62.0 (22/61)
Scanning parameter tickle_frequency: 64.0 (23/61)
Scanning parameter tickle_frequency: 66.0 (24/61)
Scanning parameter tickle_frequency: 68.0 (25/61)
Scanning parameter tickle_frequency: 70.0 (26/61)
Scanning parameter tickle_frequency: 72.0 (27/61)
Scanning parameter tickle_frequency: 74.0 (28/61)
Scanning parameter tickle_frequency: 76.0 (29/61)
Scanning parameter tickle_frequency: 78.0 (30/61)
Scanning parameter tickle_frequency: 80.0 (31/61)
Scanning parameter tickle_frequency: 82.0 (32/61)
Scanning parameter tickle_frequency: 84.0 (33/61)
Scanning parameter tickle_frequency: 86.0 (34/61)
Scanning parameter tickle_frequency: 88.0 (35/61)
Scanning parameter tickle_frequency: 90.0 (36/61)
Scanning parameter tickle_frequency: 92.0 (37/61)
Scanning parameter tickle_frequency: 94.0 (38/61)
Scanning parameter tickle_frequency: 96.0 (39/61)
Scanning parameter tickle_frequency: 98.0 (40/61)
Scanning parameter tickle_frequency: 100.0 (41/61)
Scanning parameter tickle_frequency: 102.0 (42/61)
Scanning parameter tickle_frequency: 104.0 (43/61)
Scanning parameter tickle_frequency: 106.0 (44/61)
Scanning parameter tickle_frequency: 108.0 (45/61)
Scanning parameter tickle_frequency: 110.0 (46/61)
Scanning parameter tickle_frequency: 112.0 (47/61)
Scanning parameter tickle_frequency: 114.0 (48/61)
Scanning parameter tickle_frequency: 116.0 (49/61)
Scanning parameter tickle_frequency: 118.0 (50/61)
Scanning parameter tickle_frequency: 120.0 (51/61)
Scanning parameter tickle_frequency: 122.0 (52/61)
Scanning parameter tickle_frequency: 124.0 (53/61)
Scanning parameter tickle_frequency: 126.0 (54/61)
Scanning parameter tickle_frequency: 128.0 (55/61)
Scanning parameter tickle_frequency: 130.0 (56/61)
Scanning parameter tickle_frequency: 132.0 (57/61)
Scanning parameter tickle_frequency: 134.0 (58/61)
Scanning parameter tickle_frequency: 136.0 (59/61)
Scanning parameter tickle_frequency: 138.0 (60/61)
Scanning parameter tickle_frequency: 140.0 (61/61)
[Error] Failed to close the final signal and RST generator
Saving data...
Config file written.
Experiment /home/electrons/software/data/20260223/20260223_193826 finished.
Experiment finished.
  48.  50.  52.  54.  56.  58.  60.  62.  64.  66.  68.  70.  72.  74.
  76.  78.  80.  82.  84.  86.  88.  90.  92.  94.  96.  98. 100. 102.
 104. 106. 108. 110. 112. 114. 116. 118. 120. 122. 124. 126. 128. 130.
 132. 134. 136. 138. 140.]


stderr:
Traceback (most recent call last):
  File "/home/electrons/software/Electrons_Artiq_Sequences/artiq-master/repository/helper_functions/analyze_functions.py", line 126, in close_instruments
    self.signal.off(disable_output=False, kill_socket=True)
AttributeError: 'SingleParamScan' object has no attribute 'signal'
/home/electrons/software/Electrons_Artiq_Sequences/artiq-master/repository/helper_functions/analyze_functions.py:226: VisibleDeprecationWarning: Creating an ndarray from ragged nested sequences (which is a list-or-tuple of lists-or-tuples-or ndarrays with different lengths or shapes) is deprecated. If you meant to do this, you must specify 'dtype=object' when creating the ndarray.
  arr = np.array(self.get_dataset(hlp['var']))

============================================================

============================================================
timestamp: 20260223_194338
stdout:
b'Keysight Technologies,N9000B,MY60251535,A.32.01\n'
Successfully sent setpoint 768.708843 THz to laser 390!
Successfully sent setpoint 709.079620 THz to laser 422!
[MCP] Applying MCP Voltage: 400.000, 2400.000, 2600.000

****************************************************************************************************
* Starting new scan
****************************************************************************************************

Scanning parameter tickle_frequency: 20.0 (1/61)
Scanning parameter tickle_frequency: 22.0 (2/61)
Scanning parameter tickle_frequency: 24.0 (3/61)
Scanning parameter tickle_frequency: 26.0 (4/61)
Laser error (Laser frequency of 422 is off, please fix it manually!)
Scanning parameter tickle_frequency: 28.0 (5/61)
Scanning parameter tickle_frequency: 30.0 (6/61)
Scanning parameter tickle_frequency: 32.0 (7/61)
Scanning parameter tickle_frequency: 34.0 (8/61)
Scanning parameter tickle_frequency: 36.0 (9/61)
Scanning parameter tickle_frequency: 38.0 (10/61)
Scanning parameter tickle_frequency: 40.0 (11/61)
Scanning parameter tickle_frequency: 42.0 (12/61)
Scanning parameter tickle_frequency: 44.0 (13/61)
Scanning parameter tickle_frequency: 46.0 (14/61)
Scanning parameter tickle_frequency: 48.0 (15/61)
Scanning parameter tickle_frequency: 50.0 (16/61)
Scanning parameter tickle_frequency: 52.0 (17/61)
Scanning parameter tickle_frequency: 54.0 (18/61)
Scanning parameter tickle_frequency: 56.0 (19/61)
Scanning parameter tickle_frequency: 58.0 (20/61)
Scanning parameter tickle_frequency: 60.0 (21/61)
Scanning parameter tickle_frequency: 62.0 (22/61)
Scanning parameter tickle_frequency: 64.0 (23/61)
Scanning parameter tickle_frequency: 66.0 (24/61)
Scanning parameter tickle_frequency: 68.0 (25/61)
Scanning parameter tickle_frequency: 70.0 (26/61)
Laser error (Laser frequency of 422 is off, please fix it manually!)
Scanning parameter tickle_frequency: 72.0 (27/61)
Scanning parameter tickle_frequency: 74.0 (28/61)
Scanning parameter tickle_frequency: 76.0 (29/61)
Scanning parameter tickle_frequency: 78.0 (30/61)
Scanning parameter tickle_frequency: 80.0 (31/61)
Scanning parameter tickle_frequency: 82.0 (32/61)
Scanning parameter tickle_frequency: 84.0 (33/61)
Scanning parameter tickle_frequency: 86.0 (34/61)
Scanning parameter tickle_frequency: 88.0 (35/61)
Scanning parameter tickle_frequency: 90.0 (36/61)
Scanning parameter tickle_frequency: 92.0 (37/61)
Laser error (Laser frequency of 422 is off, please fix it manually!)
Scanning parameter tickle_frequency: 94.0 (38/61)
Scanning parameter tickle_frequency: 96.0 (39/61)
Scanning parameter tickle_frequency: 98.0 (40/61)
Scanning parameter tickle_frequency: 100.0 (41/61)
Scanning parameter tickle_frequency: 102.0 (42/61)
Scanning parameter tickle_frequency: 104.0 (43/61)
Scanning parameter tickle_frequency: 106.0 (44/61)
Scanning parameter tickle_frequency: 108.0 (45/61)
Scanning parameter tickle_frequency: 110.0 (46/61)
Scanning parameter tickle_frequency: 112.0 (47/61)
Scanning parameter tickle_frequency: 114.0 (48/61)
Scanning parameter tickle_frequency: 116.0 (49/61)
Scanning parameter tickle_frequency: 118.0 (50/61)
Laser error (Laser frequency of 422 is off, please fix it manually!)
Scanning parameter tickle_frequency: 120.0 (51/61)
Scanning parameter tickle_frequency: 122.0 (52/61)
Scanning parameter tickle_frequency: 124.0 (53/61)
Scanning parameter tickle_frequency: 126.0 (54/61)
Scanning parameter tickle_frequency: 128.0 (55/61)
Scanning parameter tickle_frequency: 130.0 (56/61)
Scanning parameter tickle_frequency: 132.0 (57/61)
Scanning parameter tickle_frequency: 134.0 (58/61)
Scanning parameter tickle_frequency: 136.0 (59/61)
Scanning parameter tickle_frequency: 138.0 (60/61)
Scanning parameter tickle_frequency: 140.0 (61/61)
[Error] Failed to close the final signal and RST generator
Saving data...
Config file written.
Experiment /home/electrons/software/data/20260223/20260223_194338 finished.
Experiment finished.
  48.  50.  52.  54.  56.  58.  60.  62.  64.  66.  68.  70.  72.  74.
  76.  78.  80.  82.  84.  86.  88.  90.  92.  94.  96.  98. 100. 102.
 104. 106. 108. 110. 112. 114. 116. 118. 120. 122. 124. 126. 128. 130.
 132. 134. 136. 138. 140.]


stderr:
Traceback (most recent call last):
  File "/home/electrons/software/Electrons_Artiq_Sequences/artiq-master/repository/helper_functions/analyze_functions.py", line 126, in close_instruments
    self.signal.off(disable_output=False, kill_socket=True)
AttributeError: 'SingleParamScan' object has no attribute 'signal'
/home/electrons/software/Electrons_Artiq_Sequences/artiq-master/repository/helper_functions/analyze_functions.py:226: VisibleDeprecationWarning: Creating an ndarray from ragged nested sequences (which is a list-or-tuple of lists-or-tuples-or ndarrays with different lengths or shapes) is deprecated. If you meant to do this, you must specify 'dtype=object' when creating the ndarray.
  arr = np.array(self.get_dataset(hlp['var']))

============================================================

============================================================
timestamp: 20260223_194849
stdout:
b'Keysight Technologies,N9000B,MY60251535,A.32.01\n'
Successfully sent setpoint 768.708843 THz to laser 390!
Successfully sent setpoint 709.079620 THz to laser 422!
[MCP] Applying MCP Voltage: 400.000, 2400.000, 2600.000

****************************************************************************************************
* Starting new scan
****************************************************************************************************

Scanning parameter tickle_frequency: 20.0 (1/61)
Scanning parameter tickle_frequency: 22.0 (2/61)
Scanning parameter tickle_frequency: 24.0 (3/61)
Scanning parameter tickle_frequency: 26.0 (4/61)
Scanning parameter tickle_frequency: 28.0 (5/61)
Scanning parameter tickle_frequency: 30.0 (6/61)
Scanning parameter tickle_frequency: 32.0 (7/61)
Scanning parameter tickle_frequency: 34.0 (8/61)
Scanning parameter tickle_frequency: 36.0 (9/61)
Scanning parameter tickle_frequency: 38.0 (10/61)
Scanning parameter tickle_frequency: 40.0 (11/61)
Scanning parameter tickle_frequency: 42.0 (12/61)
Scanning parameter tickle_frequency: 44.0 (13/61)
Scanning parameter tickle_frequency: 46.0 (14/61)
Scanning parameter tickle_frequency: 48.0 (15/61)
Scanning parameter tickle_frequency: 50.0 (16/61)
Scanning parameter tickle_frequency: 52.0 (17/61)
Scanning parameter tickle_frequency: 54.0 (18/61)
Scanning parameter tickle_frequency: 56.0 (19/61)
Scanning parameter tickle_frequency: 58.0 (20/61)
Scanning parameter tickle_frequency: 60.0 (21/61)
Scanning parameter tickle_frequency: 62.0 (22/61)
Scanning parameter tickle_frequency: 64.0 (23/61)
Scanning parameter tickle_frequency: 66.0 (24/61)
Scanning parameter tickle_frequency: 68.0 (25/61)
Scanning parameter tickle_frequency: 70.0 (26/61)
Scanning parameter tickle_frequency: 72.0 (27/61)
Scanning parameter tickle_frequency: 74.0 (28/61)
Scanning parameter tickle_frequency: 76.0 (29/61)
Scanning parameter tickle_frequency: 78.0 (30/61)
Scanning parameter tickle_frequency: 80.0 (31/61)
Scanning parameter tickle_frequency: 82.0 (32/61)
Scanning parameter tickle_frequency: 84.0 (33/61)
Scanning parameter tickle_frequency: 86.0 (34/61)
Scanning parameter tickle_frequency: 88.0 (35/61)
Scanning parameter tickle_frequency: 90.0 (36/61)
Scanning parameter tickle_frequency: 92.0 (37/61)
Scanning parameter tickle_frequency: 94.0 (38/61)
Scanning parameter tickle_frequency: 96.0 (39/61)
Scanning parameter tickle_frequency: 98.0 (40/61)
Scanning parameter tickle_frequency: 100.0 (41/61)
Scanning parameter tickle_frequency: 102.0 (42/61)
Scanning parameter tickle_frequency: 104.0 (43/61)
Scanning parameter tickle_frequency: 106.0 (44/61)
Scanning parameter tickle_frequency: 108.0 (45/61)
Scanning parameter tickle_frequency: 110.0 (46/61)
Scanning parameter tickle_frequency: 112.0 (47/61)
Scanning parameter tickle_frequency: 114.0 (48/61)
Scanning parameter tickle_frequency: 116.0 (49/61)
Scanning parameter tickle_frequency: 118.0 (50/61)
Laser error (Laser frequency of 422 is off, please fix it manually!)
Scanning parameter tickle_frequency: 120.0 (51/61)
Scanning parameter tickle_frequency: 122.0 (52/61)
Scanning parameter tickle_frequency: 124.0 (53/61)
Scanning parameter tickle_frequency: 126.0 (54/61)
Scanning parameter tickle_frequency: 128.0 (55/61)
Scanning parameter tickle_frequency: 130.0 (56/61)
Scanning parameter tickle_frequency: 132.0 (57/61)
Scanning parameter tickle_frequency: 134.0 (58/61)
Scanning parameter tickle_frequency: 136.0 (59/61)
Scanning parameter tickle_frequency: 138.0 (60/61)
Scanning parameter tickle_frequency: 140.0 (61/61)
[Error] Failed to close the final signal and RST generator
Saving data...
Config file written.
Experiment /home/electrons/software/data/20260223/20260223_194849 finished.
Experiment finished.
  48.  50.  52.  54.  56.  58.  60.  62.  64.  66.  68.  70.  72.  74.
  76.  78.  80.  82.  84.  86.  88.  90.  92.  94.  96.  98. 100. 102.
 104. 106. 108. 110. 112. 114. 116. 118. 120. 122. 124. 126. 128. 130.
 132. 134. 136. 138. 140.]


stderr:
Traceback (most recent call last):
  File "/home/electrons/software/Electrons_Artiq_Sequences/artiq-master/repository/helper_functions/analyze_functions.py", line 126, in close_instruments
    self.signal.off(disable_output=False, kill_socket=True)
AttributeError: 'SingleParamScan' object has no attribute 'signal'
/home/electrons/software/Electrons_Artiq_Sequences/artiq-master/repository/helper_functions/analyze_functions.py:226: VisibleDeprecationWarning: Creating an ndarray from ragged nested sequences (which is a list-or-tuple of lists-or-tuples-or ndarrays with different lengths or shapes) is deprecated. If you meant to do this, you must specify 'dtype=object' when creating the ndarray.
  arr = np.array(self.get_dataset(hlp['var']))

============================================================

============================================================
timestamp: 20260223_195401
stdout:
b'Keysight Technologies,N9000B,MY60251535,A.32.01\n'
Successfully sent setpoint 768.708843 THz to laser 390!
Successfully sent setpoint 709.079620 THz to laser 422!
[MCP] Applying MCP Voltage: 400.000, 2400.000, 2600.000

****************************************************************************************************
* Starting new scan
****************************************************************************************************

Scanning parameter tickle_frequency: 20.0 (1/61)
Scanning parameter tickle_frequency: 22.0 (2/61)
Scanning parameter tickle_frequency: 24.0 (3/61)
Scanning parameter tickle_frequency: 26.0 (4/61)
Scanning parameter tickle_frequency: 28.0 (5/61)
Scanning parameter tickle_frequency: 30.0 (6/61)
Scanning parameter tickle_frequency: 32.0 (7/61)
Scanning parameter tickle_frequency: 34.0 (8/61)
Scanning parameter tickle_frequency: 36.0 (9/61)
Scanning parameter tickle_frequency: 38.0 (10/61)
Laser error (Laser frequency of 422 is off, please fix it manually!)
Scanning parameter tickle_frequency: 40.0 (11/61)
Laser error (Laser frequency of 422 is off, please fix it manually!)
Scanning parameter tickle_frequency: 42.0 (12/61)
Scanning parameter tickle_frequency: 44.0 (13/61)
Scanning parameter tickle_frequency: 46.0 (14/61)
Scanning parameter tickle_frequency: 48.0 (15/61)
Scanning parameter tickle_frequency: 50.0 (16/61)
Laser error (Laser frequency of 422 is off, please fix it manually!)
Scanning parameter tickle_frequency: 52.0 (17/61)
Laser error (Laser frequency of 422 is off, please fix it manually!)
Scanning parameter tickle_frequency: 54.0 (18/61)
Scanning parameter tickle_frequency: 56.0 (19/61)
Scanning parameter tickle_frequency: 58.0 (20/61)
Scanning parameter tickle_frequency: 60.0 (21/61)
Scanning parameter tickle_frequency: 62.0 (22/61)
Scanning parameter tickle_frequency: 64.0 (23/61)
Scanning parameter tickle_frequency: 66.0 (24/61)
Scanning parameter tickle_frequency: 68.0 (25/61)
Scanning parameter tickle_frequency: 70.0 (26/61)
Scanning parameter tickle_frequency: 72.0 (27/61)
Scanning parameter tickle_frequency: 74.0 (28/61)
Scanning parameter tickle_frequency: 76.0 (29/61)
Scanning parameter tickle_frequency: 78.0 (30/61)
Scanning parameter tickle_frequency: 80.0 (31/61)
Scanning parameter tickle_frequency: 82.0 (32/61)
Scanning parameter tickle_frequency: 84.0 (33/61)
Scanning parameter tickle_frequency: 86.0 (34/61)
Scanning parameter tickle_frequency: 88.0 (35/61)
Scanning parameter tickle_frequency: 90.0 (36/61)
Scanning parameter tickle_frequency: 92.0 (37/61)
Scanning parameter tickle_frequency: 94.0 (38/61)
Scanning parameter tickle_frequency: 96.0 (39/61)
Scanning parameter tickle_frequency: 98.0 (40/61)
Scanning parameter tickle_frequency: 100.0 (41/61)
Scanning parameter tickle_frequency: 102.0 (42/61)
Scanning parameter tickle_frequency: 104.0 (43/61)
Scanning parameter tickle_frequency: 106.0 (44/61)
Scanning parameter tickle_frequency: 108.0 (45/61)
Scanning parameter tickle_frequency: 110.0 (46/61)
Scanning parameter tickle_frequency: 112.0 (47/61)
Scanning parameter tickle_frequency: 114.0 (48/61)
Scanning parameter tickle_frequency: 116.0 (49/61)
Scanning parameter tickle_frequency: 118.0 (50/61)
Scanning parameter tickle_frequency: 120.0 (51/61)
Scanning parameter tickle_frequency: 122.0 (52/61)
Scanning parameter tickle_frequency: 124.0 (53/61)
Scanning parameter tickle_frequency: 126.0 (54/61)
Scanning parameter tickle_frequency: 128.0 (55/61)
Scanning parameter tickle_frequency: 130.0 (56/61)
Scanning parameter tickle_frequency: 132.0 (57/61)
Scanning parameter tickle_frequency: 134.0 (58/61)
Laser error (Laser frequency of 422 is off, please fix it manually!)
Scanning parameter tickle_frequency: 136.0 (59/61)
Scanning parameter tickle_frequency: 138.0 (60/61)
Scanning parameter tickle_frequency: 140.0 (61/61)
[Error] Failed to close the final signal and RST generator
Saving data...
Config file written.
Experiment /home/electrons/software/data/20260223/20260223_195401 finished.
Experiment finished.
  48.  50.  52.  54.  56.  58.  60.  62.  64.  66.  68.  70.  72.  74.
  76.  78.  80.  82.  84.  86.  88.  90.  92.  94.  96.  98. 100. 102.
 104. 106. 108. 110. 112. 114. 116. 118. 120. 122. 124. 126. 128. 130.
 132. 134. 136. 138. 140.]


stderr:
Traceback (most recent call last):
  File "/home/electrons/software/Electrons_Artiq_Sequences/artiq-master/repository/helper_functions/analyze_functions.py", line 126, in close_instruments
    self.signal.off(disable_output=False, kill_socket=True)
AttributeError: 'SingleParamScan' object has no attribute 'signal'
/home/electrons/software/Electrons_Artiq_Sequences/artiq-master/repository/helper_functions/analyze_functions.py:226: VisibleDeprecationWarning: Creating an ndarray from ragged nested sequences (which is a list-or-tuple of lists-or-tuples-or ndarrays with different lengths or shapes) is deprecated. If you meant to do this, you must specify 'dtype=object' when creating the ndarray.
  arr = np.array(self.get_dataset(hlp['var']))

============================================================
